#! /home1/c/cis5710/tools/bin/vvp
:ivl_version "11.0 (stable)" "(v11_0)";
:ivl_delay_selection "TYPICAL";
:vpi_time_precision - 12;
:vpi_module "/home1/c/cis5710/tools/lib/ivl/system.vpi";
:vpi_module "/home1/c/cis5710/tools/lib/ivl/vhdl_sys.vpi";
:vpi_module "/home1/c/cis5710/tools/lib/ivl/vhdl_textio.vpi";
:vpi_module "/home1/c/cis5710/tools/lib/ivl/v2005_math.vpi";
:vpi_module "/home1/c/cis5710/tools/lib/ivl/va_math.vpi";
S_0x16c10e0 .scope module, "test_alu" "test_alu" 2 14;
 .timescale -9 -12;
o0x7fd2f49c00d8 .functor BUFZ 16, C4<zzzzzzzzzzzzzzzz>; HiZ drive
v0x17b1db0_0 .net "actualALUResult", 15 0, o0x7fd2f49c00d8;  0 drivers
v0x17b1e90_0 .net "actualCout", 2 0, L_0x17b3f50;  1 drivers
v0x17b1f60_0 .net "actualGout", 0 0, L_0x17b6a30;  1 drivers
v0x17b2060_0 .net "actualPout", 0 0, L_0x17b7300;  1 drivers
v0x17b2130_0 .net "actualSum", 15 0, L_0x17d8c80;  1 drivers
v0x17b2220_0 .var "ain", 15 0;
v0x17b22f0_0 .var/i "aluInFile", 31 0;
v0x17b2390_0 .var "bin", 15 0;
v0x17b2460_0 .var "cin", 0 0;
v0x17b2500_0 .var/i "claTests", 31 0;
v0x17b25a0_0 .var/i "errors", 31 0;
v0x17b2680_0 .var "expectedALUResult", 15 0;
v0x17b2760_0 .var "expectedCout", 2 0;
v0x17b2840_0 .var "expectedGout", 0 0;
v0x17b2900_0 .var "expectedPout", 0 0;
v0x17b29c0_0 .var "expectedSum", 15 0;
v0x17b2aa0_0 .var "gin", 3 0;
v0x17b2b60_0 .var/i "gpInFile", 31 0;
v0x17b2c20_0 .var "insn", 15 0;
v0x17b2d10_0 .var/i "lineno", 31 0;
v0x17b2dd0_0 .var/i "outputFile", 31 0;
v0x17b2eb0_0 .var "pc", 15 0;
v0x17b2fa0_0 .var "pin", 3 0;
v0x17b3070_0 .var "r1data", 15 0;
v0x17b3140_0 .var "r2data", 15 0;
v0x17b3210_0 .var/i "randomSeed", 31 0;
v0x17b32d0_0 .var/i "tests", 31 0;
S_0x16dbc70 .scope module, "alu" "lc4_alu" 2 42, 3 6 0, S_0x16c10e0;
 .timescale -9 -12;
    .port_info 0 /INPUT 16 "i_insn";
    .port_info 1 /INPUT 16 "i_pc";
    .port_info 2 /INPUT 16 "i_r1data";
    .port_info 3 /INPUT 16 "i_r2data";
    .port_info 4 /OUTPUT 16 "o_result";
v0x1719ba0_0 .net "i_insn", 15 0, v0x17b2c20_0;  1 drivers
v0x1762f50_0 .net "i_pc", 15 0, v0x17b2eb0_0;  1 drivers
v0x17086d0_0 .net "i_r1data", 15 0, v0x17b3070_0;  1 drivers
v0x173d720_0 .net "i_r2data", 15 0, v0x17b3140_0;  1 drivers
v0x1789840_0 .net "o_result", 15 0, o0x7fd2f49c00d8;  alias, 0 drivers
S_0x1789a10 .scope module, "cla" "cla16" 2 41, 4 47 0, S_0x16c10e0;
 .timescale -9 -12;
    .port_info 0 /INPUT 16 "a";
    .port_info 1 /INPUT 16 "b";
    .port_info 2 /INPUT 1 "cin";
    .port_info 3 /OUTPUT 16 "sum";
L_0x17d9d70 .functor BUFZ 1, v0x17b2460_0, C4<0>, C4<0>, C4<0>;
v0x17acdc0_0 .net *"_ivl_252", 0 0, L_0x17d9d70;  1 drivers
v0x17acec0_0 .net *"_ivl_255", 0 0, L_0x17dddf0;  1 drivers
v0x17acfa0_0 .net *"_ivl_257", 0 0, L_0x17dd890;  1 drivers
v0x17ad060_0 .net *"_ivl_259", 0 0, L_0x17dd980;  1 drivers
v0x17ad140_0 .net "a", 15 0, v0x17b2220_0;  1 drivers
v0x17ad220_0 .net "b", 15 0, v0x17b2390_0;  1 drivers
v0x17ad300_0 .net "cin", 0 0, v0x17b2460_0;  1 drivers
v0x17ad3c0_0 .net "cout", 15 0, L_0x17ddcb0;  1 drivers
v0x17ad4a0_0 .net "gin", 15 0, L_0x17be020;  1 drivers
v0x17ad580_0 .net "gout", 3 0, L_0x17cfff0;  1 drivers
v0x17ad640_0 .net "gtop", 0 0, L_0x17dcf70;  1 drivers
v0x17ad6e0_0 .net "pin", 15 0, L_0x17bf230;  1 drivers
v0x17ad780_0 .net "pout", 3 0, L_0x17d0180;  1 drivers
v0x17ad840_0 .net "ptop", 0 0, L_0x17dd640;  1 drivers
v0x17ad910_0 .net "sum", 15 0, L_0x17d8c80;  alias, 1 drivers
L_0x17b7550 .part v0x17b2220_0, 0, 1;
L_0x17b7640 .part v0x17b2390_0, 0, 1;
L_0x17b7840 .part v0x17b2220_0, 0, 1;
L_0x17b78e0 .part v0x17b2390_0, 0, 1;
L_0x17b7a90 .part v0x17b2220_0, 1, 1;
L_0x17b7b30 .part v0x17b2390_0, 1, 1;
L_0x17b7c80 .part v0x17b2220_0, 1, 1;
L_0x17b7d20 .part v0x17b2390_0, 1, 1;
L_0x17b7f20 .part v0x17b2220_0, 2, 1;
L_0x17b7fc0 .part v0x17b2390_0, 2, 1;
L_0x17b8180 .part v0x17b2220_0, 2, 1;
L_0x17b8220 .part v0x17b2390_0, 2, 1;
L_0x17b8440 .part v0x17b2220_0, 3, 1;
L_0x17b84e0 .part v0x17b2390_0, 3, 1;
L_0x17b87b0 .part v0x17b2220_0, 3, 1;
L_0x17b8850 .part v0x17b2390_0, 3, 1;
L_0x17b8a90 .part v0x17b2220_0, 4, 1;
L_0x17b8b30 .part v0x17b2390_0, 4, 1;
L_0x17b8db0 .part v0x17b2220_0, 4, 1;
L_0x17b8e50 .part v0x17b2390_0, 4, 1;
L_0x17b8bd0 .part v0x17b2220_0, 5, 1;
L_0x17b90e0 .part v0x17b2390_0, 5, 1;
L_0x17b9380 .part v0x17b2220_0, 5, 1;
L_0x17b9420 .part v0x17b2390_0, 5, 1;
L_0x17b96d0 .part v0x17b2220_0, 6, 1;
L_0x17b9770 .part v0x17b2390_0, 6, 1;
L_0x17b9a30 .part v0x17b2220_0, 6, 1;
L_0x17b9ad0 .part v0x17b2390_0, 6, 1;
L_0x17b9da0 .part v0x17b2220_0, 7, 1;
L_0x17ba050 .part v0x17b2390_0, 7, 1;
L_0x17ba540 .part v0x17b2220_0, 7, 1;
L_0x17ba5e0 .part v0x17b2390_0, 7, 1;
L_0x17ba8d0 .part v0x17b2220_0, 8, 1;
L_0x17ba970 .part v0x17b2390_0, 8, 1;
L_0x17bac70 .part v0x17b2220_0, 8, 1;
L_0x17bad10 .part v0x17b2390_0, 8, 1;
L_0x17baf30 .part v0x17b2220_0, 9, 1;
L_0x17bafd0 .part v0x17b2390_0, 9, 1;
L_0x17bb2c0 .part v0x17b2220_0, 9, 1;
L_0x17bb360 .part v0x17b2390_0, 9, 1;
L_0x17bb690 .part v0x17b2220_0, 10, 1;
L_0x17bb730 .part v0x17b2390_0, 10, 1;
L_0x17bba70 .part v0x17b2220_0, 10, 1;
L_0x17bbb10 .part v0x17b2390_0, 10, 1;
L_0x17bbe60 .part v0x17b2220_0, 11, 1;
L_0x17bbf00 .part v0x17b2390_0, 11, 1;
L_0x17bc260 .part v0x17b2220_0, 11, 1;
L_0x17bc300 .part v0x17b2390_0, 11, 1;
L_0x17bc670 .part v0x17b2220_0, 12, 1;
L_0x17bc710 .part v0x17b2390_0, 12, 1;
L_0x17bca90 .part v0x17b2220_0, 12, 1;
L_0x17bcb30 .part v0x17b2390_0, 12, 1;
L_0x17bcec0 .part v0x17b2220_0, 13, 1;
L_0x17bcf60 .part v0x17b2390_0, 13, 1;
L_0x17bd300 .part v0x17b2220_0, 13, 1;
L_0x17bd3a0 .part v0x17b2390_0, 13, 1;
L_0x17bd750 .part v0x17b2220_0, 14, 1;
L_0x17bd7f0 .part v0x17b2390_0, 14, 1;
L_0x17bdbb0 .part v0x17b2220_0, 14, 1;
L_0x17bdc50 .part v0x17b2390_0, 14, 1;
LS_0x17be020_0_0 .concat8 [ 1 1 1 1], L_0x17b7730, L_0x17b7c10, L_0x17b80c0, L_0x17b82c0;
LS_0x17be020_0_4 .concat8 [ 1 1 1 1], L_0x17b8c70, L_0x17b9240, L_0x17b98f0, L_0x17ba400;
LS_0x17be020_0_8 .concat8 [ 1 1 1 1], L_0x17bab30, L_0x17bb1b0, L_0x17bb930, L_0x17bc120;
LS_0x17be020_0_12 .concat8 [ 1 1 1 1], L_0x17bc950, L_0x17bd1c0, L_0x17bda70, L_0x17bf0d0;
L_0x17be020 .concat8 [ 4 4 4 4], LS_0x17be020_0_0, LS_0x17be020_0_4, LS_0x17be020_0_8, LS_0x17be020_0_12;
L_0x17be570 .part v0x17b2220_0, 15, 1;
L_0x17bec20 .part v0x17b2390_0, 15, 1;
LS_0x17bf230_0_0 .concat8 [ 1 1 1 1], L_0x17b7980, L_0x17b7e10, L_0x17b8330, L_0x17b8980;
LS_0x17bf230_0_4 .concat8 [ 1 1 1 1], L_0x17b8fa0, L_0x17b9590, L_0x17b9c60, L_0x17ba790;
LS_0x17bf230_0_8 .concat8 [ 1 1 1 1], L_0x17baa10, L_0x17bb550, L_0x17bbd20, L_0x17bc530;
LS_0x17bf230_0_12 .concat8 [ 1 1 1 1], L_0x17bcd80, L_0x17bd610, L_0x17bdee0, L_0x17bfcf0;
L_0x17bf230 .concat8 [ 4 4 4 4], LS_0x17bf230_0_0, LS_0x17bf230_0_4, LS_0x17bf230_0_8, LS_0x17bf230_0_12;
L_0x17bf990 .part v0x17b2220_0, 15, 1;
L_0x17bfa30 .part v0x17b2390_0, 15, 1;
L_0x17c3c40 .part L_0x17be020, 0, 4;
L_0x17c3d30 .part L_0x17bf230, 0, 4;
L_0x17c4050 .part L_0x17ddcb0, 0, 1;
L_0x17c7d50 .part L_0x17be020, 4, 4;
L_0x17c8030 .part L_0x17bf230, 4, 4;
L_0x17c80d0 .part L_0x17ddcb0, 4, 1;
L_0x17cb750 .part L_0x17be020, 8, 4;
L_0x17cbce0 .part L_0x17bf230, 8, 4;
L_0x17cbfe0 .part L_0x17ddcb0, 8, 1;
L_0x17cf430 .part L_0x17be020, 12, 4;
L_0x17cfc30 .part L_0x17bf230, 12, 4;
L_0x17cfcd0 .part L_0x17ddcb0, 12, 1;
L_0x17cfff0 .concat8 [ 1 1 1 1], L_0x17c31c0, L_0x17c7370, L_0x17cb3a0, L_0x17cf080;
L_0x17d0180 .concat8 [ 1 1 1 1], L_0x17c3a40, L_0x17c7b50, L_0x17cbae0, L_0x17cf7c0;
L_0x17d0640 .part v0x17b2220_0, 0, 1;
L_0x17d06e0 .part v0x17b2390_0, 0, 1;
L_0x17d0b30 .part L_0x17ddcb0, 0, 1;
L_0x17d0ce0 .part v0x17b2220_0, 1, 1;
L_0x17d1030 .part v0x17b2390_0, 1, 1;
L_0x17d11e0 .part L_0x17ddcb0, 1, 1;
L_0x17d1650 .part v0x17b2220_0, 2, 1;
L_0x17d16f0 .part v0x17b2390_0, 2, 1;
L_0x17d1b70 .part L_0x17ddcb0, 2, 1;
L_0x17d1d20 .part v0x17b2220_0, 3, 1;
L_0x17d20a0 .part v0x17b2390_0, 3, 1;
L_0x17d2250 .part L_0x17ddcb0, 3, 1;
L_0x17d26f0 .part v0x17b2220_0, 4, 1;
L_0x17d2790 .part v0x17b2390_0, 4, 1;
L_0x17d2c40 .part L_0x17ddcb0, 4, 1;
L_0x17d2df0 .part v0x17b2220_0, 5, 1;
L_0x17d31a0 .part v0x17b2390_0, 5, 1;
L_0x17d3350 .part L_0x17ddcb0, 5, 1;
L_0x17d3820 .part v0x17b2220_0, 6, 1;
L_0x17d38c0 .part v0x17b2390_0, 6, 1;
L_0x17d3da0 .part L_0x17ddcb0, 6, 1;
L_0x17d3f50 .part v0x17b2220_0, 7, 1;
L_0x17d4330 .part v0x17b2390_0, 7, 1;
L_0x17d44e0 .part L_0x17ddcb0, 7, 1;
L_0x17d49e0 .part v0x17b2220_0, 8, 1;
L_0x17d4a80 .part v0x17b2390_0, 8, 1;
L_0x17d4f90 .part L_0x17ddcb0, 8, 1;
L_0x17d5140 .part v0x17b2220_0, 9, 1;
L_0x17d5550 .part v0x17b2390_0, 9, 1;
L_0x17d5700 .part L_0x17ddcb0, 9, 1;
L_0x17d5c30 .part v0x17b2220_0, 10, 1;
L_0x17d5cd0 .part v0x17b2390_0, 10, 1;
L_0x17d6210 .part L_0x17ddcb0, 10, 1;
L_0x17d63c0 .part v0x17b2220_0, 11, 1;
L_0x17d6800 .part v0x17b2390_0, 11, 1;
L_0x17d69b0 .part L_0x17ddcb0, 11, 1;
L_0x17d7120 .part v0x17b2220_0, 12, 1;
L_0x17d71c0 .part v0x17b2390_0, 12, 1;
L_0x17d7730 .part L_0x17ddcb0, 12, 1;
L_0x17d78e0 .part v0x17b2220_0, 13, 1;
L_0x17d7d50 .part v0x17b2390_0, 13, 1;
L_0x17d7f00 .part L_0x17ddcb0, 13, 1;
L_0x17d8490 .part v0x17b2220_0, 14, 1;
L_0x17d8530 .part v0x17b2390_0, 14, 1;
L_0x17d8ad0 .part L_0x17ddcb0, 14, 1;
LS_0x17d8c80_0_0 .concat8 [ 1 1 1 1], L_0x17d0bd0, L_0x17d1540, L_0x17d1c10, L_0x17d25e0;
LS_0x17d8c80_0_4 .concat8 [ 1 1 1 1], L_0x17d2ce0, L_0x17d3710, L_0x17d3e40, L_0x17d48d0;
LS_0x17d8c80_0_8 .concat8 [ 1 1 1 1], L_0x17d5030, L_0x17d5b20, L_0x17d62b0, L_0x17d7010;
LS_0x17d8c80_0_12 .concat8 [ 1 1 1 1], L_0x17d77d0, L_0x17d8380, L_0x17d8b70, L_0x17d9c10;
L_0x17d8c80 .concat8 [ 4 4 4 4], LS_0x17d8c80_0_0, LS_0x17d8c80_0_4, LS_0x17d8c80_0_8, LS_0x17d8c80_0_12;
L_0x17d9620 .part v0x17b2220_0, 15, 1;
L_0x17d96c0 .part v0x17b2390_0, 15, 1;
L_0x17d9b70 .part L_0x17ddcb0, 15, 1;
L_0x17dd370 .part L_0x17ddcb0, 0, 1;
LS_0x17ddcb0_0_0 .concat8 [ 1 3 1 3], L_0x17d9d70, L_0x17c0aa0, L_0x17dd980, L_0x17c4cf0;
LS_0x17ddcb0_0_4 .concat8 [ 1 3 1 3], L_0x17dd890, L_0x17c8fd0, L_0x17dddf0, L_0x17ccb60;
L_0x17ddcb0 .concat8 [ 8 8 0 0], LS_0x17ddcb0_0_0, LS_0x17ddcb0_0_4;
L_0x17dddf0 .part L_0x17da8c0, 2, 1;
L_0x17dd890 .part L_0x17da8c0, 1, 1;
L_0x17dd980 .part L_0x17da8c0, 0, 1;
S_0x1789c10 .scope generate, "genblk1[0]" "genblk1[0]" 4 64, 4 64 0, S_0x1789a10;
 .timescale -9 -12;
P_0x1789e10 .param/l "i" 0 4 64, +C4<00>;
L_0x17b7730 .functor AND 1, L_0x17b7550, L_0x17b7640, C4<1>, C4<1>;
L_0x17b7980 .functor OR 1, L_0x17b7840, L_0x17b78e0, C4<0>, C4<0>;
v0x1789ef0_0 .net *"_ivl_0", 0 0, L_0x17b7550;  1 drivers
v0x1789fd0_0 .net *"_ivl_1", 0 0, L_0x17b7640;  1 drivers
v0x178a0b0_0 .net *"_ivl_2", 0 0, L_0x17b7730;  1 drivers
v0x178a170_0 .net *"_ivl_4", 0 0, L_0x17b7840;  1 drivers
v0x178a250_0 .net *"_ivl_5", 0 0, L_0x17b78e0;  1 drivers
v0x178a380_0 .net *"_ivl_6", 0 0, L_0x17b7980;  1 drivers
S_0x178a460 .scope generate, "genblk1[1]" "genblk1[1]" 4 64, 4 64 0, S_0x1789a10;
 .timescale -9 -12;
P_0x178a680 .param/l "i" 0 4 64, +C4<01>;
L_0x17b7c10 .functor AND 1, L_0x17b7a90, L_0x17b7b30, C4<1>, C4<1>;
L_0x17b7e10 .functor OR 1, L_0x17b7c80, L_0x17b7d20, C4<0>, C4<0>;
v0x178a740_0 .net *"_ivl_0", 0 0, L_0x17b7a90;  1 drivers
v0x178a820_0 .net *"_ivl_1", 0 0, L_0x17b7b30;  1 drivers
v0x178a900_0 .net *"_ivl_2", 0 0, L_0x17b7c10;  1 drivers
v0x178a9c0_0 .net *"_ivl_4", 0 0, L_0x17b7c80;  1 drivers
v0x178aaa0_0 .net *"_ivl_5", 0 0, L_0x17b7d20;  1 drivers
v0x178abd0_0 .net *"_ivl_6", 0 0, L_0x17b7e10;  1 drivers
S_0x178acb0 .scope generate, "genblk1[2]" "genblk1[2]" 4 64, 4 64 0, S_0x1789a10;
 .timescale -9 -12;
P_0x178aeb0 .param/l "i" 0 4 64, +C4<010>;
L_0x17b80c0 .functor AND 1, L_0x17b7f20, L_0x17b7fc0, C4<1>, C4<1>;
L_0x17b8330 .functor OR 1, L_0x17b8180, L_0x17b8220, C4<0>, C4<0>;
v0x178af70_0 .net *"_ivl_0", 0 0, L_0x17b7f20;  1 drivers
v0x178b050_0 .net *"_ivl_1", 0 0, L_0x17b7fc0;  1 drivers
v0x178b130_0 .net *"_ivl_2", 0 0, L_0x17b80c0;  1 drivers
v0x178b1f0_0 .net *"_ivl_4", 0 0, L_0x17b8180;  1 drivers
v0x178b2d0_0 .net *"_ivl_5", 0 0, L_0x17b8220;  1 drivers
v0x178b400_0 .net *"_ivl_6", 0 0, L_0x17b8330;  1 drivers
S_0x178b4e0 .scope generate, "genblk1[3]" "genblk1[3]" 4 64, 4 64 0, S_0x1789a10;
 .timescale -9 -12;
P_0x178b6e0 .param/l "i" 0 4 64, +C4<011>;
L_0x17b82c0 .functor AND 1, L_0x17b8440, L_0x17b84e0, C4<1>, C4<1>;
L_0x17b8980 .functor OR 1, L_0x17b87b0, L_0x17b8850, C4<0>, C4<0>;
v0x178b7c0_0 .net *"_ivl_0", 0 0, L_0x17b8440;  1 drivers
v0x178b8a0_0 .net *"_ivl_1", 0 0, L_0x17b84e0;  1 drivers
v0x178b980_0 .net *"_ivl_2", 0 0, L_0x17b82c0;  1 drivers
v0x178ba40_0 .net *"_ivl_4", 0 0, L_0x17b87b0;  1 drivers
v0x178bb20_0 .net *"_ivl_5", 0 0, L_0x17b8850;  1 drivers
v0x178bc50_0 .net *"_ivl_6", 0 0, L_0x17b8980;  1 drivers
S_0x178bd30 .scope generate, "genblk1[4]" "genblk1[4]" 4 64, 4 64 0, S_0x1789a10;
 .timescale -9 -12;
P_0x178bf80 .param/l "i" 0 4 64, +C4<0100>;
L_0x17b8c70 .functor AND 1, L_0x17b8a90, L_0x17b8b30, C4<1>, C4<1>;
L_0x17b8fa0 .functor OR 1, L_0x17b8db0, L_0x17b8e50, C4<0>, C4<0>;
v0x178c060_0 .net *"_ivl_0", 0 0, L_0x17b8a90;  1 drivers
v0x178c140_0 .net *"_ivl_1", 0 0, L_0x17b8b30;  1 drivers
v0x178c220_0 .net *"_ivl_2", 0 0, L_0x17b8c70;  1 drivers
v0x178c2e0_0 .net *"_ivl_4", 0 0, L_0x17b8db0;  1 drivers
v0x178c3c0_0 .net *"_ivl_5", 0 0, L_0x17b8e50;  1 drivers
v0x178c4f0_0 .net *"_ivl_6", 0 0, L_0x17b8fa0;  1 drivers
S_0x178c5d0 .scope generate, "genblk1[5]" "genblk1[5]" 4 64, 4 64 0, S_0x1789a10;
 .timescale -9 -12;
P_0x178c7d0 .param/l "i" 0 4 64, +C4<0101>;
L_0x17b9240 .functor AND 1, L_0x17b8bd0, L_0x17b90e0, C4<1>, C4<1>;
L_0x17b9590 .functor OR 1, L_0x17b9380, L_0x17b9420, C4<0>, C4<0>;
v0x178c8b0_0 .net *"_ivl_0", 0 0, L_0x17b8bd0;  1 drivers
v0x178c990_0 .net *"_ivl_1", 0 0, L_0x17b90e0;  1 drivers
v0x178ca70_0 .net *"_ivl_2", 0 0, L_0x17b9240;  1 drivers
v0x178cb30_0 .net *"_ivl_4", 0 0, L_0x17b9380;  1 drivers
v0x178cc10_0 .net *"_ivl_5", 0 0, L_0x17b9420;  1 drivers
v0x178cd40_0 .net *"_ivl_6", 0 0, L_0x17b9590;  1 drivers
S_0x178ce20 .scope generate, "genblk1[6]" "genblk1[6]" 4 64, 4 64 0, S_0x1789a10;
 .timescale -9 -12;
P_0x178d020 .param/l "i" 0 4 64, +C4<0110>;
L_0x17b98f0 .functor AND 1, L_0x17b96d0, L_0x17b9770, C4<1>, C4<1>;
L_0x17b9c60 .functor OR 1, L_0x17b9a30, L_0x17b9ad0, C4<0>, C4<0>;
v0x178d100_0 .net *"_ivl_0", 0 0, L_0x17b96d0;  1 drivers
v0x178d1e0_0 .net *"_ivl_1", 0 0, L_0x17b9770;  1 drivers
v0x178d2c0_0 .net *"_ivl_2", 0 0, L_0x17b98f0;  1 drivers
v0x178d380_0 .net *"_ivl_4", 0 0, L_0x17b9a30;  1 drivers
v0x178d460_0 .net *"_ivl_5", 0 0, L_0x17b9ad0;  1 drivers
v0x178d590_0 .net *"_ivl_6", 0 0, L_0x17b9c60;  1 drivers
S_0x178d670 .scope generate, "genblk1[7]" "genblk1[7]" 4 64, 4 64 0, S_0x1789a10;
 .timescale -9 -12;
P_0x178d870 .param/l "i" 0 4 64, +C4<0111>;
L_0x17ba400 .functor AND 1, L_0x17b9da0, L_0x17ba050, C4<1>, C4<1>;
L_0x17ba790 .functor OR 1, L_0x17ba540, L_0x17ba5e0, C4<0>, C4<0>;
v0x178d950_0 .net *"_ivl_0", 0 0, L_0x17b9da0;  1 drivers
v0x178da30_0 .net *"_ivl_1", 0 0, L_0x17ba050;  1 drivers
v0x178db10_0 .net *"_ivl_2", 0 0, L_0x17ba400;  1 drivers
v0x178dbd0_0 .net *"_ivl_4", 0 0, L_0x17ba540;  1 drivers
v0x178dcb0_0 .net *"_ivl_5", 0 0, L_0x17ba5e0;  1 drivers
v0x178dde0_0 .net *"_ivl_6", 0 0, L_0x17ba790;  1 drivers
S_0x178dec0 .scope generate, "genblk1[8]" "genblk1[8]" 4 64, 4 64 0, S_0x1789a10;
 .timescale -9 -12;
P_0x178bf30 .param/l "i" 0 4 64, +C4<01000>;
L_0x17bab30 .functor AND 1, L_0x17ba8d0, L_0x17ba970, C4<1>, C4<1>;
L_0x17baa10 .functor OR 1, L_0x17bac70, L_0x17bad10, C4<0>, C4<0>;
v0x178e150_0 .net *"_ivl_0", 0 0, L_0x17ba8d0;  1 drivers
v0x178e230_0 .net *"_ivl_1", 0 0, L_0x17ba970;  1 drivers
v0x178e310_0 .net *"_ivl_2", 0 0, L_0x17bab30;  1 drivers
v0x178e3d0_0 .net *"_ivl_4", 0 0, L_0x17bac70;  1 drivers
v0x178e4b0_0 .net *"_ivl_5", 0 0, L_0x17bad10;  1 drivers
v0x178e5e0_0 .net *"_ivl_6", 0 0, L_0x17baa10;  1 drivers
S_0x178e6c0 .scope generate, "genblk1[9]" "genblk1[9]" 4 64, 4 64 0, S_0x1789a10;
 .timescale -9 -12;
P_0x178e8c0 .param/l "i" 0 4 64, +C4<01001>;
L_0x17bb1b0 .functor AND 1, L_0x17baf30, L_0x17bafd0, C4<1>, C4<1>;
L_0x17bb550 .functor OR 1, L_0x17bb2c0, L_0x17bb360, C4<0>, C4<0>;
v0x178e9a0_0 .net *"_ivl_0", 0 0, L_0x17baf30;  1 drivers
v0x178ea80_0 .net *"_ivl_1", 0 0, L_0x17bafd0;  1 drivers
v0x178eb60_0 .net *"_ivl_2", 0 0, L_0x17bb1b0;  1 drivers
v0x178ec20_0 .net *"_ivl_4", 0 0, L_0x17bb2c0;  1 drivers
v0x178ed00_0 .net *"_ivl_5", 0 0, L_0x17bb360;  1 drivers
v0x178ee30_0 .net *"_ivl_6", 0 0, L_0x17bb550;  1 drivers
S_0x178ef10 .scope generate, "genblk1[10]" "genblk1[10]" 4 64, 4 64 0, S_0x1789a10;
 .timescale -9 -12;
P_0x178f110 .param/l "i" 0 4 64, +C4<01010>;
L_0x17bb930 .functor AND 1, L_0x17bb690, L_0x17bb730, C4<1>, C4<1>;
L_0x17bbd20 .functor OR 1, L_0x17bba70, L_0x17bbb10, C4<0>, C4<0>;
v0x178f1f0_0 .net *"_ivl_0", 0 0, L_0x17bb690;  1 drivers
v0x178f2d0_0 .net *"_ivl_1", 0 0, L_0x17bb730;  1 drivers
v0x178f3b0_0 .net *"_ivl_2", 0 0, L_0x17bb930;  1 drivers
v0x178f470_0 .net *"_ivl_4", 0 0, L_0x17bba70;  1 drivers
v0x178f550_0 .net *"_ivl_5", 0 0, L_0x17bbb10;  1 drivers
v0x178f680_0 .net *"_ivl_6", 0 0, L_0x17bbd20;  1 drivers
S_0x178f760 .scope generate, "genblk1[11]" "genblk1[11]" 4 64, 4 64 0, S_0x1789a10;
 .timescale -9 -12;
P_0x178f960 .param/l "i" 0 4 64, +C4<01011>;
L_0x17bc120 .functor AND 1, L_0x17bbe60, L_0x17bbf00, C4<1>, C4<1>;
L_0x17bc530 .functor OR 1, L_0x17bc260, L_0x17bc300, C4<0>, C4<0>;
v0x178fa40_0 .net *"_ivl_0", 0 0, L_0x17bbe60;  1 drivers
v0x178fb20_0 .net *"_ivl_1", 0 0, L_0x17bbf00;  1 drivers
v0x178fc00_0 .net *"_ivl_2", 0 0, L_0x17bc120;  1 drivers
v0x178fcc0_0 .net *"_ivl_4", 0 0, L_0x17bc260;  1 drivers
v0x178fda0_0 .net *"_ivl_5", 0 0, L_0x17bc300;  1 drivers
v0x178fed0_0 .net *"_ivl_6", 0 0, L_0x17bc530;  1 drivers
S_0x178ffb0 .scope generate, "genblk1[12]" "genblk1[12]" 4 64, 4 64 0, S_0x1789a10;
 .timescale -9 -12;
P_0x17901b0 .param/l "i" 0 4 64, +C4<01100>;
L_0x17bc950 .functor AND 1, L_0x17bc670, L_0x17bc710, C4<1>, C4<1>;
L_0x17bcd80 .functor OR 1, L_0x17bca90, L_0x17bcb30, C4<0>, C4<0>;
v0x1790290_0 .net *"_ivl_0", 0 0, L_0x17bc670;  1 drivers
v0x1790370_0 .net *"_ivl_1", 0 0, L_0x17bc710;  1 drivers
v0x1790450_0 .net *"_ivl_2", 0 0, L_0x17bc950;  1 drivers
v0x1790510_0 .net *"_ivl_4", 0 0, L_0x17bca90;  1 drivers
v0x17905f0_0 .net *"_ivl_5", 0 0, L_0x17bcb30;  1 drivers
v0x1790720_0 .net *"_ivl_6", 0 0, L_0x17bcd80;  1 drivers
S_0x1790800 .scope generate, "genblk1[13]" "genblk1[13]" 4 64, 4 64 0, S_0x1789a10;
 .timescale -9 -12;
P_0x1790a00 .param/l "i" 0 4 64, +C4<01101>;
L_0x17bd1c0 .functor AND 1, L_0x17bcec0, L_0x17bcf60, C4<1>, C4<1>;
L_0x17bd610 .functor OR 1, L_0x17bd300, L_0x17bd3a0, C4<0>, C4<0>;
v0x1790ae0_0 .net *"_ivl_0", 0 0, L_0x17bcec0;  1 drivers
v0x1790bc0_0 .net *"_ivl_1", 0 0, L_0x17bcf60;  1 drivers
v0x1790ca0_0 .net *"_ivl_2", 0 0, L_0x17bd1c0;  1 drivers
v0x1790d60_0 .net *"_ivl_4", 0 0, L_0x17bd300;  1 drivers
v0x1790e40_0 .net *"_ivl_5", 0 0, L_0x17bd3a0;  1 drivers
v0x1790f70_0 .net *"_ivl_6", 0 0, L_0x17bd610;  1 drivers
S_0x1791050 .scope generate, "genblk1[14]" "genblk1[14]" 4 64, 4 64 0, S_0x1789a10;
 .timescale -9 -12;
P_0x1791250 .param/l "i" 0 4 64, +C4<01110>;
L_0x17bda70 .functor AND 1, L_0x17bd750, L_0x17bd7f0, C4<1>, C4<1>;
L_0x17bdee0 .functor OR 1, L_0x17bdbb0, L_0x17bdc50, C4<0>, C4<0>;
v0x1791330_0 .net *"_ivl_0", 0 0, L_0x17bd750;  1 drivers
v0x1791410_0 .net *"_ivl_1", 0 0, L_0x17bd7f0;  1 drivers
v0x17914f0_0 .net *"_ivl_2", 0 0, L_0x17bda70;  1 drivers
v0x17915b0_0 .net *"_ivl_4", 0 0, L_0x17bdbb0;  1 drivers
v0x1791690_0 .net *"_ivl_5", 0 0, L_0x17bdc50;  1 drivers
v0x17917c0_0 .net *"_ivl_6", 0 0, L_0x17bdee0;  1 drivers
S_0x17918a0 .scope generate, "genblk1[15]" "genblk1[15]" 4 64, 4 64 0, S_0x1789a10;
 .timescale -9 -12;
P_0x1791aa0 .param/l "i" 0 4 64, +C4<01111>;
L_0x17bf0d0 .functor AND 1, L_0x17be570, L_0x17bec20, C4<1>, C4<1>;
L_0x17bfcf0 .functor OR 1, L_0x17bf990, L_0x17bfa30, C4<0>, C4<0>;
v0x1791b80_0 .net *"_ivl_0", 0 0, L_0x17be570;  1 drivers
v0x1791c60_0 .net *"_ivl_1", 0 0, L_0x17bec20;  1 drivers
v0x1791d40_0 .net *"_ivl_2", 0 0, L_0x17bf0d0;  1 drivers
v0x1791e00_0 .net *"_ivl_4", 0 0, L_0x17bf990;  1 drivers
v0x1791ee0_0 .net *"_ivl_5", 0 0, L_0x17bfa30;  1 drivers
v0x1792010_0 .net *"_ivl_6", 0 0, L_0x17bfcf0;  1 drivers
S_0x17920f0 .scope generate, "genblk2[0]" "genblk2[0]" 4 71, 4 71 0, S_0x1789a10;
 .timescale -9 -12;
P_0x17922f0 .param/l "i" 0 4 71, +C4<00>;
S_0x17923d0 .scope module, "layer_1_gp" "gp4" 4 72, 4 27 0, S_0x17920f0;
 .timescale -9 -12;
    .port_info 0 /INPUT 4 "gin";
    .port_info 1 /INPUT 4 "pin";
    .port_info 2 /INPUT 1 "cin";
    .port_info 3 /OUTPUT 1 "gout";
    .port_info 4 /OUTPUT 1 "pout";
    .port_info 5 /OUTPUT 3 "cout";
L_0x17bfef0 .functor AND 1, L_0x17bfe50, L_0x17c4050, C4<1>, C4<1>;
L_0x17c0050 .functor OR 1, L_0x17bfef0, L_0x17bffb0, C4<0>, C4<0>;
L_0x17c02f0 .functor AND 1, L_0x17c0160, L_0x17c0250, C4<1>, C4<1>;
L_0x17c0400 .functor AND 1, L_0x17c02f0, L_0x17c4050, C4<1>, C4<1>;
L_0x17c0690 .functor AND 1, L_0x17c0510, L_0x17c05b0, C4<1>, C4<1>;
L_0x17c07a0 .functor OR 1, L_0x17c0400, L_0x17c0690, C4<0>, C4<0>;
L_0x17c0990 .functor OR 1, L_0x17c07a0, L_0x17c08f0, C4<0>, C4<0>;
L_0x17c0dd0 .functor AND 1, L_0x17c0c30, L_0x17c0cd0, C4<1>, C4<1>;
L_0x17c0f80 .functor AND 1, L_0x17c0dd0, L_0x17c0ee0, C4<1>, C4<1>;
L_0x17c1090 .functor AND 1, L_0x17c0f80, L_0x17c4050, C4<1>, C4<1>;
L_0x17c1360 .functor AND 1, L_0x17c11b0, L_0x17c12c0, C4<1>, C4<1>;
L_0x17c1250 .functor AND 1, L_0x17c1360, L_0x17c1420, C4<1>, C4<1>;
L_0x17c1600 .functor OR 1, L_0x17c1090, L_0x17c1250, C4<0>, C4<0>;
L_0x17c18e0 .functor AND 1, L_0x17c1710, L_0x17c17b0, C4<1>, C4<1>;
L_0x17c1590 .functor OR 1, L_0x17c1600, L_0x17c18e0, C4<0>, C4<0>;
L_0x17c1bb0 .functor OR 1, L_0x17c1590, L_0x17c1b10, C4<0>, C4<0>;
L_0x17c1f80 .functor AND 1, L_0x17c1da0, L_0x17c1ee0, C4<1>, C4<1>;
L_0x17c21e0 .functor AND 1, L_0x17c1f80, L_0x17c2090, C4<1>, C4<1>;
L_0x17c2390 .functor AND 1, L_0x17c21e0, L_0x17c1e40, C4<1>, C4<1>;
L_0x17c26a0 .functor AND 1, L_0x17c24a0, L_0x17c2600, C4<1>, C4<1>;
L_0x17c2930 .functor AND 1, L_0x17c26a0, L_0x17c22f0, C4<1>, C4<1>;
L_0x17c2a40 .functor OR 1, L_0x17c2390, L_0x17c2930, C4<0>, C4<0>;
L_0x17c2e30 .functor AND 1, L_0x17c2c10, L_0x17c2cb0, C4<1>, C4<1>;
L_0x17c2f40 .functor OR 1, L_0x17c2a40, L_0x17c2e30, C4<0>, C4<0>;
L_0x17c31c0 .functor OR 1, L_0x17c2f40, L_0x17c3120, C4<0>, C4<0>;
L_0x17c3500 .functor AND 1, L_0x17c32d0, L_0x17c3460, C4<1>, C4<1>;
L_0x17c3890 .functor AND 1, L_0x17c3500, L_0x17c36f0, C4<1>, C4<1>;
L_0x17c3a40 .functor AND 1, L_0x17c3890, L_0x17c39a0, C4<1>, C4<1>;
v0x1792650_0 .net *"_ivl_100", 0 0, L_0x17c2cb0;  1 drivers
v0x1792750_0 .net *"_ivl_101", 0 0, L_0x17c2e30;  1 drivers
v0x1792830_0 .net *"_ivl_103", 0 0, L_0x17c2f40;  1 drivers
v0x17928f0_0 .net *"_ivl_106", 0 0, L_0x17c3120;  1 drivers
v0x17929d0_0 .net *"_ivl_110", 0 0, L_0x17c32d0;  1 drivers
v0x1792b00_0 .net *"_ivl_112", 0 0, L_0x17c3460;  1 drivers
v0x1792be0_0 .net *"_ivl_113", 0 0, L_0x17c3500;  1 drivers
v0x1792cc0_0 .net *"_ivl_116", 0 0, L_0x17c36f0;  1 drivers
v0x1792da0_0 .net *"_ivl_117", 0 0, L_0x17c3890;  1 drivers
v0x1792e80_0 .net *"_ivl_120", 0 0, L_0x17c39a0;  1 drivers
v0x1792f60_0 .net *"_ivl_13", 0 0, L_0x17c0160;  1 drivers
v0x1793040_0 .net *"_ivl_15", 0 0, L_0x17c0250;  1 drivers
v0x1793120_0 .net *"_ivl_16", 0 0, L_0x17c02f0;  1 drivers
v0x1793200_0 .net *"_ivl_18", 0 0, L_0x17c0400;  1 drivers
v0x17932e0_0 .net *"_ivl_21", 0 0, L_0x17c0510;  1 drivers
v0x17933c0_0 .net *"_ivl_23", 0 0, L_0x17c05b0;  1 drivers
v0x17934a0_0 .net *"_ivl_24", 0 0, L_0x17c0690;  1 drivers
v0x1793580_0 .net *"_ivl_26", 0 0, L_0x17c07a0;  1 drivers
v0x1793660_0 .net *"_ivl_29", 0 0, L_0x17c08f0;  1 drivers
v0x1793740_0 .net *"_ivl_3", 0 0, L_0x17bfe50;  1 drivers
v0x1793820_0 .net *"_ivl_30", 0 0, L_0x17c0990;  1 drivers
v0x1793900_0 .net *"_ivl_36", 0 0, L_0x17c0c30;  1 drivers
v0x17939e0_0 .net *"_ivl_38", 0 0, L_0x17c0cd0;  1 drivers
v0x1793ac0_0 .net *"_ivl_39", 0 0, L_0x17c0dd0;  1 drivers
v0x1793ba0_0 .net *"_ivl_4", 0 0, L_0x17bfef0;  1 drivers
v0x1793c80_0 .net *"_ivl_42", 0 0, L_0x17c0ee0;  1 drivers
v0x1793d60_0 .net *"_ivl_43", 0 0, L_0x17c0f80;  1 drivers
v0x1793e40_0 .net *"_ivl_45", 0 0, L_0x17c1090;  1 drivers
v0x1793f20_0 .net *"_ivl_48", 0 0, L_0x17c11b0;  1 drivers
v0x1794000_0 .net *"_ivl_50", 0 0, L_0x17c12c0;  1 drivers
v0x17940e0_0 .net *"_ivl_51", 0 0, L_0x17c1360;  1 drivers
v0x17941c0_0 .net *"_ivl_54", 0 0, L_0x17c1420;  1 drivers
v0x17942a0_0 .net *"_ivl_55", 0 0, L_0x17c1250;  1 drivers
v0x1794590_0 .net *"_ivl_57", 0 0, L_0x17c1600;  1 drivers
v0x1794670_0 .net *"_ivl_60", 0 0, L_0x17c1710;  1 drivers
v0x1794750_0 .net *"_ivl_62", 0 0, L_0x17c17b0;  1 drivers
v0x1794830_0 .net *"_ivl_63", 0 0, L_0x17c18e0;  1 drivers
v0x1794910_0 .net *"_ivl_65", 0 0, L_0x17c1590;  1 drivers
v0x17949f0_0 .net *"_ivl_68", 0 0, L_0x17c1b10;  1 drivers
v0x1794ad0_0 .net *"_ivl_69", 0 0, L_0x17c1bb0;  1 drivers
v0x1794bb0_0 .net *"_ivl_7", 0 0, L_0x17bffb0;  1 drivers
v0x1794c90_0 .net *"_ivl_72", 0 0, L_0x17c1da0;  1 drivers
v0x1794d70_0 .net *"_ivl_74", 0 0, L_0x17c1ee0;  1 drivers
v0x1794e50_0 .net *"_ivl_75", 0 0, L_0x17c1f80;  1 drivers
v0x1794f30_0 .net *"_ivl_78", 0 0, L_0x17c2090;  1 drivers
v0x1795010_0 .net *"_ivl_79", 0 0, L_0x17c21e0;  1 drivers
v0x17950f0_0 .net *"_ivl_8", 0 0, L_0x17c0050;  1 drivers
v0x17951d0_0 .net *"_ivl_82", 0 0, L_0x17c1e40;  1 drivers
v0x17952b0_0 .net *"_ivl_83", 0 0, L_0x17c2390;  1 drivers
v0x1795390_0 .net *"_ivl_86", 0 0, L_0x17c24a0;  1 drivers
v0x1795470_0 .net *"_ivl_88", 0 0, L_0x17c2600;  1 drivers
v0x1795550_0 .net *"_ivl_89", 0 0, L_0x17c26a0;  1 drivers
v0x1795630_0 .net *"_ivl_92", 0 0, L_0x17c22f0;  1 drivers
v0x1795710_0 .net *"_ivl_93", 0 0, L_0x17c2930;  1 drivers
v0x17957f0_0 .net *"_ivl_95", 0 0, L_0x17c2a40;  1 drivers
v0x17958d0_0 .net *"_ivl_98", 0 0, L_0x17c2c10;  1 drivers
v0x17959b0_0 .net "cin", 0 0, L_0x17c4050;  1 drivers
v0x1795a70_0 .net "cout", 2 0, L_0x17c0aa0;  1 drivers
v0x1795b50_0 .net "gin", 3 0, L_0x17c3c40;  1 drivers
v0x1795c30_0 .net "gout", 0 0, L_0x17c31c0;  1 drivers
v0x1795cf0_0 .net "pin", 3 0, L_0x17c3d30;  1 drivers
v0x1795dd0_0 .net "pout", 0 0, L_0x17c3a40;  1 drivers
L_0x17bfe50 .part L_0x17c3d30, 0, 1;
L_0x17bffb0 .part L_0x17c3c40, 0, 1;
L_0x17c0160 .part L_0x17c3d30, 1, 1;
L_0x17c0250 .part L_0x17c3d30, 0, 1;
L_0x17c0510 .part L_0x17c3d30, 1, 1;
L_0x17c05b0 .part L_0x17c3c40, 0, 1;
L_0x17c08f0 .part L_0x17c3c40, 1, 1;
L_0x17c0aa0 .concat8 [ 1 1 1 0], L_0x17c0050, L_0x17c0990, L_0x17c1bb0;
L_0x17c0c30 .part L_0x17c3d30, 2, 1;
L_0x17c0cd0 .part L_0x17c3d30, 1, 1;
L_0x17c0ee0 .part L_0x17c3d30, 0, 1;
L_0x17c11b0 .part L_0x17c3d30, 2, 1;
L_0x17c12c0 .part L_0x17c3d30, 1, 1;
L_0x17c1420 .part L_0x17c3c40, 0, 1;
L_0x17c1710 .part L_0x17c3d30, 2, 1;
L_0x17c17b0 .part L_0x17c3c40, 1, 1;
L_0x17c1b10 .part L_0x17c3c40, 2, 1;
L_0x17c1da0 .part L_0x17c3d30, 3, 1;
L_0x17c1ee0 .part L_0x17c3d30, 2, 1;
L_0x17c2090 .part L_0x17c3d30, 1, 1;
L_0x17c1e40 .part L_0x17c3c40, 0, 1;
L_0x17c24a0 .part L_0x17c3d30, 3, 1;
L_0x17c2600 .part L_0x17c3d30, 2, 1;
L_0x17c22f0 .part L_0x17c3c40, 1, 1;
L_0x17c2c10 .part L_0x17c3d30, 3, 1;
L_0x17c2cb0 .part L_0x17c3c40, 2, 1;
L_0x17c3120 .part L_0x17c3c40, 3, 1;
L_0x17c32d0 .part L_0x17c3d30, 0, 1;
L_0x17c3460 .part L_0x17c3d30, 1, 1;
L_0x17c36f0 .part L_0x17c3d30, 2, 1;
L_0x17c39a0 .part L_0x17c3d30, 3, 1;
S_0x1795f50 .scope generate, "genblk2[1]" "genblk2[1]" 4 71, 4 71 0, S_0x1789a10;
 .timescale -9 -12;
P_0x1796100 .param/l "i" 0 4 71, +C4<01>;
S_0x17961e0 .scope module, "layer_1_gp" "gp4" 4 72, 4 27 0, S_0x1795f50;
 .timescale -9 -12;
    .port_info 0 /INPUT 4 "gin";
    .port_info 1 /INPUT 4 "pin";
    .port_info 2 /INPUT 1 "cin";
    .port_info 3 /OUTPUT 1 "gout";
    .port_info 4 /OUTPUT 1 "pout";
    .port_info 5 /OUTPUT 3 "cout";
L_0x17c4190 .functor AND 1, L_0x17c40f0, L_0x17c80d0, C4<1>, C4<1>;
L_0x17c42a0 .functor OR 1, L_0x17c4190, L_0x17c4200, C4<0>, C4<0>;
L_0x17c4540 .functor AND 1, L_0x17c43b0, L_0x17c44a0, C4<1>, C4<1>;
L_0x17c4650 .functor AND 1, L_0x17c4540, L_0x17c80d0, C4<1>, C4<1>;
L_0x17c48e0 .functor AND 1, L_0x17c4760, L_0x17c4800, C4<1>, C4<1>;
L_0x17c49f0 .functor OR 1, L_0x17c4650, L_0x17c48e0, C4<0>, C4<0>;
L_0x17c4be0 .functor OR 1, L_0x17c49f0, L_0x17c4b40, C4<0>, C4<0>;
L_0x17c5020 .functor AND 1, L_0x17c4e80, L_0x17c4f20, C4<1>, C4<1>;
L_0x17c51d0 .functor AND 1, L_0x17c5020, L_0x17c5130, C4<1>, C4<1>;
L_0x17c52e0 .functor AND 1, L_0x17c51d0, L_0x17c80d0, C4<1>, C4<1>;
L_0x17c55b0 .functor AND 1, L_0x17c5400, L_0x17c5510, C4<1>, C4<1>;
L_0x17c54a0 .functor AND 1, L_0x17c55b0, L_0x17c5670, C4<1>, C4<1>;
L_0x17c5850 .functor OR 1, L_0x17c52e0, L_0x17c54a0, C4<0>, C4<0>;
L_0x17c5b30 .functor AND 1, L_0x17c5960, L_0x17c5a00, C4<1>, C4<1>;
L_0x17c57e0 .functor OR 1, L_0x17c5850, L_0x17c5b30, C4<0>, C4<0>;
L_0x17c5e00 .functor OR 1, L_0x17c57e0, L_0x17c5d60, C4<0>, C4<0>;
L_0x17c61d0 .functor AND 1, L_0x17c5ff0, L_0x17c6130, C4<1>, C4<1>;
L_0x17c6430 .functor AND 1, L_0x17c61d0, L_0x17c62e0, C4<1>, C4<1>;
L_0x17c65e0 .functor AND 1, L_0x17c6430, L_0x17c6090, C4<1>, C4<1>;
L_0x17c68f0 .functor AND 1, L_0x17c66f0, L_0x17c6850, C4<1>, C4<1>;
L_0x17c6b80 .functor AND 1, L_0x17c68f0, L_0x17c6540, C4<1>, C4<1>;
L_0x17c6c90 .functor OR 1, L_0x17c65e0, L_0x17c6b80, C4<0>, C4<0>;
L_0x17c7080 .functor AND 1, L_0x17c6e60, L_0x17c6f00, C4<1>, C4<1>;
L_0x17c7190 .functor OR 1, L_0x17c6c90, L_0x17c7080, C4<0>, C4<0>;
L_0x17c7370 .functor OR 1, L_0x17c7190, L_0x17c6da0, C4<0>, C4<0>;
L_0x17c76b0 .functor AND 1, L_0x17c7480, L_0x17c7610, C4<1>, C4<1>;
L_0x17c79a0 .functor AND 1, L_0x17c76b0, L_0x17c72a0, C4<1>, C4<1>;
L_0x17c7b50 .functor AND 1, L_0x17c79a0, L_0x17c7ab0, C4<1>, C4<1>;
v0x1796460_0 .net *"_ivl_100", 0 0, L_0x17c6f00;  1 drivers
v0x1796560_0 .net *"_ivl_101", 0 0, L_0x17c7080;  1 drivers
v0x1796640_0 .net *"_ivl_103", 0 0, L_0x17c7190;  1 drivers
v0x1796700_0 .net *"_ivl_106", 0 0, L_0x17c6da0;  1 drivers
v0x17967e0_0 .net *"_ivl_110", 0 0, L_0x17c7480;  1 drivers
v0x1796910_0 .net *"_ivl_112", 0 0, L_0x17c7610;  1 drivers
v0x17969f0_0 .net *"_ivl_113", 0 0, L_0x17c76b0;  1 drivers
v0x1796ad0_0 .net *"_ivl_116", 0 0, L_0x17c72a0;  1 drivers
v0x1796bb0_0 .net *"_ivl_117", 0 0, L_0x17c79a0;  1 drivers
v0x1796c90_0 .net *"_ivl_120", 0 0, L_0x17c7ab0;  1 drivers
v0x1796d70_0 .net *"_ivl_13", 0 0, L_0x17c43b0;  1 drivers
v0x1796e50_0 .net *"_ivl_15", 0 0, L_0x17c44a0;  1 drivers
v0x1796f30_0 .net *"_ivl_16", 0 0, L_0x17c4540;  1 drivers
v0x1797010_0 .net *"_ivl_18", 0 0, L_0x17c4650;  1 drivers
v0x17970f0_0 .net *"_ivl_21", 0 0, L_0x17c4760;  1 drivers
v0x17971d0_0 .net *"_ivl_23", 0 0, L_0x17c4800;  1 drivers
v0x17972b0_0 .net *"_ivl_24", 0 0, L_0x17c48e0;  1 drivers
v0x1797390_0 .net *"_ivl_26", 0 0, L_0x17c49f0;  1 drivers
v0x1797470_0 .net *"_ivl_29", 0 0, L_0x17c4b40;  1 drivers
v0x1797550_0 .net *"_ivl_3", 0 0, L_0x17c40f0;  1 drivers
v0x1797630_0 .net *"_ivl_30", 0 0, L_0x17c4be0;  1 drivers
v0x1797710_0 .net *"_ivl_36", 0 0, L_0x17c4e80;  1 drivers
v0x17977f0_0 .net *"_ivl_38", 0 0, L_0x17c4f20;  1 drivers
v0x17978d0_0 .net *"_ivl_39", 0 0, L_0x17c5020;  1 drivers
v0x17979b0_0 .net *"_ivl_4", 0 0, L_0x17c4190;  1 drivers
v0x1797a90_0 .net *"_ivl_42", 0 0, L_0x17c5130;  1 drivers
v0x1797b70_0 .net *"_ivl_43", 0 0, L_0x17c51d0;  1 drivers
v0x1797c50_0 .net *"_ivl_45", 0 0, L_0x17c52e0;  1 drivers
v0x1797d30_0 .net *"_ivl_48", 0 0, L_0x17c5400;  1 drivers
v0x1797e10_0 .net *"_ivl_50", 0 0, L_0x17c5510;  1 drivers
v0x1797ef0_0 .net *"_ivl_51", 0 0, L_0x17c55b0;  1 drivers
v0x1797fd0_0 .net *"_ivl_54", 0 0, L_0x17c5670;  1 drivers
v0x17980b0_0 .net *"_ivl_55", 0 0, L_0x17c54a0;  1 drivers
v0x17983a0_0 .net *"_ivl_57", 0 0, L_0x17c5850;  1 drivers
v0x1798480_0 .net *"_ivl_60", 0 0, L_0x17c5960;  1 drivers
v0x1798560_0 .net *"_ivl_62", 0 0, L_0x17c5a00;  1 drivers
v0x1798640_0 .net *"_ivl_63", 0 0, L_0x17c5b30;  1 drivers
v0x1798720_0 .net *"_ivl_65", 0 0, L_0x17c57e0;  1 drivers
v0x1798800_0 .net *"_ivl_68", 0 0, L_0x17c5d60;  1 drivers
v0x17988e0_0 .net *"_ivl_69", 0 0, L_0x17c5e00;  1 drivers
v0x17989c0_0 .net *"_ivl_7", 0 0, L_0x17c4200;  1 drivers
v0x1798aa0_0 .net *"_ivl_72", 0 0, L_0x17c5ff0;  1 drivers
v0x1798b80_0 .net *"_ivl_74", 0 0, L_0x17c6130;  1 drivers
v0x1798c60_0 .net *"_ivl_75", 0 0, L_0x17c61d0;  1 drivers
v0x1798d40_0 .net *"_ivl_78", 0 0, L_0x17c62e0;  1 drivers
v0x1798e20_0 .net *"_ivl_79", 0 0, L_0x17c6430;  1 drivers
v0x1798f00_0 .net *"_ivl_8", 0 0, L_0x17c42a0;  1 drivers
v0x1798fe0_0 .net *"_ivl_82", 0 0, L_0x17c6090;  1 drivers
v0x17990c0_0 .net *"_ivl_83", 0 0, L_0x17c65e0;  1 drivers
v0x17991a0_0 .net *"_ivl_86", 0 0, L_0x17c66f0;  1 drivers
v0x1799280_0 .net *"_ivl_88", 0 0, L_0x17c6850;  1 drivers
v0x1799360_0 .net *"_ivl_89", 0 0, L_0x17c68f0;  1 drivers
v0x1799440_0 .net *"_ivl_92", 0 0, L_0x17c6540;  1 drivers
v0x1799520_0 .net *"_ivl_93", 0 0, L_0x17c6b80;  1 drivers
v0x1799600_0 .net *"_ivl_95", 0 0, L_0x17c6c90;  1 drivers
v0x17996e0_0 .net *"_ivl_98", 0 0, L_0x17c6e60;  1 drivers
v0x17997c0_0 .net "cin", 0 0, L_0x17c80d0;  1 drivers
v0x1799880_0 .net "cout", 2 0, L_0x17c4cf0;  1 drivers
v0x1799960_0 .net "gin", 3 0, L_0x17c7d50;  1 drivers
v0x1799a40_0 .net "gout", 0 0, L_0x17c7370;  1 drivers
v0x1799b00_0 .net "pin", 3 0, L_0x17c8030;  1 drivers
v0x1799be0_0 .net "pout", 0 0, L_0x17c7b50;  1 drivers
L_0x17c40f0 .part L_0x17c8030, 0, 1;
L_0x17c4200 .part L_0x17c7d50, 0, 1;
L_0x17c43b0 .part L_0x17c8030, 1, 1;
L_0x17c44a0 .part L_0x17c8030, 0, 1;
L_0x17c4760 .part L_0x17c8030, 1, 1;
L_0x17c4800 .part L_0x17c7d50, 0, 1;
L_0x17c4b40 .part L_0x17c7d50, 1, 1;
L_0x17c4cf0 .concat8 [ 1 1 1 0], L_0x17c42a0, L_0x17c4be0, L_0x17c5e00;
L_0x17c4e80 .part L_0x17c8030, 2, 1;
L_0x17c4f20 .part L_0x17c8030, 1, 1;
L_0x17c5130 .part L_0x17c8030, 0, 1;
L_0x17c5400 .part L_0x17c8030, 2, 1;
L_0x17c5510 .part L_0x17c8030, 1, 1;
L_0x17c5670 .part L_0x17c7d50, 0, 1;
L_0x17c5960 .part L_0x17c8030, 2, 1;
L_0x17c5a00 .part L_0x17c7d50, 1, 1;
L_0x17c5d60 .part L_0x17c7d50, 2, 1;
L_0x17c5ff0 .part L_0x17c8030, 3, 1;
L_0x17c6130 .part L_0x17c8030, 2, 1;
L_0x17c62e0 .part L_0x17c8030, 1, 1;
L_0x17c6090 .part L_0x17c7d50, 0, 1;
L_0x17c66f0 .part L_0x17c8030, 3, 1;
L_0x17c6850 .part L_0x17c8030, 2, 1;
L_0x17c6540 .part L_0x17c7d50, 1, 1;
L_0x17c6e60 .part L_0x17c8030, 3, 1;
L_0x17c6f00 .part L_0x17c7d50, 2, 1;
L_0x17c6da0 .part L_0x17c7d50, 3, 1;
L_0x17c7480 .part L_0x17c8030, 0, 1;
L_0x17c7610 .part L_0x17c8030, 1, 1;
L_0x17c72a0 .part L_0x17c8030, 2, 1;
L_0x17c7ab0 .part L_0x17c8030, 3, 1;
S_0x1799d60 .scope generate, "genblk2[2]" "genblk2[2]" 4 71, 4 71 0, S_0x1789a10;
 .timescale -9 -12;
P_0x1799f10 .param/l "i" 0 4 71, +C4<010>;
S_0x1799ff0 .scope module, "layer_1_gp" "gp4" 4 72, 4 27 0, S_0x1799d60;
 .timescale -9 -12;
    .port_info 0 /INPUT 4 "gin";
    .port_info 1 /INPUT 4 "pin";
    .port_info 2 /INPUT 1 "cin";
    .port_info 3 /OUTPUT 1 "gout";
    .port_info 4 /OUTPUT 1 "pout";
    .port_info 5 /OUTPUT 3 "cout";
L_0x17c8460 .functor AND 1, L_0x17c83c0, L_0x17cbfe0, C4<1>, C4<1>;
L_0x17c85c0 .functor OR 1, L_0x17c8460, L_0x17c8520, C4<0>, C4<0>;
L_0x17c8860 .functor AND 1, L_0x17c86d0, L_0x17c87c0, C4<1>, C4<1>;
L_0x17c8970 .functor AND 1, L_0x17c8860, L_0x17cbfe0, C4<1>, C4<1>;
L_0x17c8bc0 .functor AND 1, L_0x17c8a80, L_0x17c8b20, C4<1>, C4<1>;
L_0x17c8cd0 .functor OR 1, L_0x17c8970, L_0x17c8bc0, C4<0>, C4<0>;
L_0x17c8ec0 .functor OR 1, L_0x17c8cd0, L_0x17c8e20, C4<0>, C4<0>;
L_0x17c9300 .functor AND 1, L_0x17c9160, L_0x17c9200, C4<1>, C4<1>;
L_0x17c94b0 .functor AND 1, L_0x17c9300, L_0x17c9410, C4<1>, C4<1>;
L_0x17c95c0 .functor AND 1, L_0x17c94b0, L_0x17cbfe0, C4<1>, C4<1>;
L_0x17c9890 .functor AND 1, L_0x17c96e0, L_0x17c97f0, C4<1>, C4<1>;
L_0x17c9780 .functor AND 1, L_0x17c9890, L_0x17c9950, C4<1>, C4<1>;
L_0x17c9ab0 .functor OR 1, L_0x17c95c0, L_0x17c9780, C4<0>, C4<0>;
L_0x17c9d90 .functor AND 1, L_0x17c9bc0, L_0x17c9c60, C4<1>, C4<1>;
L_0x17c9a40 .functor OR 1, L_0x17c9ab0, L_0x17c9d90, C4<0>, C4<0>;
L_0x17c9fe0 .functor OR 1, L_0x17c9a40, L_0x17c9f40, C4<0>, C4<0>;
L_0x17ca3b0 .functor AND 1, L_0x17ca1d0, L_0x17ca310, C4<1>, C4<1>;
L_0x17ca610 .functor AND 1, L_0x17ca3b0, L_0x17ca4c0, C4<1>, C4<1>;
L_0x17ca7c0 .functor AND 1, L_0x17ca610, L_0x17ca270, C4<1>, C4<1>;
L_0x17caa30 .functor AND 1, L_0x17ca8d0, L_0x17ca560, C4<1>, C4<1>;
L_0x17ca970 .functor AND 1, L_0x17caa30, L_0x17ca720, C4<1>, C4<1>;
L_0x17cae20 .functor OR 1, L_0x17ca7c0, L_0x17ca970, C4<0>, C4<0>;
L_0x17cad00 .functor AND 1, L_0x17cab40, L_0x17caff0, C4<1>, C4<1>;
L_0x17cb1c0 .functor OR 1, L_0x17cae20, L_0x17cad00, C4<0>, C4<0>;
L_0x17cb3a0 .functor OR 1, L_0x17cb1c0, L_0x17caf30, C4<0>, C4<0>;
L_0x17cb640 .functor AND 1, L_0x17cb4b0, L_0x17cb090, C4<1>, C4<1>;
L_0x17cb930 .functor AND 1, L_0x17cb640, L_0x17cb2d0, C4<1>, C4<1>;
L_0x17cbae0 .functor AND 1, L_0x17cb930, L_0x17cba40, C4<1>, C4<1>;
v0x179a270_0 .net *"_ivl_100", 0 0, L_0x17caff0;  1 drivers
v0x179a370_0 .net *"_ivl_101", 0 0, L_0x17cad00;  1 drivers
v0x179a450_0 .net *"_ivl_103", 0 0, L_0x17cb1c0;  1 drivers
v0x179a510_0 .net *"_ivl_106", 0 0, L_0x17caf30;  1 drivers
v0x179a5f0_0 .net *"_ivl_110", 0 0, L_0x17cb4b0;  1 drivers
v0x179a720_0 .net *"_ivl_112", 0 0, L_0x17cb090;  1 drivers
v0x179a800_0 .net *"_ivl_113", 0 0, L_0x17cb640;  1 drivers
v0x179a8e0_0 .net *"_ivl_116", 0 0, L_0x17cb2d0;  1 drivers
v0x179a9c0_0 .net *"_ivl_117", 0 0, L_0x17cb930;  1 drivers
v0x179aaa0_0 .net *"_ivl_120", 0 0, L_0x17cba40;  1 drivers
v0x179ab80_0 .net *"_ivl_13", 0 0, L_0x17c86d0;  1 drivers
v0x179ac60_0 .net *"_ivl_15", 0 0, L_0x17c87c0;  1 drivers
v0x179ad40_0 .net *"_ivl_16", 0 0, L_0x17c8860;  1 drivers
v0x179ae20_0 .net *"_ivl_18", 0 0, L_0x17c8970;  1 drivers
v0x179af00_0 .net *"_ivl_21", 0 0, L_0x17c8a80;  1 drivers
v0x179afe0_0 .net *"_ivl_23", 0 0, L_0x17c8b20;  1 drivers
v0x179b0c0_0 .net *"_ivl_24", 0 0, L_0x17c8bc0;  1 drivers
v0x179b1a0_0 .net *"_ivl_26", 0 0, L_0x17c8cd0;  1 drivers
v0x179b280_0 .net *"_ivl_29", 0 0, L_0x17c8e20;  1 drivers
v0x179b360_0 .net *"_ivl_3", 0 0, L_0x17c83c0;  1 drivers
v0x179b440_0 .net *"_ivl_30", 0 0, L_0x17c8ec0;  1 drivers
v0x179b520_0 .net *"_ivl_36", 0 0, L_0x17c9160;  1 drivers
v0x179b600_0 .net *"_ivl_38", 0 0, L_0x17c9200;  1 drivers
v0x179b6e0_0 .net *"_ivl_39", 0 0, L_0x17c9300;  1 drivers
v0x179b7c0_0 .net *"_ivl_4", 0 0, L_0x17c8460;  1 drivers
v0x179b8a0_0 .net *"_ivl_42", 0 0, L_0x17c9410;  1 drivers
v0x179b980_0 .net *"_ivl_43", 0 0, L_0x17c94b0;  1 drivers
v0x179ba60_0 .net *"_ivl_45", 0 0, L_0x17c95c0;  1 drivers
v0x179bb40_0 .net *"_ivl_48", 0 0, L_0x17c96e0;  1 drivers
v0x179bc20_0 .net *"_ivl_50", 0 0, L_0x17c97f0;  1 drivers
v0x179bd00_0 .net *"_ivl_51", 0 0, L_0x17c9890;  1 drivers
v0x179bde0_0 .net *"_ivl_54", 0 0, L_0x17c9950;  1 drivers
v0x179bec0_0 .net *"_ivl_55", 0 0, L_0x17c9780;  1 drivers
v0x179c1b0_0 .net *"_ivl_57", 0 0, L_0x17c9ab0;  1 drivers
v0x179c290_0 .net *"_ivl_60", 0 0, L_0x17c9bc0;  1 drivers
v0x179c370_0 .net *"_ivl_62", 0 0, L_0x17c9c60;  1 drivers
v0x179c450_0 .net *"_ivl_63", 0 0, L_0x17c9d90;  1 drivers
v0x179c530_0 .net *"_ivl_65", 0 0, L_0x17c9a40;  1 drivers
v0x179c610_0 .net *"_ivl_68", 0 0, L_0x17c9f40;  1 drivers
v0x179c6f0_0 .net *"_ivl_69", 0 0, L_0x17c9fe0;  1 drivers
v0x179c7d0_0 .net *"_ivl_7", 0 0, L_0x17c8520;  1 drivers
v0x179c8b0_0 .net *"_ivl_72", 0 0, L_0x17ca1d0;  1 drivers
v0x179c990_0 .net *"_ivl_74", 0 0, L_0x17ca310;  1 drivers
v0x179ca70_0 .net *"_ivl_75", 0 0, L_0x17ca3b0;  1 drivers
v0x179cb50_0 .net *"_ivl_78", 0 0, L_0x17ca4c0;  1 drivers
v0x179cc30_0 .net *"_ivl_79", 0 0, L_0x17ca610;  1 drivers
v0x179cd10_0 .net *"_ivl_8", 0 0, L_0x17c85c0;  1 drivers
v0x179cdf0_0 .net *"_ivl_82", 0 0, L_0x17ca270;  1 drivers
v0x179ced0_0 .net *"_ivl_83", 0 0, L_0x17ca7c0;  1 drivers
v0x179cfb0_0 .net *"_ivl_86", 0 0, L_0x17ca8d0;  1 drivers
v0x179d090_0 .net *"_ivl_88", 0 0, L_0x17ca560;  1 drivers
v0x179d170_0 .net *"_ivl_89", 0 0, L_0x17caa30;  1 drivers
v0x179d250_0 .net *"_ivl_92", 0 0, L_0x17ca720;  1 drivers
v0x179d330_0 .net *"_ivl_93", 0 0, L_0x17ca970;  1 drivers
v0x179d410_0 .net *"_ivl_95", 0 0, L_0x17cae20;  1 drivers
v0x179d4f0_0 .net *"_ivl_98", 0 0, L_0x17cab40;  1 drivers
v0x179d5d0_0 .net "cin", 0 0, L_0x17cbfe0;  1 drivers
v0x179d690_0 .net "cout", 2 0, L_0x17c8fd0;  1 drivers
v0x179d770_0 .net "gin", 3 0, L_0x17cb750;  1 drivers
v0x179d850_0 .net "gout", 0 0, L_0x17cb3a0;  1 drivers
v0x179d910_0 .net "pin", 3 0, L_0x17cbce0;  1 drivers
v0x179d9f0_0 .net "pout", 0 0, L_0x17cbae0;  1 drivers
L_0x17c83c0 .part L_0x17cbce0, 0, 1;
L_0x17c8520 .part L_0x17cb750, 0, 1;
L_0x17c86d0 .part L_0x17cbce0, 1, 1;
L_0x17c87c0 .part L_0x17cbce0, 0, 1;
L_0x17c8a80 .part L_0x17cbce0, 1, 1;
L_0x17c8b20 .part L_0x17cb750, 0, 1;
L_0x17c8e20 .part L_0x17cb750, 1, 1;
L_0x17c8fd0 .concat8 [ 1 1 1 0], L_0x17c85c0, L_0x17c8ec0, L_0x17c9fe0;
L_0x17c9160 .part L_0x17cbce0, 2, 1;
L_0x17c9200 .part L_0x17cbce0, 1, 1;
L_0x17c9410 .part L_0x17cbce0, 0, 1;
L_0x17c96e0 .part L_0x17cbce0, 2, 1;
L_0x17c97f0 .part L_0x17cbce0, 1, 1;
L_0x17c9950 .part L_0x17cb750, 0, 1;
L_0x17c9bc0 .part L_0x17cbce0, 2, 1;
L_0x17c9c60 .part L_0x17cb750, 1, 1;
L_0x17c9f40 .part L_0x17cb750, 2, 1;
L_0x17ca1d0 .part L_0x17cbce0, 3, 1;
L_0x17ca310 .part L_0x17cbce0, 2, 1;
L_0x17ca4c0 .part L_0x17cbce0, 1, 1;
L_0x17ca270 .part L_0x17cb750, 0, 1;
L_0x17ca8d0 .part L_0x17cbce0, 3, 1;
L_0x17ca560 .part L_0x17cbce0, 2, 1;
L_0x17ca720 .part L_0x17cb750, 1, 1;
L_0x17cab40 .part L_0x17cbce0, 3, 1;
L_0x17caff0 .part L_0x17cb750, 2, 1;
L_0x17caf30 .part L_0x17cb750, 3, 1;
L_0x17cb4b0 .part L_0x17cbce0, 0, 1;
L_0x17cb090 .part L_0x17cbce0, 1, 1;
L_0x17cb2d0 .part L_0x17cbce0, 2, 1;
L_0x17cba40 .part L_0x17cbce0, 3, 1;
S_0x179db70 .scope generate, "genblk2[3]" "genblk2[3]" 4 71, 4 71 0, S_0x1789a10;
 .timescale -9 -12;
P_0x179dd20 .param/l "i" 0 4 71, +C4<011>;
S_0x179de00 .scope module, "layer_1_gp" "gp4" 4 72, 4 27 0, S_0x179db70;
 .timescale -9 -12;
    .port_info 0 /INPUT 4 "gin";
    .port_info 1 /INPUT 4 "pin";
    .port_info 2 /INPUT 1 "cin";
    .port_info 3 /OUTPUT 1 "gout";
    .port_info 4 /OUTPUT 1 "pout";
    .port_info 5 /OUTPUT 3 "cout";
L_0x17cc120 .functor AND 1, L_0x17cc080, L_0x17cfcd0, C4<1>, C4<1>;
L_0x17cc230 .functor OR 1, L_0x17cc120, L_0x17cc190, C4<0>, C4<0>;
L_0x17cc430 .functor AND 1, L_0x17cc2a0, L_0x17cc390, C4<1>, C4<1>;
L_0x17cc540 .functor AND 1, L_0x17cc430, L_0x17cfcd0, C4<1>, C4<1>;
L_0x17cc790 .functor AND 1, L_0x17cc650, L_0x17cc6f0, C4<1>, C4<1>;
L_0x17cc8a0 .functor OR 1, L_0x17cc540, L_0x17cc790, C4<0>, C4<0>;
L_0x17cca50 .functor OR 1, L_0x17cc8a0, L_0x17cc9b0, C4<0>, C4<0>;
L_0x17cce30 .functor AND 1, L_0x17cccf0, L_0x17ccd90, C4<1>, C4<1>;
L_0x17ccfe0 .functor AND 1, L_0x17cce30, L_0x17ccf40, C4<1>, C4<1>;
L_0x17cd0f0 .functor AND 1, L_0x17ccfe0, L_0x17cfcd0, C4<1>, C4<1>;
L_0x17cd360 .functor AND 1, L_0x17cd1b0, L_0x17cd2c0, C4<1>, C4<1>;
L_0x17cd250 .functor AND 1, L_0x17cd360, L_0x17cd420, C4<1>, C4<1>;
L_0x17cd580 .functor OR 1, L_0x17cd0f0, L_0x17cd250, C4<0>, C4<0>;
L_0x17cd860 .functor AND 1, L_0x17cd690, L_0x17cd730, C4<1>, C4<1>;
L_0x17cd510 .functor OR 1, L_0x17cd580, L_0x17cd860, C4<0>, C4<0>;
L_0x17cdab0 .functor OR 1, L_0x17cd510, L_0x17cda10, C4<0>, C4<0>;
L_0x17cde80 .functor AND 1, L_0x17cdca0, L_0x17cdde0, C4<1>, C4<1>;
L_0x17ce0e0 .functor AND 1, L_0x17cde80, L_0x17cdf90, C4<1>, C4<1>;
L_0x17ce290 .functor AND 1, L_0x17ce0e0, L_0x17cdd40, C4<1>, C4<1>;
L_0x17ce500 .functor AND 1, L_0x17ce3a0, L_0x17ce030, C4<1>, C4<1>;
L_0x17ce440 .functor AND 1, L_0x17ce500, L_0x17ce1f0, C4<1>, C4<1>;
L_0x17ce8f0 .functor OR 1, L_0x17ce290, L_0x17ce440, C4<0>, C4<0>;
L_0x17ce7d0 .functor AND 1, L_0x17ce610, L_0x17cecd0, C4<1>, C4<1>;
L_0x17ceea0 .functor OR 1, L_0x17ce8f0, L_0x17ce7d0, C4<0>, C4<0>;
L_0x17cf080 .functor OR 1, L_0x17ceea0, L_0x17cea00, C4<0>, C4<0>;
L_0x17cf320 .functor AND 1, L_0x17cf190, L_0x17ced70, C4<1>, C4<1>;
L_0x17cf610 .functor AND 1, L_0x17cf320, L_0x17cefb0, C4<1>, C4<1>;
L_0x17cf7c0 .functor AND 1, L_0x17cf610, L_0x17cf720, C4<1>, C4<1>;
v0x179e080_0 .net *"_ivl_100", 0 0, L_0x17cecd0;  1 drivers
v0x179e180_0 .net *"_ivl_101", 0 0, L_0x17ce7d0;  1 drivers
v0x179e260_0 .net *"_ivl_103", 0 0, L_0x17ceea0;  1 drivers
v0x179e320_0 .net *"_ivl_106", 0 0, L_0x17cea00;  1 drivers
v0x179e400_0 .net *"_ivl_110", 0 0, L_0x17cf190;  1 drivers
v0x179e530_0 .net *"_ivl_112", 0 0, L_0x17ced70;  1 drivers
v0x179e610_0 .net *"_ivl_113", 0 0, L_0x17cf320;  1 drivers
v0x179e6f0_0 .net *"_ivl_116", 0 0, L_0x17cefb0;  1 drivers
v0x179e7d0_0 .net *"_ivl_117", 0 0, L_0x17cf610;  1 drivers
v0x179e8b0_0 .net *"_ivl_120", 0 0, L_0x17cf720;  1 drivers
v0x179e990_0 .net *"_ivl_13", 0 0, L_0x17cc2a0;  1 drivers
v0x179ea70_0 .net *"_ivl_15", 0 0, L_0x17cc390;  1 drivers
v0x179eb50_0 .net *"_ivl_16", 0 0, L_0x17cc430;  1 drivers
v0x179ec30_0 .net *"_ivl_18", 0 0, L_0x17cc540;  1 drivers
v0x179ed10_0 .net *"_ivl_21", 0 0, L_0x17cc650;  1 drivers
v0x179edf0_0 .net *"_ivl_23", 0 0, L_0x17cc6f0;  1 drivers
v0x179eed0_0 .net *"_ivl_24", 0 0, L_0x17cc790;  1 drivers
v0x179efb0_0 .net *"_ivl_26", 0 0, L_0x17cc8a0;  1 drivers
v0x179f090_0 .net *"_ivl_29", 0 0, L_0x17cc9b0;  1 drivers
v0x179f170_0 .net *"_ivl_3", 0 0, L_0x17cc080;  1 drivers
v0x179f250_0 .net *"_ivl_30", 0 0, L_0x17cca50;  1 drivers
v0x179f330_0 .net *"_ivl_36", 0 0, L_0x17cccf0;  1 drivers
v0x179f410_0 .net *"_ivl_38", 0 0, L_0x17ccd90;  1 drivers
v0x179f4f0_0 .net *"_ivl_39", 0 0, L_0x17cce30;  1 drivers
v0x179f5d0_0 .net *"_ivl_4", 0 0, L_0x17cc120;  1 drivers
v0x179f6b0_0 .net *"_ivl_42", 0 0, L_0x17ccf40;  1 drivers
v0x179f790_0 .net *"_ivl_43", 0 0, L_0x17ccfe0;  1 drivers
v0x179f870_0 .net *"_ivl_45", 0 0, L_0x17cd0f0;  1 drivers
v0x179f950_0 .net *"_ivl_48", 0 0, L_0x17cd1b0;  1 drivers
v0x179fa30_0 .net *"_ivl_50", 0 0, L_0x17cd2c0;  1 drivers
v0x179fb10_0 .net *"_ivl_51", 0 0, L_0x17cd360;  1 drivers
v0x179fbf0_0 .net *"_ivl_54", 0 0, L_0x17cd420;  1 drivers
v0x179fcd0_0 .net *"_ivl_55", 0 0, L_0x17cd250;  1 drivers
v0x179ffc0_0 .net *"_ivl_57", 0 0, L_0x17cd580;  1 drivers
v0x17a00a0_0 .net *"_ivl_60", 0 0, L_0x17cd690;  1 drivers
v0x17a0180_0 .net *"_ivl_62", 0 0, L_0x17cd730;  1 drivers
v0x17a0260_0 .net *"_ivl_63", 0 0, L_0x17cd860;  1 drivers
v0x17a0340_0 .net *"_ivl_65", 0 0, L_0x17cd510;  1 drivers
v0x17a0420_0 .net *"_ivl_68", 0 0, L_0x17cda10;  1 drivers
v0x17a0500_0 .net *"_ivl_69", 0 0, L_0x17cdab0;  1 drivers
v0x17a05e0_0 .net *"_ivl_7", 0 0, L_0x17cc190;  1 drivers
v0x17a06c0_0 .net *"_ivl_72", 0 0, L_0x17cdca0;  1 drivers
v0x17a07a0_0 .net *"_ivl_74", 0 0, L_0x17cdde0;  1 drivers
v0x17a0880_0 .net *"_ivl_75", 0 0, L_0x17cde80;  1 drivers
v0x17a0960_0 .net *"_ivl_78", 0 0, L_0x17cdf90;  1 drivers
v0x17a0a40_0 .net *"_ivl_79", 0 0, L_0x17ce0e0;  1 drivers
v0x17a0b20_0 .net *"_ivl_8", 0 0, L_0x17cc230;  1 drivers
v0x17a0c00_0 .net *"_ivl_82", 0 0, L_0x17cdd40;  1 drivers
v0x17a0ce0_0 .net *"_ivl_83", 0 0, L_0x17ce290;  1 drivers
v0x17a0dc0_0 .net *"_ivl_86", 0 0, L_0x17ce3a0;  1 drivers
v0x17a0ea0_0 .net *"_ivl_88", 0 0, L_0x17ce030;  1 drivers
v0x17a0f80_0 .net *"_ivl_89", 0 0, L_0x17ce500;  1 drivers
v0x17a1060_0 .net *"_ivl_92", 0 0, L_0x17ce1f0;  1 drivers
v0x17a1140_0 .net *"_ivl_93", 0 0, L_0x17ce440;  1 drivers
v0x17a1220_0 .net *"_ivl_95", 0 0, L_0x17ce8f0;  1 drivers
v0x17a1300_0 .net *"_ivl_98", 0 0, L_0x17ce610;  1 drivers
v0x17a13e0_0 .net "cin", 0 0, L_0x17cfcd0;  1 drivers
v0x17a14a0_0 .net "cout", 2 0, L_0x17ccb60;  1 drivers
v0x17a1580_0 .net "gin", 3 0, L_0x17cf430;  1 drivers
v0x17a1660_0 .net "gout", 0 0, L_0x17cf080;  1 drivers
v0x17a1720_0 .net "pin", 3 0, L_0x17cfc30;  1 drivers
v0x17a1800_0 .net "pout", 0 0, L_0x17cf7c0;  1 drivers
L_0x17cc080 .part L_0x17cfc30, 0, 1;
L_0x17cc190 .part L_0x17cf430, 0, 1;
L_0x17cc2a0 .part L_0x17cfc30, 1, 1;
L_0x17cc390 .part L_0x17cfc30, 0, 1;
L_0x17cc650 .part L_0x17cfc30, 1, 1;
L_0x17cc6f0 .part L_0x17cf430, 0, 1;
L_0x17cc9b0 .part L_0x17cf430, 1, 1;
L_0x17ccb60 .concat8 [ 1 1 1 0], L_0x17cc230, L_0x17cca50, L_0x17cdab0;
L_0x17cccf0 .part L_0x17cfc30, 2, 1;
L_0x17ccd90 .part L_0x17cfc30, 1, 1;
L_0x17ccf40 .part L_0x17cfc30, 0, 1;
L_0x17cd1b0 .part L_0x17cfc30, 2, 1;
L_0x17cd2c0 .part L_0x17cfc30, 1, 1;
L_0x17cd420 .part L_0x17cf430, 0, 1;
L_0x17cd690 .part L_0x17cfc30, 2, 1;
L_0x17cd730 .part L_0x17cf430, 1, 1;
L_0x17cda10 .part L_0x17cf430, 2, 1;
L_0x17cdca0 .part L_0x17cfc30, 3, 1;
L_0x17cdde0 .part L_0x17cfc30, 2, 1;
L_0x17cdf90 .part L_0x17cfc30, 1, 1;
L_0x17cdd40 .part L_0x17cf430, 0, 1;
L_0x17ce3a0 .part L_0x17cfc30, 3, 1;
L_0x17ce030 .part L_0x17cfc30, 2, 1;
L_0x17ce1f0 .part L_0x17cf430, 1, 1;
L_0x17ce610 .part L_0x17cfc30, 3, 1;
L_0x17cecd0 .part L_0x17cf430, 2, 1;
L_0x17cea00 .part L_0x17cf430, 3, 1;
L_0x17cf190 .part L_0x17cfc30, 0, 1;
L_0x17ced70 .part L_0x17cfc30, 1, 1;
L_0x17cefb0 .part L_0x17cfc30, 2, 1;
L_0x17cf720 .part L_0x17cfc30, 3, 1;
S_0x17a1980 .scope generate, "genblk3[0]" "genblk3[0]" 4 93, 4 93 0, S_0x1789a10;
 .timescale -9 -12;
P_0x17a1b30 .param/l "i" 0 4 93, +C4<00>;
L_0x17d0a20 .functor XOR 1, L_0x17d0640, L_0x17d06e0, C4<0>, C4<0>;
L_0x17d0bd0 .functor XOR 1, L_0x17d0a20, L_0x17d0b30, C4<0>, C4<0>;
v0x17a1c10_0 .net *"_ivl_0", 0 0, L_0x17d0640;  1 drivers
v0x17a1cf0_0 .net *"_ivl_1", 0 0, L_0x17d06e0;  1 drivers
v0x17a1dd0_0 .net *"_ivl_2", 0 0, L_0x17d0a20;  1 drivers
v0x17a1e90_0 .net *"_ivl_4", 0 0, L_0x17d0b30;  1 drivers
v0x17a1f70_0 .net *"_ivl_5", 0 0, L_0x17d0bd0;  1 drivers
S_0x17a20a0 .scope generate, "genblk3[1]" "genblk3[1]" 4 93, 4 93 0, S_0x1789a10;
 .timescale -9 -12;
P_0x17a22a0 .param/l "i" 0 4 93, +C4<01>;
L_0x17d10d0 .functor XOR 1, L_0x17d0ce0, L_0x17d1030, C4<0>, C4<0>;
L_0x17d1540 .functor XOR 1, L_0x17d10d0, L_0x17d11e0, C4<0>, C4<0>;
v0x17a2380_0 .net *"_ivl_0", 0 0, L_0x17d0ce0;  1 drivers
v0x17a2460_0 .net *"_ivl_1", 0 0, L_0x17d1030;  1 drivers
v0x17a2540_0 .net *"_ivl_2", 0 0, L_0x17d10d0;  1 drivers
v0x17a2600_0 .net *"_ivl_4", 0 0, L_0x17d11e0;  1 drivers
v0x17a26e0_0 .net *"_ivl_5", 0 0, L_0x17d1540;  1 drivers
S_0x17a2810 .scope generate, "genblk3[2]" "genblk3[2]" 4 93, 4 93 0, S_0x1789a10;
 .timescale -9 -12;
P_0x17a2a10 .param/l "i" 0 4 93, +C4<010>;
L_0x17d1a60 .functor XOR 1, L_0x17d1650, L_0x17d16f0, C4<0>, C4<0>;
L_0x17d1c10 .functor XOR 1, L_0x17d1a60, L_0x17d1b70, C4<0>, C4<0>;
v0x17a2af0_0 .net *"_ivl_0", 0 0, L_0x17d1650;  1 drivers
v0x17a2bd0_0 .net *"_ivl_1", 0 0, L_0x17d16f0;  1 drivers
v0x17a2cb0_0 .net *"_ivl_2", 0 0, L_0x17d1a60;  1 drivers
v0x17a2d70_0 .net *"_ivl_4", 0 0, L_0x17d1b70;  1 drivers
v0x17a2e50_0 .net *"_ivl_5", 0 0, L_0x17d1c10;  1 drivers
S_0x17a2f80 .scope generate, "genblk3[3]" "genblk3[3]" 4 93, 4 93 0, S_0x1789a10;
 .timescale -9 -12;
P_0x17a3180 .param/l "i" 0 4 93, +C4<011>;
L_0x17d2140 .functor XOR 1, L_0x17d1d20, L_0x17d20a0, C4<0>, C4<0>;
L_0x17d25e0 .functor XOR 1, L_0x17d2140, L_0x17d2250, C4<0>, C4<0>;
v0x17a3260_0 .net *"_ivl_0", 0 0, L_0x17d1d20;  1 drivers
v0x17a3340_0 .net *"_ivl_1", 0 0, L_0x17d20a0;  1 drivers
v0x17a3420_0 .net *"_ivl_2", 0 0, L_0x17d2140;  1 drivers
v0x17a34e0_0 .net *"_ivl_4", 0 0, L_0x17d2250;  1 drivers
v0x17a35c0_0 .net *"_ivl_5", 0 0, L_0x17d25e0;  1 drivers
S_0x17a36f0 .scope generate, "genblk3[4]" "genblk3[4]" 4 93, 4 93 0, S_0x1789a10;
 .timescale -9 -12;
P_0x17a38f0 .param/l "i" 0 4 93, +C4<0100>;
L_0x17d2b30 .functor XOR 1, L_0x17d26f0, L_0x17d2790, C4<0>, C4<0>;
L_0x17d2ce0 .functor XOR 1, L_0x17d2b30, L_0x17d2c40, C4<0>, C4<0>;
v0x17a39d0_0 .net *"_ivl_0", 0 0, L_0x17d26f0;  1 drivers
v0x17a3ab0_0 .net *"_ivl_1", 0 0, L_0x17d2790;  1 drivers
v0x17a3b90_0 .net *"_ivl_2", 0 0, L_0x17d2b30;  1 drivers
v0x17a3c50_0 .net *"_ivl_4", 0 0, L_0x17d2c40;  1 drivers
v0x17a3d30_0 .net *"_ivl_5", 0 0, L_0x17d2ce0;  1 drivers
S_0x17a3e60 .scope generate, "genblk3[5]" "genblk3[5]" 4 93, 4 93 0, S_0x1789a10;
 .timescale -9 -12;
P_0x17a4060 .param/l "i" 0 4 93, +C4<0101>;
L_0x17d3240 .functor XOR 1, L_0x17d2df0, L_0x17d31a0, C4<0>, C4<0>;
L_0x17d3710 .functor XOR 1, L_0x17d3240, L_0x17d3350, C4<0>, C4<0>;
v0x17a4140_0 .net *"_ivl_0", 0 0, L_0x17d2df0;  1 drivers
v0x17a4220_0 .net *"_ivl_1", 0 0, L_0x17d31a0;  1 drivers
v0x17a4300_0 .net *"_ivl_2", 0 0, L_0x17d3240;  1 drivers
v0x17a43c0_0 .net *"_ivl_4", 0 0, L_0x17d3350;  1 drivers
v0x17a44a0_0 .net *"_ivl_5", 0 0, L_0x17d3710;  1 drivers
S_0x17a45d0 .scope generate, "genblk3[6]" "genblk3[6]" 4 93, 4 93 0, S_0x1789a10;
 .timescale -9 -12;
P_0x17a47d0 .param/l "i" 0 4 93, +C4<0110>;
L_0x17d3c90 .functor XOR 1, L_0x17d3820, L_0x17d38c0, C4<0>, C4<0>;
L_0x17d3e40 .functor XOR 1, L_0x17d3c90, L_0x17d3da0, C4<0>, C4<0>;
v0x17a48b0_0 .net *"_ivl_0", 0 0, L_0x17d3820;  1 drivers
v0x17a4990_0 .net *"_ivl_1", 0 0, L_0x17d38c0;  1 drivers
v0x17a4a70_0 .net *"_ivl_2", 0 0, L_0x17d3c90;  1 drivers
v0x17a4b30_0 .net *"_ivl_4", 0 0, L_0x17d3da0;  1 drivers
v0x17a4c10_0 .net *"_ivl_5", 0 0, L_0x17d3e40;  1 drivers
S_0x17a4d40 .scope generate, "genblk3[7]" "genblk3[7]" 4 93, 4 93 0, S_0x1789a10;
 .timescale -9 -12;
P_0x17a4f40 .param/l "i" 0 4 93, +C4<0111>;
L_0x17d43d0 .functor XOR 1, L_0x17d3f50, L_0x17d4330, C4<0>, C4<0>;
L_0x17d48d0 .functor XOR 1, L_0x17d43d0, L_0x17d44e0, C4<0>, C4<0>;
v0x17a5020_0 .net *"_ivl_0", 0 0, L_0x17d3f50;  1 drivers
v0x17a5100_0 .net *"_ivl_1", 0 0, L_0x17d4330;  1 drivers
v0x17a51e0_0 .net *"_ivl_2", 0 0, L_0x17d43d0;  1 drivers
v0x17a52a0_0 .net *"_ivl_4", 0 0, L_0x17d44e0;  1 drivers
v0x17a5380_0 .net *"_ivl_5", 0 0, L_0x17d48d0;  1 drivers
S_0x17a54b0 .scope generate, "genblk3[8]" "genblk3[8]" 4 93, 4 93 0, S_0x1789a10;
 .timescale -9 -12;
P_0x17a56b0 .param/l "i" 0 4 93, +C4<01000>;
L_0x17d4e80 .functor XOR 1, L_0x17d49e0, L_0x17d4a80, C4<0>, C4<0>;
L_0x17d5030 .functor XOR 1, L_0x17d4e80, L_0x17d4f90, C4<0>, C4<0>;
v0x17a5790_0 .net *"_ivl_0", 0 0, L_0x17d49e0;  1 drivers
v0x17a5870_0 .net *"_ivl_1", 0 0, L_0x17d4a80;  1 drivers
v0x17a5950_0 .net *"_ivl_2", 0 0, L_0x17d4e80;  1 drivers
v0x17a5a10_0 .net *"_ivl_4", 0 0, L_0x17d4f90;  1 drivers
v0x17a5af0_0 .net *"_ivl_5", 0 0, L_0x17d5030;  1 drivers
S_0x17a5c20 .scope generate, "genblk3[9]" "genblk3[9]" 4 93, 4 93 0, S_0x1789a10;
 .timescale -9 -12;
P_0x17a5e20 .param/l "i" 0 4 93, +C4<01001>;
L_0x17d55f0 .functor XOR 1, L_0x17d5140, L_0x17d5550, C4<0>, C4<0>;
L_0x17d5b20 .functor XOR 1, L_0x17d55f0, L_0x17d5700, C4<0>, C4<0>;
v0x17a5f00_0 .net *"_ivl_0", 0 0, L_0x17d5140;  1 drivers
v0x17a5fe0_0 .net *"_ivl_1", 0 0, L_0x17d5550;  1 drivers
v0x17a60c0_0 .net *"_ivl_2", 0 0, L_0x17d55f0;  1 drivers
v0x17a6180_0 .net *"_ivl_4", 0 0, L_0x17d5700;  1 drivers
v0x17a6260_0 .net *"_ivl_5", 0 0, L_0x17d5b20;  1 drivers
S_0x17a6390 .scope generate, "genblk3[10]" "genblk3[10]" 4 93, 4 93 0, S_0x1789a10;
 .timescale -9 -12;
P_0x17a6590 .param/l "i" 0 4 93, +C4<01010>;
L_0x17d6100 .functor XOR 1, L_0x17d5c30, L_0x17d5cd0, C4<0>, C4<0>;
L_0x17d62b0 .functor XOR 1, L_0x17d6100, L_0x17d6210, C4<0>, C4<0>;
v0x17a6670_0 .net *"_ivl_0", 0 0, L_0x17d5c30;  1 drivers
v0x17a6750_0 .net *"_ivl_1", 0 0, L_0x17d5cd0;  1 drivers
v0x17a6830_0 .net *"_ivl_2", 0 0, L_0x17d6100;  1 drivers
v0x17a68f0_0 .net *"_ivl_4", 0 0, L_0x17d6210;  1 drivers
v0x17a69d0_0 .net *"_ivl_5", 0 0, L_0x17d62b0;  1 drivers
S_0x17a6b00 .scope generate, "genblk3[11]" "genblk3[11]" 4 93, 4 93 0, S_0x1789a10;
 .timescale -9 -12;
P_0x17a6d00 .param/l "i" 0 4 93, +C4<01011>;
L_0x17d68a0 .functor XOR 1, L_0x17d63c0, L_0x17d6800, C4<0>, C4<0>;
L_0x17d7010 .functor XOR 1, L_0x17d68a0, L_0x17d69b0, C4<0>, C4<0>;
v0x17a6de0_0 .net *"_ivl_0", 0 0, L_0x17d63c0;  1 drivers
v0x17a6ec0_0 .net *"_ivl_1", 0 0, L_0x17d6800;  1 drivers
v0x17a6fa0_0 .net *"_ivl_2", 0 0, L_0x17d68a0;  1 drivers
v0x17a7060_0 .net *"_ivl_4", 0 0, L_0x17d69b0;  1 drivers
v0x17a7140_0 .net *"_ivl_5", 0 0, L_0x17d7010;  1 drivers
S_0x17a7270 .scope generate, "genblk3[12]" "genblk3[12]" 4 93, 4 93 0, S_0x1789a10;
 .timescale -9 -12;
P_0x17a7680 .param/l "i" 0 4 93, +C4<01100>;
L_0x17d7620 .functor XOR 1, L_0x17d7120, L_0x17d71c0, C4<0>, C4<0>;
L_0x17d77d0 .functor XOR 1, L_0x17d7620, L_0x17d7730, C4<0>, C4<0>;
v0x17a7760_0 .net *"_ivl_0", 0 0, L_0x17d7120;  1 drivers
v0x17a7840_0 .net *"_ivl_1", 0 0, L_0x17d71c0;  1 drivers
v0x17a7920_0 .net *"_ivl_2", 0 0, L_0x17d7620;  1 drivers
v0x17a79e0_0 .net *"_ivl_4", 0 0, L_0x17d7730;  1 drivers
v0x17a7ac0_0 .net *"_ivl_5", 0 0, L_0x17d77d0;  1 drivers
S_0x17a7bf0 .scope generate, "genblk3[13]" "genblk3[13]" 4 93, 4 93 0, S_0x1789a10;
 .timescale -9 -12;
P_0x17a7df0 .param/l "i" 0 4 93, +C4<01101>;
L_0x17d7df0 .functor XOR 1, L_0x17d78e0, L_0x17d7d50, C4<0>, C4<0>;
L_0x17d8380 .functor XOR 1, L_0x17d7df0, L_0x17d7f00, C4<0>, C4<0>;
v0x17a7ed0_0 .net *"_ivl_0", 0 0, L_0x17d78e0;  1 drivers
v0x17a7fb0_0 .net *"_ivl_1", 0 0, L_0x17d7d50;  1 drivers
v0x17a8090_0 .net *"_ivl_2", 0 0, L_0x17d7df0;  1 drivers
v0x17a8150_0 .net *"_ivl_4", 0 0, L_0x17d7f00;  1 drivers
v0x17a8230_0 .net *"_ivl_5", 0 0, L_0x17d8380;  1 drivers
S_0x17a8360 .scope generate, "genblk3[14]" "genblk3[14]" 4 93, 4 93 0, S_0x1789a10;
 .timescale -9 -12;
P_0x17a8560 .param/l "i" 0 4 93, +C4<01110>;
L_0x17d89c0 .functor XOR 1, L_0x17d8490, L_0x17d8530, C4<0>, C4<0>;
L_0x17d8b70 .functor XOR 1, L_0x17d89c0, L_0x17d8ad0, C4<0>, C4<0>;
v0x17a8640_0 .net *"_ivl_0", 0 0, L_0x17d8490;  1 drivers
v0x17a8720_0 .net *"_ivl_1", 0 0, L_0x17d8530;  1 drivers
v0x17a8800_0 .net *"_ivl_2", 0 0, L_0x17d89c0;  1 drivers
v0x17a88c0_0 .net *"_ivl_4", 0 0, L_0x17d8ad0;  1 drivers
v0x17a89a0_0 .net *"_ivl_5", 0 0, L_0x17d8b70;  1 drivers
S_0x17a8ad0 .scope generate, "genblk3[15]" "genblk3[15]" 4 93, 4 93 0, S_0x1789a10;
 .timescale -9 -12;
P_0x17a8cd0 .param/l "i" 0 4 93, +C4<01111>;
L_0x17c5c40 .functor XOR 1, L_0x17d9620, L_0x17d96c0, C4<0>, C4<0>;
L_0x17d9c10 .functor XOR 1, L_0x17c5c40, L_0x17d9b70, C4<0>, C4<0>;
v0x17a8db0_0 .net *"_ivl_0", 0 0, L_0x17d9620;  1 drivers
v0x17a8e90_0 .net *"_ivl_1", 0 0, L_0x17d96c0;  1 drivers
v0x17a8f70_0 .net *"_ivl_2", 0 0, L_0x17c5c40;  1 drivers
v0x17a9030_0 .net *"_ivl_4", 0 0, L_0x17d9b70;  1 drivers
v0x17a9110_0 .net *"_ivl_5", 0 0, L_0x17d9c10;  1 drivers
S_0x17a9240 .scope module, "layer_2_gp" "gp4" 4 83, 4 27 0, S_0x1789a10;
 .timescale -9 -12;
    .port_info 0 /INPUT 4 "gin";
    .port_info 1 /INPUT 4 "pin";
    .port_info 2 /INPUT 1 "cin";
    .port_info 3 /OUTPUT 1 "gout";
    .port_info 4 /OUTPUT 1 "pout";
    .port_info 5 /OUTPUT 3 "cout";
L_0x17d9e80 .functor AND 1, L_0x17d9de0, L_0x17dd370, C4<1>, C4<1>;
L_0x17d9fe0 .functor OR 1, L_0x17d9e80, L_0x17d9f40, C4<0>, C4<0>;
L_0x17da230 .functor AND 1, L_0x17da0f0, L_0x17da190, C4<1>, C4<1>;
L_0x17da2f0 .functor AND 1, L_0x17da230, L_0x17dd370, C4<1>, C4<1>;
L_0x17da540 .functor AND 1, L_0x17da400, L_0x17da4a0, C4<1>, C4<1>;
L_0x17da600 .functor OR 1, L_0x17da2f0, L_0x17da540, C4<0>, C4<0>;
L_0x17da7b0 .functor OR 1, L_0x17da600, L_0x17da710, C4<0>, C4<0>;
L_0x17dabf0 .functor AND 1, L_0x17daa50, L_0x17daaf0, C4<1>, C4<1>;
L_0x17dada0 .functor AND 1, L_0x17dabf0, L_0x17dad00, C4<1>, C4<1>;
L_0x17daeb0 .functor AND 1, L_0x17dada0, L_0x17dd370, C4<1>, C4<1>;
L_0x17db180 .functor AND 1, L_0x17dafd0, L_0x17db0e0, C4<1>, C4<1>;
L_0x17db070 .functor AND 1, L_0x17db180, L_0x17db240, C4<1>, C4<1>;
L_0x17db470 .functor OR 1, L_0x17daeb0, L_0x17db070, C4<0>, C4<0>;
L_0x17db750 .functor AND 1, L_0x17db580, L_0x17db620, C4<1>, C4<1>;
L_0x17db400 .functor OR 1, L_0x17db470, L_0x17db750, C4<0>, C4<0>;
L_0x17dbab0 .functor OR 1, L_0x17db400, L_0x17db900, C4<0>, C4<0>;
L_0x17dbe80 .functor AND 1, L_0x17dbca0, L_0x17dbde0, C4<1>, C4<1>;
L_0x17dc0e0 .functor AND 1, L_0x17dbe80, L_0x17dbf90, C4<1>, C4<1>;
L_0x17dc290 .functor AND 1, L_0x17dc0e0, L_0x17dbd40, C4<1>, C4<1>;
L_0x17dc710 .functor AND 1, L_0x17dc3a0, L_0x17dc030, C4<1>, C4<1>;
L_0x17dc650 .functor AND 1, L_0x17dc710, L_0x17dc1f0, C4<1>, C4<1>;
L_0x17dc9f0 .functor OR 1, L_0x17dc290, L_0x17dc650, C4<0>, C4<0>;
L_0x17dc8d0 .functor AND 1, L_0x17dc820, L_0x17dcbc0, C4<1>, C4<1>;
L_0x17dcd90 .functor OR 1, L_0x17dc9f0, L_0x17dc8d0, C4<0>, C4<0>;
L_0x17dcf70 .functor OR 1, L_0x17dcd90, L_0x17dcb00, C4<0>, C4<0>;
L_0x17dd260 .functor AND 1, L_0x17dd0d0, L_0x17dcc60, C4<1>, C4<1>;
L_0x17dd170 .functor AND 1, L_0x17dd260, L_0x17dcea0, C4<1>, C4<1>;
L_0x17dd640 .functor AND 1, L_0x17dd170, L_0x17dd5a0, C4<1>, C4<1>;
v0x17a94c0_0 .net *"_ivl_100", 0 0, L_0x17dcbc0;  1 drivers
v0x17a95c0_0 .net *"_ivl_101", 0 0, L_0x17dc8d0;  1 drivers
v0x17a96a0_0 .net *"_ivl_103", 0 0, L_0x17dcd90;  1 drivers
v0x17a9760_0 .net *"_ivl_106", 0 0, L_0x17dcb00;  1 drivers
v0x17a9840_0 .net *"_ivl_110", 0 0, L_0x17dd0d0;  1 drivers
v0x17a9970_0 .net *"_ivl_112", 0 0, L_0x17dcc60;  1 drivers
v0x17a9a50_0 .net *"_ivl_113", 0 0, L_0x17dd260;  1 drivers
v0x17a9b30_0 .net *"_ivl_116", 0 0, L_0x17dcea0;  1 drivers
v0x17a9c10_0 .net *"_ivl_117", 0 0, L_0x17dd170;  1 drivers
v0x17a9cf0_0 .net *"_ivl_120", 0 0, L_0x17dd5a0;  1 drivers
v0x17a9dd0_0 .net *"_ivl_13", 0 0, L_0x17da0f0;  1 drivers
v0x17a9eb0_0 .net *"_ivl_15", 0 0, L_0x17da190;  1 drivers
v0x17a9f90_0 .net *"_ivl_16", 0 0, L_0x17da230;  1 drivers
v0x17aa070_0 .net *"_ivl_18", 0 0, L_0x17da2f0;  1 drivers
v0x17aa150_0 .net *"_ivl_21", 0 0, L_0x17da400;  1 drivers
v0x17aa230_0 .net *"_ivl_23", 0 0, L_0x17da4a0;  1 drivers
v0x17aa310_0 .net *"_ivl_24", 0 0, L_0x17da540;  1 drivers
v0x17aa3f0_0 .net *"_ivl_26", 0 0, L_0x17da600;  1 drivers
v0x17aa4d0_0 .net *"_ivl_29", 0 0, L_0x17da710;  1 drivers
v0x17aa5b0_0 .net *"_ivl_3", 0 0, L_0x17d9de0;  1 drivers
v0x17aa690_0 .net *"_ivl_30", 0 0, L_0x17da7b0;  1 drivers
v0x17aa770_0 .net *"_ivl_36", 0 0, L_0x17daa50;  1 drivers
v0x17aa850_0 .net *"_ivl_38", 0 0, L_0x17daaf0;  1 drivers
v0x17aa930_0 .net *"_ivl_39", 0 0, L_0x17dabf0;  1 drivers
v0x17aaa10_0 .net *"_ivl_4", 0 0, L_0x17d9e80;  1 drivers
v0x17aaaf0_0 .net *"_ivl_42", 0 0, L_0x17dad00;  1 drivers
v0x17aabd0_0 .net *"_ivl_43", 0 0, L_0x17dada0;  1 drivers
v0x17aacb0_0 .net *"_ivl_45", 0 0, L_0x17daeb0;  1 drivers
v0x17aad90_0 .net *"_ivl_48", 0 0, L_0x17dafd0;  1 drivers
v0x17aae70_0 .net *"_ivl_50", 0 0, L_0x17db0e0;  1 drivers
v0x17aaf50_0 .net *"_ivl_51", 0 0, L_0x17db180;  1 drivers
v0x17ab030_0 .net *"_ivl_54", 0 0, L_0x17db240;  1 drivers
v0x17ab110_0 .net *"_ivl_55", 0 0, L_0x17db070;  1 drivers
v0x17ab400_0 .net *"_ivl_57", 0 0, L_0x17db470;  1 drivers
v0x17ab4e0_0 .net *"_ivl_60", 0 0, L_0x17db580;  1 drivers
v0x17ab5c0_0 .net *"_ivl_62", 0 0, L_0x17db620;  1 drivers
v0x17ab6a0_0 .net *"_ivl_63", 0 0, L_0x17db750;  1 drivers
v0x17ab780_0 .net *"_ivl_65", 0 0, L_0x17db400;  1 drivers
v0x17ab860_0 .net *"_ivl_68", 0 0, L_0x17db900;  1 drivers
v0x17ab940_0 .net *"_ivl_69", 0 0, L_0x17dbab0;  1 drivers
v0x17aba20_0 .net *"_ivl_7", 0 0, L_0x17d9f40;  1 drivers
v0x17abb00_0 .net *"_ivl_72", 0 0, L_0x17dbca0;  1 drivers
v0x17abbe0_0 .net *"_ivl_74", 0 0, L_0x17dbde0;  1 drivers
v0x17abcc0_0 .net *"_ivl_75", 0 0, L_0x17dbe80;  1 drivers
v0x17abda0_0 .net *"_ivl_78", 0 0, L_0x17dbf90;  1 drivers
v0x17abe80_0 .net *"_ivl_79", 0 0, L_0x17dc0e0;  1 drivers
v0x17abf60_0 .net *"_ivl_8", 0 0, L_0x17d9fe0;  1 drivers
v0x17ac040_0 .net *"_ivl_82", 0 0, L_0x17dbd40;  1 drivers
v0x17ac120_0 .net *"_ivl_83", 0 0, L_0x17dc290;  1 drivers
v0x17ac200_0 .net *"_ivl_86", 0 0, L_0x17dc3a0;  1 drivers
v0x17ac2e0_0 .net *"_ivl_88", 0 0, L_0x17dc030;  1 drivers
v0x17ac3c0_0 .net *"_ivl_89", 0 0, L_0x17dc710;  1 drivers
v0x17ac4a0_0 .net *"_ivl_92", 0 0, L_0x17dc1f0;  1 drivers
v0x17ac580_0 .net *"_ivl_93", 0 0, L_0x17dc650;  1 drivers
v0x17ac660_0 .net *"_ivl_95", 0 0, L_0x17dc9f0;  1 drivers
v0x17ac740_0 .net *"_ivl_98", 0 0, L_0x17dc820;  1 drivers
v0x17ac820_0 .net "cin", 0 0, L_0x17dd370;  1 drivers
v0x17ac8e0_0 .net "cout", 2 0, L_0x17da8c0;  1 drivers
v0x17ac9c0_0 .net "gin", 3 0, L_0x17cfff0;  alias, 1 drivers
v0x17acaa0_0 .net "gout", 0 0, L_0x17dcf70;  alias, 1 drivers
v0x17acb60_0 .net "pin", 3 0, L_0x17d0180;  alias, 1 drivers
v0x17acc40_0 .net "pout", 0 0, L_0x17dd640;  alias, 1 drivers
L_0x17d9de0 .part L_0x17d0180, 0, 1;
L_0x17d9f40 .part L_0x17cfff0, 0, 1;
L_0x17da0f0 .part L_0x17d0180, 1, 1;
L_0x17da190 .part L_0x17d0180, 0, 1;
L_0x17da400 .part L_0x17d0180, 1, 1;
L_0x17da4a0 .part L_0x17cfff0, 0, 1;
L_0x17da710 .part L_0x17cfff0, 1, 1;
L_0x17da8c0 .concat8 [ 1 1 1 0], L_0x17d9fe0, L_0x17da7b0, L_0x17dbab0;
L_0x17daa50 .part L_0x17d0180, 2, 1;
L_0x17daaf0 .part L_0x17d0180, 1, 1;
L_0x17dad00 .part L_0x17d0180, 0, 1;
L_0x17dafd0 .part L_0x17d0180, 2, 1;
L_0x17db0e0 .part L_0x17d0180, 1, 1;
L_0x17db240 .part L_0x17cfff0, 0, 1;
L_0x17db580 .part L_0x17d0180, 2, 1;
L_0x17db620 .part L_0x17cfff0, 1, 1;
L_0x17db900 .part L_0x17cfff0, 2, 1;
L_0x17dbca0 .part L_0x17d0180, 3, 1;
L_0x17dbde0 .part L_0x17d0180, 2, 1;
L_0x17dbf90 .part L_0x17d0180, 1, 1;
L_0x17dbd40 .part L_0x17cfff0, 0, 1;
L_0x17dc3a0 .part L_0x17d0180, 3, 1;
L_0x17dc030 .part L_0x17d0180, 2, 1;
L_0x17dc1f0 .part L_0x17cfff0, 1, 1;
L_0x17dc820 .part L_0x17d0180, 3, 1;
L_0x17dcbc0 .part L_0x17cfff0, 2, 1;
L_0x17dcb00 .part L_0x17cfff0, 3, 1;
L_0x17dd0d0 .part L_0x17d0180, 0, 1;
L_0x17dcc60 .part L_0x17d0180, 1, 1;
L_0x17dcea0 .part L_0x17d0180, 2, 1;
L_0x17dd5a0 .part L_0x17d0180, 3, 1;
S_0x17ada60 .scope module, "gp" "gp4" 2 40, 4 27 0, S_0x16c10e0;
 .timescale -9 -12;
    .port_info 0 /INPUT 4 "gin";
    .port_info 1 /INPUT 4 "pin";
    .port_info 2 /INPUT 1 "cin";
    .port_info 3 /OUTPUT 1 "gout";
    .port_info 4 /OUTPUT 1 "pout";
    .port_info 5 /OUTPUT 3 "cout";
L_0x1718b50 .functor AND 1, L_0x17b33b0, v0x17b2460_0, C4<1>, C4<1>;
L_0x1729fc0 .functor OR 1, L_0x1718b50, L_0x17b3540, C4<0>, C4<0>;
L_0x173b490 .functor AND 1, L_0x17b36d0, L_0x17b3770, C4<1>, C4<1>;
L_0x1769b00 .functor AND 1, L_0x173b490, v0x17b2460_0, C4<1>, C4<1>;
L_0x17b3b50 .functor AND 1, L_0x17b39d0, L_0x17b3a70, C4<1>, C4<1>;
L_0x17b3c10 .functor OR 1, L_0x1769b00, L_0x17b3b50, C4<0>, C4<0>;
L_0x17b3e90 .functor OR 1, L_0x17b3c10, L_0x17b3d60, C4<0>, C4<0>;
L_0x17b42d0 .functor AND 1, L_0x17b4130, L_0x17b41d0, C4<1>, C4<1>;
L_0x17b4480 .functor AND 1, L_0x17b42d0, L_0x17b43e0, C4<1>, C4<1>;
L_0x17b4590 .functor AND 1, L_0x17b4480, v0x17b2460_0, C4<1>, C4<1>;
L_0x17b4860 .functor AND 1, L_0x17b46b0, L_0x17b47c0, C4<1>, C4<1>;
L_0x17b4750 .functor AND 1, L_0x17b4860, L_0x17b4920, C4<1>, C4<1>;
L_0x17b4b50 .functor OR 1, L_0x17b4590, L_0x17b4750, C4<0>, C4<0>;
L_0x17b4e30 .functor AND 1, L_0x17b4c60, L_0x17b4d00, C4<1>, C4<1>;
L_0x17b4ae0 .functor OR 1, L_0x17b4b50, L_0x17b4e30, C4<0>, C4<0>;
L_0x17b5100 .functor OR 1, L_0x17b4ae0, L_0x17b5060, C4<0>, C4<0>;
L_0x17b54d0 .functor AND 1, L_0x17b52f0, L_0x17b5430, C4<1>, C4<1>;
L_0x17b5730 .functor AND 1, L_0x17b54d0, L_0x17b55e0, C4<1>, C4<1>;
L_0x17b59f0 .functor AND 1, L_0x17b5730, L_0x17b5390, C4<1>, C4<1>;
L_0x17b5f10 .functor AND 1, L_0x17b5b00, L_0x17b5c60, C4<1>, C4<1>;
L_0x17b61a0 .functor AND 1, L_0x17b5f10, L_0x17b5840, C4<1>, C4<1>;
L_0x17b62b0 .functor OR 1, L_0x17b59f0, L_0x17b61a0, C4<0>, C4<0>;
L_0x17b66a0 .functor AND 1, L_0x17b6480, L_0x17b6520, C4<1>, C4<1>;
L_0x17b67b0 .functor OR 1, L_0x17b62b0, L_0x17b66a0, C4<0>, C4<0>;
L_0x17b6a30 .functor OR 1, L_0x17b67b0, L_0x17b6990, C4<0>, C4<0>;
L_0x17b6dc0 .functor AND 1, L_0x17b6b90, L_0x17b6d20, C4<1>, C4<1>;
L_0x17b7150 .functor AND 1, L_0x17b6dc0, L_0x17b6fb0, C4<1>, C4<1>;
L_0x17b7300 .functor AND 1, L_0x17b7150, L_0x17b7260, C4<1>, C4<1>;
v0x17adc90_0 .net *"_ivl_100", 0 0, L_0x17b6520;  1 drivers
v0x17add70_0 .net *"_ivl_101", 0 0, L_0x17b66a0;  1 drivers
v0x17ade50_0 .net *"_ivl_103", 0 0, L_0x17b67b0;  1 drivers
v0x17adf40_0 .net *"_ivl_106", 0 0, L_0x17b6990;  1 drivers
v0x17ae020_0 .net *"_ivl_110", 0 0, L_0x17b6b90;  1 drivers
v0x17ae150_0 .net *"_ivl_112", 0 0, L_0x17b6d20;  1 drivers
v0x17ae230_0 .net *"_ivl_113", 0 0, L_0x17b6dc0;  1 drivers
v0x17ae310_0 .net *"_ivl_116", 0 0, L_0x17b6fb0;  1 drivers
v0x17ae3f0_0 .net *"_ivl_117", 0 0, L_0x17b7150;  1 drivers
v0x17ae560_0 .net *"_ivl_120", 0 0, L_0x17b7260;  1 drivers
v0x17ae640_0 .net *"_ivl_13", 0 0, L_0x17b36d0;  1 drivers
v0x17ae720_0 .net *"_ivl_15", 0 0, L_0x17b3770;  1 drivers
v0x17ae800_0 .net *"_ivl_16", 0 0, L_0x173b490;  1 drivers
v0x17ae8e0_0 .net *"_ivl_18", 0 0, L_0x1769b00;  1 drivers
v0x17ae9c0_0 .net *"_ivl_21", 0 0, L_0x17b39d0;  1 drivers
v0x17aeaa0_0 .net *"_ivl_23", 0 0, L_0x17b3a70;  1 drivers
v0x17aeb80_0 .net *"_ivl_24", 0 0, L_0x17b3b50;  1 drivers
v0x17aec60_0 .net *"_ivl_26", 0 0, L_0x17b3c10;  1 drivers
v0x17aed40_0 .net *"_ivl_29", 0 0, L_0x17b3d60;  1 drivers
v0x17aee20_0 .net *"_ivl_3", 0 0, L_0x17b33b0;  1 drivers
v0x17aef00_0 .net *"_ivl_30", 0 0, L_0x17b3e90;  1 drivers
v0x17aefe0_0 .net *"_ivl_36", 0 0, L_0x17b4130;  1 drivers
v0x17af0c0_0 .net *"_ivl_38", 0 0, L_0x17b41d0;  1 drivers
v0x17af1a0_0 .net *"_ivl_39", 0 0, L_0x17b42d0;  1 drivers
v0x17af280_0 .net *"_ivl_4", 0 0, L_0x1718b50;  1 drivers
v0x17af360_0 .net *"_ivl_42", 0 0, L_0x17b43e0;  1 drivers
v0x17af440_0 .net *"_ivl_43", 0 0, L_0x17b4480;  1 drivers
v0x17af520_0 .net *"_ivl_45", 0 0, L_0x17b4590;  1 drivers
v0x17af600_0 .net *"_ivl_48", 0 0, L_0x17b46b0;  1 drivers
v0x17af6e0_0 .net *"_ivl_50", 0 0, L_0x17b47c0;  1 drivers
v0x17af7c0_0 .net *"_ivl_51", 0 0, L_0x17b4860;  1 drivers
v0x17af8a0_0 .net *"_ivl_54", 0 0, L_0x17b4920;  1 drivers
v0x17af980_0 .net *"_ivl_55", 0 0, L_0x17b4750;  1 drivers
v0x17afc70_0 .net *"_ivl_57", 0 0, L_0x17b4b50;  1 drivers
v0x17afd50_0 .net *"_ivl_60", 0 0, L_0x17b4c60;  1 drivers
v0x17afe30_0 .net *"_ivl_62", 0 0, L_0x17b4d00;  1 drivers
v0x17aff10_0 .net *"_ivl_63", 0 0, L_0x17b4e30;  1 drivers
v0x17afff0_0 .net *"_ivl_65", 0 0, L_0x17b4ae0;  1 drivers
v0x17b00d0_0 .net *"_ivl_68", 0 0, L_0x17b5060;  1 drivers
v0x17b01b0_0 .net *"_ivl_69", 0 0, L_0x17b5100;  1 drivers
v0x17b0290_0 .net *"_ivl_7", 0 0, L_0x17b3540;  1 drivers
v0x17b0370_0 .net *"_ivl_72", 0 0, L_0x17b52f0;  1 drivers
v0x17b0450_0 .net *"_ivl_74", 0 0, L_0x17b5430;  1 drivers
v0x17b0530_0 .net *"_ivl_75", 0 0, L_0x17b54d0;  1 drivers
v0x17b0610_0 .net *"_ivl_78", 0 0, L_0x17b55e0;  1 drivers
v0x17b06f0_0 .net *"_ivl_79", 0 0, L_0x17b5730;  1 drivers
v0x17b07d0_0 .net *"_ivl_8", 0 0, L_0x1729fc0;  1 drivers
v0x17b08b0_0 .net *"_ivl_82", 0 0, L_0x17b5390;  1 drivers
v0x17b0990_0 .net *"_ivl_83", 0 0, L_0x17b59f0;  1 drivers
v0x17b0a70_0 .net *"_ivl_86", 0 0, L_0x17b5b00;  1 drivers
v0x17b0b50_0 .net *"_ivl_88", 0 0, L_0x17b5c60;  1 drivers
v0x17b0c30_0 .net *"_ivl_89", 0 0, L_0x17b5f10;  1 drivers
v0x17b0d10_0 .net *"_ivl_92", 0 0, L_0x17b5840;  1 drivers
v0x17b0df0_0 .net *"_ivl_93", 0 0, L_0x17b61a0;  1 drivers
v0x17b0ed0_0 .net *"_ivl_95", 0 0, L_0x17b62b0;  1 drivers
v0x17b0fb0_0 .net *"_ivl_98", 0 0, L_0x17b6480;  1 drivers
v0x17b1090_0 .net "cin", 0 0, v0x17b2460_0;  alias, 1 drivers
v0x17b1130_0 .net "cout", 2 0, L_0x17b3f50;  alias, 1 drivers
v0x17b11f0_0 .net "gin", 3 0, v0x17b2aa0_0;  1 drivers
v0x17b12d0_0 .net "gout", 0 0, L_0x17b6a30;  alias, 1 drivers
v0x17b1390_0 .net "pin", 3 0, v0x17b2fa0_0;  1 drivers
v0x17b1470_0 .net "pout", 0 0, L_0x17b7300;  alias, 1 drivers
L_0x17b33b0 .part v0x17b2fa0_0, 0, 1;
L_0x17b3540 .part v0x17b2aa0_0, 0, 1;
L_0x17b36d0 .part v0x17b2fa0_0, 1, 1;
L_0x17b3770 .part v0x17b2fa0_0, 0, 1;
L_0x17b39d0 .part v0x17b2fa0_0, 1, 1;
L_0x17b3a70 .part v0x17b2aa0_0, 0, 1;
L_0x17b3d60 .part v0x17b2aa0_0, 1, 1;
L_0x17b3f50 .concat8 [ 1 1 1 0], L_0x1729fc0, L_0x17b3e90, L_0x17b5100;
L_0x17b4130 .part v0x17b2fa0_0, 2, 1;
L_0x17b41d0 .part v0x17b2fa0_0, 1, 1;
L_0x17b43e0 .part v0x17b2fa0_0, 0, 1;
L_0x17b46b0 .part v0x17b2fa0_0, 2, 1;
L_0x17b47c0 .part v0x17b2fa0_0, 1, 1;
L_0x17b4920 .part v0x17b2aa0_0, 0, 1;
L_0x17b4c60 .part v0x17b2fa0_0, 2, 1;
L_0x17b4d00 .part v0x17b2aa0_0, 1, 1;
L_0x17b5060 .part v0x17b2aa0_0, 2, 1;
L_0x17b52f0 .part v0x17b2fa0_0, 3, 1;
L_0x17b5430 .part v0x17b2fa0_0, 2, 1;
L_0x17b55e0 .part v0x17b2fa0_0, 1, 1;
L_0x17b5390 .part v0x17b2aa0_0, 0, 1;
L_0x17b5b00 .part v0x17b2fa0_0, 3, 1;
L_0x17b5c60 .part v0x17b2fa0_0, 2, 1;
L_0x17b5840 .part v0x17b2aa0_0, 1, 1;
L_0x17b6480 .part v0x17b2fa0_0, 3, 1;
L_0x17b6520 .part v0x17b2aa0_0, 2, 1;
L_0x17b6990 .part v0x17b2aa0_0, 3, 1;
L_0x17b6b90 .part v0x17b2fa0_0, 0, 1;
L_0x17b6d20 .part v0x17b2fa0_0, 1, 1;
L_0x17b6fb0 .part v0x17b2fa0_0, 2, 1;
L_0x17b7260 .part v0x17b2fa0_0, 3, 1;
S_0x17b1630 .scope task, "pinstr" "pinstr" 5 1, 5 1 0, S_0x16c10e0;
 .timescale -9 -12;
v0x17b17c0_0 .var "insn", 15 0;
v0x17b18c0_0 .var "op", 4 0;
TD_test_alu.pinstr ;
    %load/vec4 v0x17b17c0_0;
    %parti/s 4, 12, 5;
    %pad/u 5;
    %store/vec4 v0x17b18c0_0, 0, 5;
    %load/vec4 v0x17b18c0_0;
    %pad/u 32;
    %cmpi/e 0, 0, 32;
    %jmp/0xz  T_0.0, 4;
    %load/vec4 v0x17b17c0_0;
    %parti/s 3, 9, 5;
    %pad/u 32;
    %cmpi/e 0, 0, 32;
    %jmp/0xz  T_0.2, 4;
    %vpi_call 5 11 "$write", "NOP" {0 0 0};
    %jmp T_0.3;
T_0.2 ;
    %load/vec4 v0x17b17c0_0;
    %parti/s 3, 9, 5;
    %pad/u 32;
    %cmpi/e 4, 0, 32;
    %jmp/0xz  T_0.4, 4;
    %vpi_call 5 12 "$write", "BRn %b", &PV<v0x17b17c0_0, 0, 9> {0 0 0};
    %jmp T_0.5;
T_0.4 ;
    %load/vec4 v0x17b17c0_0;
    %parti/s 3, 9, 5;
    %pad/u 32;
    %cmpi/e 6, 0, 32;
    %jmp/0xz  T_0.6, 4;
    %vpi_call 5 13 "$write", "BRnz %b", &PV<v0x17b17c0_0, 0, 9> {0 0 0};
    %jmp T_0.7;
T_0.6 ;
    %load/vec4 v0x17b17c0_0;
    %parti/s 3, 9, 5;
    %pad/u 32;
    %cmpi/e 5, 0, 32;
    %jmp/0xz  T_0.8, 4;
    %vpi_call 5 14 "$write", "BRnp %b", &PV<v0x17b17c0_0, 0, 9> {0 0 0};
    %jmp T_0.9;
T_0.8 ;
    %load/vec4 v0x17b17c0_0;
    %parti/s 3, 9, 5;
    %pad/u 32;
    %cmpi/e 2, 0, 32;
    %jmp/0xz  T_0.10, 4;
    %vpi_call 5 15 "$write", "BRz %b", &PV<v0x17b17c0_0, 0, 9> {0 0 0};
    %jmp T_0.11;
T_0.10 ;
    %load/vec4 v0x17b17c0_0;
    %parti/s 3, 9, 5;
    %pad/u 32;
    %cmpi/e 3, 0, 32;
    %jmp/0xz  T_0.12, 4;
    %vpi_call 5 16 "$write", "BRzp %b", &PV<v0x17b17c0_0, 0, 9> {0 0 0};
    %jmp T_0.13;
T_0.12 ;
    %load/vec4 v0x17b17c0_0;
    %parti/s 3, 9, 5;
    %pad/u 32;
    %cmpi/e 1, 0, 32;
    %jmp/0xz  T_0.14, 4;
    %vpi_call 5 17 "$write", "BRp %b", &PV<v0x17b17c0_0, 0, 9> {0 0 0};
    %jmp T_0.15;
T_0.14 ;
    %load/vec4 v0x17b17c0_0;
    %parti/s 3, 9, 5;
    %pad/u 32;
    %cmpi/e 7, 0, 32;
    %jmp/0xz  T_0.16, 4;
    %vpi_call 5 18 "$write", "BRnzp %b", &PV<v0x17b17c0_0, 0, 9> {0 0 0};
    %jmp T_0.17;
T_0.16 ;
    %vpi_call 5 19 "$write", "???" {0 0 0};
T_0.17 ;
T_0.15 ;
T_0.13 ;
T_0.11 ;
T_0.9 ;
T_0.7 ;
T_0.5 ;
T_0.3 ;
    %jmp T_0.1;
T_0.0 ;
    %load/vec4 v0x17b18c0_0;
    %pad/u 32;
    %cmpi/e 1, 0, 32;
    %jmp/0xz  T_0.18, 4;
    %load/vec4 v0x17b17c0_0;
    %parti/s 3, 3, 3;
    %pad/u 32;
    %cmpi/e 0, 0, 32;
    %jmp/0xz  T_0.20, 4;
    %vpi_call 5 24 "$write", "ADD R%d R%d R%d", &PV<v0x17b17c0_0, 9, 3>, &PV<v0x17b17c0_0, 6, 3>, &PV<v0x17b17c0_0, 0, 3> {0 0 0};
    %jmp T_0.21;
T_0.20 ;
    %load/vec4 v0x17b17c0_0;
    %parti/s 3, 3, 3;
    %pad/u 32;
    %cmpi/e 1, 0, 32;
    %jmp/0xz  T_0.22, 4;
    %vpi_call 5 25 "$write", "MUL R%d R%d R%d", &PV<v0x17b17c0_0, 9, 3>, &PV<v0x17b17c0_0, 6, 3>, &PV<v0x17b17c0_0, 0, 3> {0 0 0};
    %jmp T_0.23;
T_0.22 ;
    %load/vec4 v0x17b17c0_0;
    %parti/s 3, 3, 3;
    %pad/u 32;
    %cmpi/e 2, 0, 32;
    %jmp/0xz  T_0.24, 4;
    %vpi_call 5 26 "$write", "SUB R%d R%d R%d", &PV<v0x17b17c0_0, 9, 3>, &PV<v0x17b17c0_0, 6, 3>, &PV<v0x17b17c0_0, 0, 3> {0 0 0};
    %jmp T_0.25;
T_0.24 ;
    %load/vec4 v0x17b17c0_0;
    %parti/s 3, 3, 3;
    %pad/u 32;
    %cmpi/e 3, 0, 32;
    %jmp/0xz  T_0.26, 4;
    %vpi_call 5 27 "$write", "DIV R%d R%d R%d", &PV<v0x17b17c0_0, 9, 3>, &PV<v0x17b17c0_0, 6, 3>, &PV<v0x17b17c0_0, 0, 3> {0 0 0};
    %jmp T_0.27;
T_0.26 ;
    %vpi_call 5 28 "$write", "ADDI R%d R%d SEXT(%b)", &PV<v0x17b17c0_0, 9, 3>, &PV<v0x17b17c0_0, 6, 3>, &PV<v0x17b17c0_0, 0, 5> {0 0 0};
T_0.27 ;
T_0.25 ;
T_0.23 ;
T_0.21 ;
    %jmp T_0.19;
T_0.18 ;
    %load/vec4 v0x17b18c0_0;
    %pad/u 32;
    %cmpi/e 2, 0, 32;
    %jmp/0xz  T_0.28, 4;
    %load/vec4 v0x17b17c0_0;
    %parti/s 2, 7, 4;
    %pad/u 32;
    %cmpi/e 0, 0, 32;
    %jmp/0xz  T_0.30, 4;
    %vpi_call 5 33 "$write", "CMP R%d R%d", &PV<v0x17b17c0_0, 9, 3>, &PV<v0x17b17c0_0, 0, 3> {0 0 0};
    %jmp T_0.31;
T_0.30 ;
    %load/vec4 v0x17b17c0_0;
    %parti/s 2, 7, 4;
    %pad/u 32;
    %cmpi/e 1, 0, 32;
    %jmp/0xz  T_0.32, 4;
    %vpi_call 5 34 "$write", "CMPU R%d R%d", &PV<v0x17b17c0_0, 9, 3>, &PV<v0x17b17c0_0, 0, 3> {0 0 0};
    %jmp T_0.33;
T_0.32 ;
    %load/vec4 v0x17b17c0_0;
    %parti/s 2, 7, 4;
    %pad/u 32;
    %cmpi/e 2, 0, 32;
    %jmp/0xz  T_0.34, 4;
    %vpi_call 5 35 "$write", "CMPI R%d SEXT(%b)", &PV<v0x17b17c0_0, 9, 3>, &PV<v0x17b17c0_0, 0, 7> {0 0 0};
    %jmp T_0.35;
T_0.34 ;
    %load/vec4 v0x17b17c0_0;
    %parti/s 2, 7, 4;
    %pad/u 32;
    %cmpi/e 3, 0, 32;
    %jmp/0xz  T_0.36, 4;
    %vpi_call 5 36 "$write", "CMPIU R%d %b", &PV<v0x17b17c0_0, 9, 3>, &PV<v0x17b17c0_0, 0, 7> {0 0 0};
T_0.36 ;
T_0.35 ;
T_0.33 ;
T_0.31 ;
    %jmp T_0.29;
T_0.28 ;
    %load/vec4 v0x17b18c0_0;
    %pad/u 32;
    %cmpi/e 4, 0, 32;
    %jmp/0xz  T_0.38, 4;
    %load/vec4 v0x17b17c0_0;
    %parti/s 1, 11, 5;
    %pad/u 32;
    %cmpi/e 1, 0, 32;
    %jmp/0xz  T_0.40, 4;
    %vpi_call 5 41 "$write", "JSR %b", &PV<v0x17b17c0_0, 0, 11> {0 0 0};
    %jmp T_0.41;
T_0.40 ;
    %vpi_call 5 42 "$write", "JSRR R%d", &PV<v0x17b17c0_0, 6, 3> {0 0 0};
T_0.41 ;
    %jmp T_0.39;
T_0.38 ;
    %load/vec4 v0x17b18c0_0;
    %pad/u 32;
    %cmpi/e 5, 0, 32;
    %jmp/0xz  T_0.42, 4;
    %load/vec4 v0x17b17c0_0;
    %parti/s 3, 3, 3;
    %pad/u 32;
    %cmpi/e 0, 0, 32;
    %jmp/0xz  T_0.44, 4;
    %vpi_call 5 47 "$write", "AND R%d R%d R%d", &PV<v0x17b17c0_0, 9, 3>, &PV<v0x17b17c0_0, 6, 3>, &PV<v0x17b17c0_0, 0, 3> {0 0 0};
    %jmp T_0.45;
T_0.44 ;
    %load/vec4 v0x17b17c0_0;
    %parti/s 3, 3, 3;
    %pad/u 32;
    %cmpi/e 1, 0, 32;
    %jmp/0xz  T_0.46, 4;
    %vpi_call 5 48 "$write", "NOT R%d R%d", &PV<v0x17b17c0_0, 9, 3>, &PV<v0x17b17c0_0, 6, 3> {0 0 0};
    %jmp T_0.47;
T_0.46 ;
    %load/vec4 v0x17b17c0_0;
    %parti/s 3, 3, 3;
    %pad/u 32;
    %cmpi/e 2, 0, 32;
    %jmp/0xz  T_0.48, 4;
    %vpi_call 5 49 "$write", "OR R%d R%d R%d", &PV<v0x17b17c0_0, 9, 3>, &PV<v0x17b17c0_0, 6, 3>, &PV<v0x17b17c0_0, 0, 3> {0 0 0};
    %jmp T_0.49;
T_0.48 ;
    %load/vec4 v0x17b17c0_0;
    %parti/s 3, 3, 3;
    %pad/u 32;
    %cmpi/e 3, 0, 32;
    %jmp/0xz  T_0.50, 4;
    %vpi_call 5 50 "$write", "XOR R%d R%d R%d", &PV<v0x17b17c0_0, 9, 3>, &PV<v0x17b17c0_0, 6, 3>, &PV<v0x17b17c0_0, 0, 3> {0 0 0};
    %jmp T_0.51;
T_0.50 ;
    %vpi_call 5 51 "$write", "ANDI R%d R%d SEXT(%b)", &PV<v0x17b17c0_0, 9, 3>, &PV<v0x17b17c0_0, 6, 3>, &PV<v0x17b17c0_0, 0, 5> {0 0 0};
T_0.51 ;
T_0.49 ;
T_0.47 ;
T_0.45 ;
    %jmp T_0.43;
T_0.42 ;
    %load/vec4 v0x17b18c0_0;
    %pad/u 32;
    %cmpi/e 6, 0, 32;
    %jmp/0xz  T_0.52, 4;
    %vpi_call 5 55 "$write", "LDR R%d R%d SEXT(%b)", &PV<v0x17b17c0_0, 9, 3>, &PV<v0x17b17c0_0, 6, 3>, &PV<v0x17b17c0_0, 0, 6> {0 0 0};
    %jmp T_0.53;
T_0.52 ;
    %load/vec4 v0x17b18c0_0;
    %pad/u 32;
    %cmpi/e 7, 0, 32;
    %jmp/0xz  T_0.54, 4;
    %vpi_call 5 56 "$write", "STR R%d R%d SEXT(%b)", &PV<v0x17b17c0_0, 9, 3>, &PV<v0x17b17c0_0, 6, 3>, &PV<v0x17b17c0_0, 0, 6> {0 0 0};
    %jmp T_0.55;
T_0.54 ;
    %load/vec4 v0x17b18c0_0;
    %pad/u 32;
    %cmpi/e 8, 0, 32;
    %jmp/0xz  T_0.56, 4;
    %vpi_call 5 59 "$write", "RTI" {0 0 0};
    %jmp T_0.57;
T_0.56 ;
    %load/vec4 v0x17b18c0_0;
    %pad/u 32;
    %cmpi/e 9, 0, 32;
    %jmp/0xz  T_0.58, 4;
    %vpi_call 5 62 "$write", "CONST R%d SEXT(%b)", &PV<v0x17b17c0_0, 9, 3>, &PV<v0x17b17c0_0, 0, 9> {0 0 0};
    %jmp T_0.59;
T_0.58 ;
    %load/vec4 v0x17b18c0_0;
    %pad/u 32;
    %cmpi/e 10, 0, 32;
    %jmp/0xz  T_0.60, 4;
    %load/vec4 v0x17b17c0_0;
    %parti/s 2, 4, 4;
    %pad/u 32;
    %cmpi/e 0, 0, 32;
    %jmp/0xz  T_0.62, 4;
    %vpi_call 5 66 "$write", "SLL R%d R%d %b", &PV<v0x17b17c0_0, 9, 3>, &PV<v0x17b17c0_0, 6, 3>, &PV<v0x17b17c0_0, 0, 4> {0 0 0};
    %jmp T_0.63;
T_0.62 ;
    %load/vec4 v0x17b17c0_0;
    %parti/s 2, 4, 4;
    %pad/u 32;
    %cmpi/e 1, 0, 32;
    %jmp/0xz  T_0.64, 4;
    %vpi_call 5 67 "$write", "SRA R%d R%d %b", &PV<v0x17b17c0_0, 9, 3>, &PV<v0x17b17c0_0, 6, 3>, &PV<v0x17b17c0_0, 0, 4> {0 0 0};
    %jmp T_0.65;
T_0.64 ;
    %load/vec4 v0x17b17c0_0;
    %parti/s 2, 4, 4;
    %pad/u 32;
    %cmpi/e 2, 0, 32;
    %jmp/0xz  T_0.66, 4;
    %vpi_call 5 68 "$write", "SRL R%d R%d %b", &PV<v0x17b17c0_0, 9, 3>, &PV<v0x17b17c0_0, 6, 3>, &PV<v0x17b17c0_0, 0, 4> {0 0 0};
    %jmp T_0.67;
T_0.66 ;
    %load/vec4 v0x17b17c0_0;
    %parti/s 2, 4, 4;
    %pad/u 32;
    %cmpi/e 3, 0, 32;
    %jmp/0xz  T_0.68, 4;
    %vpi_call 5 69 "$write", "MOD R%d R%d R%d", &PV<v0x17b17c0_0, 9, 3>, &PV<v0x17b17c0_0, 6, 3>, &PV<v0x17b17c0_0, 0, 3> {0 0 0};
T_0.68 ;
T_0.67 ;
T_0.65 ;
T_0.63 ;
    %jmp T_0.61;
T_0.60 ;
    %load/vec4 v0x17b18c0_0;
    %pad/u 32;
    %cmpi/e 12, 0, 32;
    %jmp/0xz  T_0.70, 4;
    %load/vec4 v0x17b17c0_0;
    %parti/s 1, 11, 5;
    %pad/u 32;
    %cmpi/e 0, 0, 32;
    %jmp/0xz  T_0.72, 4;
    %vpi_call 5 74 "$write", "JMPR R%d", &PV<v0x17b17c0_0, 6, 3> {0 0 0};
    %jmp T_0.73;
T_0.72 ;
    %vpi_call 5 75 "$write", "JMP SEXT(%b)", &PV<v0x17b17c0_0, 0, 11> {0 0 0};
T_0.73 ;
    %jmp T_0.71;
T_0.70 ;
    %load/vec4 v0x17b18c0_0;
    %pad/u 32;
    %cmpi/e 13, 0, 32;
    %jmp/0xz  T_0.74, 4;
    %vpi_call 5 79 "$write", "HICONST R%d %b", &PV<v0x17b17c0_0, 9, 3>, &PV<v0x17b17c0_0, 0, 8> {0 0 0};
    %jmp T_0.75;
T_0.74 ;
    %load/vec4 v0x17b18c0_0;
    %pad/u 32;
    %cmpi/e 15, 0, 32;
    %jmp/0xz  T_0.76, 4;
    %vpi_call 5 82 "$write", "TRAP %b", &PV<v0x17b17c0_0, 0, 8> {0 0 0};
    %jmp T_0.77;
T_0.76 ;
    %vpi_call 5 85 "$write", "???" {0 0 0};
T_0.77 ;
T_0.75 ;
T_0.71 ;
T_0.61 ;
T_0.59 ;
T_0.57 ;
T_0.55 ;
T_0.53 ;
T_0.43 ;
T_0.39 ;
T_0.29 ;
T_0.19 ;
T_0.1 ;
    %end;
S_0x17b19a0 .scope task, "printPoints" "printPoints" 6 1, 6 1 0, S_0x16c10e0;
 .timescale -9 -12;
v0x17b1bd0_0 .var "actual", 31 0;
v0x17b1cd0_0 .var "possible", 31 0;
TD_test_alu.printPoints ;
    %vpi_call 6 4 "$display", "<scorePossible>%d</scorePossible>", v0x17b1cd0_0 {0 0 0};
    %vpi_call 6 5 "$display", "<scoreActual>%d</scoreActual>", v0x17b1bd0_0 {0 0 0};
    %end;
    .scope S_0x16c10e0;
T_2 ;
    %vpi_call 2 48 "$dumpfile", "alu.vcd" {0 0 0};
    %vpi_call 2 49 "$dumpvars" {0 0 0};
    %pushi/vec4 42, 0, 32;
    %store/vec4 v0x17b3210_0, 0, 32;
    %vpi_func 2 55 "$random" 32, v0x17b3210_0 {0 0 0};
    %store/vec4 v0x17b3210_0, 0, 32;
    %pushi/vec4 0, 0, 32;
    %store/vec4 v0x17b2d10_0, 0, 32;
    %pushi/vec4 0, 0, 32;
    %store/vec4 v0x17b25a0_0, 0, 32;
    %pushi/vec4 0, 0, 32;
    %store/vec4 v0x17b32d0_0, 0, 32;
    %vpi_func 2 64 "$fopen" 32, "alu_test_vectors.txt", "r" {0 0 0};
    %store/vec4 v0x17b22f0_0, 0, 32;
    %load/vec4 v0x17b22f0_0;
    %cmpi/e 0, 0, 32;
    %jmp/0xz  T_2.0, 4;
    %vpi_call 2 66 "$display", "Error opening file" {0 0 0};
    %vpi_call 2 67 "$finish" {0 0 0};
T_2.0 ;
    %vpi_func 2 69 "$fopen" 32, "gp4_test_vectors.txt", "r" {0 0 0};
    %store/vec4 v0x17b2b60_0, 0, 32;
    %load/vec4 v0x17b2b60_0;
    %cmpi/e 0, 0, 32;
    %jmp/0xz  T_2.2, 4;
    %vpi_call 2 71 "$display", "Error opening file" {0 0 0};
    %vpi_call 2 72 "$finish" {0 0 0};
T_2.2 ;
    %delay 100000, 0;
    %delay 2000, 0;
T_2.4 ;
    %vpi_func 2 93 "$fscanf" 32, v0x17b2b60_0, "gin:%b pin:%b cin:%b => gout:%b pout:%b cout:%b\012", v0x17b2aa0_0, v0x17b2fa0_0, v0x17b2460_0, v0x17b2840_0, v0x17b2900_0, v0x17b2760_0 {0 0 0};
    %cmpi/e 6, 0, 32;
    %jmp/0xz T_2.5, 4;
    %delay 2000, 0;
    %load/vec4 v0x17b32d0_0;
    %addi 1, 0, 32;
    %store/vec4 v0x17b32d0_0, 0, 32;
    %load/vec4 v0x17b2d10_0;
    %addi 1, 0, 32;
    %store/vec4 v0x17b2d10_0, 0, 32;
    %load/vec4 v0x17b1f60_0;
    %load/vec4 v0x17b2840_0;
    %cmp/ne;
    %flag_mov 8, 6;
    %load/vec4 v0x17b2060_0;
    %load/vec4 v0x17b2900_0;
    %cmp/ne;
    %flag_or 4, 8;
    %flag_mov 8, 4;
    %load/vec4 v0x17b1e90_0;
    %load/vec4 v0x17b2760_0;
    %cmp/ne;
    %flag_or 6, 8;
    %jmp/0xz  T_2.6, 6;
    %load/vec4 v0x17b25a0_0;
    %addi 1, 0, 32;
    %store/vec4 v0x17b25a0_0, 0, 32;
    %load/vec4 v0x17b25a0_0;
    %cmpi/s 15, 0, 32;
    %jmp/0xz  T_2.8, 5;
    %vpi_call 2 101 "$write", "[gp] error at line %04d: ", v0x17b2d10_0 {0 0 0};
    %vpi_call 2 102 "$write", "gin:%b pin:%b cin:%b ", v0x17b2aa0_0, v0x17b2fa0_0, v0x17b2460_0 {0 0 0};
    %vpi_call 2 103 "$write", "produced gout:%b pout:%b cout:%b ", v0x17b1f60_0, v0x17b2060_0, v0x17b1e90_0 {0 0 0};
    %vpi_call 2 104 "$write", "instead of gout:%b pout:%b cout:%b", v0x17b2840_0, v0x17b2900_0, v0x17b2760_0 {0 0 0};
    %vpi_call 2 105 "$display", "\000" {0 0 0};
T_2.8 ;
T_2.6 ;
    %jmp T_2.4;
T_2.5 ;
    %pushi/vec4 0, 0, 32;
    %store/vec4 v0x17b2500_0, 0, 32;
T_2.10 ;
    %load/vec4 v0x17b2500_0;
    %cmpi/s 10000, 0, 32;
    %jmp/0xz T_2.11, 5;
    %vpi_func 2 120 "$urandom" 32 {0 0 0};
    %pad/u 16;
    %store/vec4 v0x17b2220_0, 0, 16;
    %vpi_func 2 121 "$urandom" 32 {0 0 0};
    %pad/u 16;
    %store/vec4 v0x17b2390_0, 0, 16;
    %vpi_func 2 122 "$urandom" 32 {0 0 0};
    %pushi/vec4 2, 0, 32;
    %mod;
    %pad/u 1;
    %store/vec4 v0x17b2460_0, 0, 1;
    %load/vec4 v0x17b2220_0;
    %load/vec4 v0x17b2390_0;
    %add;
    %load/vec4 v0x17b2460_0;
    %pad/u 16;
    %add;
    %store/vec4 v0x17b29c0_0, 0, 16;
    %load/vec4 v0x17b32d0_0;
    %addi 1, 0, 32;
    %store/vec4 v0x17b32d0_0, 0, 32;
    %delay 2000, 0;
    %load/vec4 v0x17b29c0_0;
    %load/vec4 v0x17b2130_0;
    %cmp/ne;
    %jmp/0xz  T_2.12, 6;
    %load/vec4 v0x17b25a0_0;
    %cmpi/s 15, 0, 32;
    %jmp/0xz  T_2.14, 5;
    %vpi_call 2 128 "$display", "[cla] error a:%d + b:%d + cin:%d = sum:%d instead of %d", v0x17b2220_0, v0x17b2390_0, v0x17b2460_0, v0x17b2130_0, v0x17b29c0_0 {0 0 0};
T_2.14 ;
    %load/vec4 v0x17b25a0_0;
    %addi 1, 0, 32;
    %store/vec4 v0x17b25a0_0, 0, 32;
T_2.12 ;
    %load/vec4 v0x17b2500_0;
    %addi 1, 0, 32;
    %store/vec4 v0x17b2500_0, 0, 32;
    %jmp T_2.10;
T_2.11 ;
    %pushi/vec4 0, 0, 32;
    %store/vec4 v0x17b2d10_0, 0, 32;
T_2.16 ;
    %vpi_func 2 145 "$fscanf" 32, v0x17b22f0_0, "%b %b %b %b %b", v0x17b2c20_0, v0x17b2eb0_0, v0x17b3070_0, v0x17b3140_0, v0x17b2680_0 {0 0 0};
    %cmpi/e 5, 0, 32;
    %jmp/0xz T_2.17, 4;
    %delay 2000, 0;
    %load/vec4 v0x17b32d0_0;
    %addi 1, 0, 32;
    %store/vec4 v0x17b32d0_0, 0, 32;
    %load/vec4 v0x17b2d10_0;
    %addi 1, 0, 32;
    %store/vec4 v0x17b2d10_0, 0, 32;
    %load/vec4 v0x17b1db0_0;
    %load/vec4 v0x17b2680_0;
    %cmp/ne;
    %jmp/0xz  T_2.18, 6;
    %load/vec4 v0x17b25a0_0;
    %addi 1, 0, 32;
    %store/vec4 v0x17b25a0_0, 0, 32;
    %load/vec4 v0x17b25a0_0;
    %cmpi/s 15, 0, 32;
    %jmp/0xz  T_2.20, 5;
    %vpi_call 2 162 "$write", "[alu] error at line %04d: ", v0x17b2d10_0 {0 0 0};
    %vpi_call 2 163 "$write", "insn = %b %b %b %b, ", &PV<v0x17b2c20_0, 12, 4>, &PV<v0x17b2c20_0, 8, 4>, &PV<v0x17b2c20_0, 4, 4>, &PV<v0x17b2c20_0, 0, 4> {0 0 0};
    %vpi_call 2 164 "$write", "pc = %b %b %b %b, ", &PV<v0x17b2eb0_0, 12, 4>, &PV<v0x17b2eb0_0, 8, 4>, &PV<v0x17b2eb0_0, 4, 4>, &PV<v0x17b2eb0_0, 0, 4> {0 0 0};
    %vpi_call 2 165 "$write", "r1data = %b %b %b %b, ", &PV<v0x17b3070_0, 12, 4>, &PV<v0x17b3070_0, 8, 4>, &PV<v0x17b3070_0, 4, 4>, &PV<v0x17b3070_0, 0, 4> {0 0 0};
    %vpi_call 2 166 "$write", "r2data = %b %b %b %b, ", &PV<v0x17b3140_0, 12, 4>, &PV<v0x17b3140_0, 8, 4>, &PV<v0x17b3140_0, 4, 4>, &PV<v0x17b3140_0, 0, 4> {0 0 0};
    %vpi_call 2 167 "$write", "result = %b %b %b %b ", &PV<v0x17b1db0_0, 12, 4>, &PV<v0x17b1db0_0, 8, 4>, &PV<v0x17b1db0_0, 4, 4>, &PV<v0x17b1db0_0, 0, 4> {0 0 0};
    %vpi_call 2 168 "$write", "instead of %b %b %b %b ", &PV<v0x17b2680_0, 12, 4>, &PV<v0x17b2680_0, 8, 4>, &PV<v0x17b2680_0, 4, 4>, &PV<v0x17b2680_0, 0, 4> {0 0 0};
    %load/vec4 v0x17b2c20_0;
    %store/vec4 v0x17b17c0_0, 0, 16;
    %fork TD_test_alu.pinstr, S_0x17b1630;
    %join;
    %vpi_call 2 170 "$display", "\000" {0 0 0};
T_2.20 ;
T_2.18 ;
    %delay 2000, 0;
    %jmp T_2.16;
T_2.17 ;
    %load/vec4 v0x17b2b60_0;
    %cmpi/ne 0, 0, 32;
    %jmp/0xz  T_2.22, 4;
    %vpi_call 2 182 "$fclose", v0x17b2b60_0 {0 0 0};
T_2.22 ;
    %load/vec4 v0x17b22f0_0;
    %cmpi/ne 0, 0, 32;
    %jmp/0xz  T_2.24, 4;
    %vpi_call 2 183 "$fclose", v0x17b22f0_0 {0 0 0};
T_2.24 ;
    %load/vec4 v0x17b2dd0_0;
    %cmpi/ne 0, 0, 32;
    %jmp/0xz  T_2.26, 4;
    %vpi_call 2 184 "$fclose", v0x17b2dd0_0 {0 0 0};
T_2.26 ;
    %load/vec4 v0x17b25a0_0;
    %cmpi/s 15, 0, 32;
    %flag_or 5, 4; GT is !LE
    %flag_inv 5;
    %jmp/0xz  T_2.28, 5;
    %load/vec4 v0x17b25a0_0;
    %subi 15, 0, 32;
    %vpi_call 2 186 "$display", "Additional %d errors NOT printed.", S<0,vec4,s32> {1 0 0};
T_2.28 ;
    %vpi_call 2 188 "$display", "Simulation finished: %d test cases %d errors", v0x17b32d0_0, v0x17b25a0_0 {0 0 0};
    %load/vec4 v0x17b32d0_0;
    %store/vec4 v0x17b1cd0_0, 0, 32;
    %load/vec4 v0x17b32d0_0;
    %load/vec4 v0x17b25a0_0;
    %sub;
    %store/vec4 v0x17b1bd0_0, 0, 32;
    %fork TD_test_alu.printPoints, S_0x17b19a0;
    %join;
    %vpi_call 2 190 "$finish" {0 0 0};
    %end;
    .thread T_2;
# The file index is used to find the file name in the following table.
:file_names 7;
    "N/A";
    "<interactive>";
    "testbench_lc4_alu.v";
    "lc4_alu.v";
    "lc4_cla.v";
    "./lc4_prettyprint_errors.v";
    "./print_points.v";
