#! /home1/c/cis5710/tools/bin/vvp
:ivl_version "11.0 (stable)" "(v11_0)";
:ivl_delay_selection "TYPICAL";
:vpi_time_precision - 12;
:vpi_module "/home1/c/cis5710/tools/lib/ivl/system.vpi";
:vpi_module "/home1/c/cis5710/tools/lib/ivl/vhdl_sys.vpi";
:vpi_module "/home1/c/cis5710/tools/lib/ivl/vhdl_textio.vpi";
:vpi_module "/home1/c/cis5710/tools/lib/ivl/v2005_math.vpi";
:vpi_module "/home1/c/cis5710/tools/lib/ivl/va_math.vpi";
S_0x1b78110 .scope module, "test_divider" "test_divider" 2 35;
 .timescale -9 -12;
v0x1ba4840_0 .var/i "__ignore", 31 0;
v0x1ba4940_0 .var/i "allTests", 31 0;
v0x1ba4a20_0 .var/i "divTests", 31 0;
v0x1ba4ae0_0 .var/i "errors", 31 0;
v0x1ba4bc0_0 .var "exp_dividend", 15 0;
v0x1ba4cf0_0 .var "exp_quotient", 15 0;
v0x1ba4dd0_0 .var "exp_remainder", 15 0;
v0x1ba4eb0_0 .var "i_dividend", 15 0;
v0x1ba4fc0_0 .var "i_divisor", 15 0;
v0x1ba5110_0 .var "i_quotient", 15 0;
v0x1ba51d0_0 .var "i_remainder", 15 0;
v0x1ba5270_0 .var/i "input_file", 31 0;
v0x1ba5330_0 .net "o_1iter_dividend", 15 0, L_0x1bc0e20;  1 drivers
v0x1ba53f0_0 .net "o_1iter_quotient", 15 0, L_0x1bc0980;  1 drivers
v0x1ba5490_0 .net "o_1iter_remainder", 15 0, L_0x1bc0bb0;  1 drivers
v0x1ba5530_0 .net "o_div_quotient", 15 0, L_0x1bc0390;  1 drivers
v0x1ba55d0_0 .net "o_div_remainder", 15 0, L_0x1bc0160;  1 drivers
v0x1ba5670_0 .var/i "randomSeed", 31 0;
S_0x1b782a0 .scope module, "div" "lc4_divider" 2 62, 3 6 0, S_0x1b78110;
 .timescale -9 -12;
    .port_info 0 /INPUT 16 "i_dividend";
    .port_info 1 /INPUT 16 "i_divisor";
    .port_info 2 /OUTPUT 16 "o_remainder";
    .port_info 3 /OUTPUT 16 "o_quotient";
L_0x1b53610 .functor BUFZ 16, v0x1ba4eb0_0, C4<0000000000000000>, C4<0000000000000000>, C4<0000000000000000>;
v0x1ba1720_0 .net *"_ivl_11", 0 0, L_0x1bc00c0;  1 drivers
L_0x7f0de168e570 .functor BUFT 1, C4<0000000000000000>, C4<0>, C4<0>, C4<0>;
v0x1ba1800_0 .net/2u *"_ivl_14", 15 0, L_0x7f0de168e570;  1 drivers
L_0x7f0de168e5b8 .functor BUFT 1, C4<0000000000000000>, C4<0>, C4<0>, C4<0>;
v0x1ba18e0_0 .net/2u *"_ivl_18", 15 0, L_0x7f0de168e5b8;  1 drivers
v0x1ba19d0_0 .net *"_ivl_20", 0 0, L_0x1bc02a0;  1 drivers
L_0x7f0de168e600 .functor BUFT 1, C4<0000000000000000>, C4<0>, C4<0>, C4<0>;
v0x1ba1a90_0 .net/2u *"_ivl_23", 15 0, L_0x7f0de168e600;  1 drivers
L_0x7f0de168e528 .functor BUFT 1, C4<0000000000000000>, C4<0>, C4<0>, C4<0>;
v0x1ba1b70_0 .net/2u *"_ivl_9", 15 0, L_0x7f0de168e528;  1 drivers
v0x1ba1c50 .array "dividends", 0 16;
v0x1ba1c50_0 .net v0x1ba1c50 0, 15 0, L_0x1b53610; 1 drivers
v0x1ba1c50_1 .net v0x1ba1c50 1, 15 0, L_0x1ba5f90; 1 drivers
v0x1ba1c50_2 .net v0x1ba1c50 2, 15 0, L_0x1ba69f0; 1 drivers
v0x1ba1c50_3 .net v0x1ba1c50 3, 15 0, L_0x1ba7450; 1 drivers
v0x1ba1c50_4 .net v0x1ba1c50 4, 15 0, L_0x1ba7eb0; 1 drivers
v0x1ba1c50_5 .net v0x1ba1c50 5, 15 0, L_0x1ba8960; 1 drivers
v0x1ba1c50_6 .net v0x1ba1c50 6, 15 0, L_0x1ba93c0; 1 drivers
v0x1ba1c50_7 .net v0x1ba1c50 7, 15 0, L_0x1baa230; 1 drivers
v0x1ba1c50_8 .net v0x1ba1c50 8, 15 0, L_0x1baac50; 1 drivers
v0x1ba1c50_9 .net v0x1ba1c50 9, 15 0, L_0x1bab700; 1 drivers
v0x1ba1c50_10 .net v0x1ba1c50 10, 15 0, L_0x1bac0d0; 1 drivers
v0x1ba1c50_11 .net v0x1ba1c50 11, 15 0, L_0x1bacaf0; 1 drivers
v0x1ba1c50_12 .net v0x1ba1c50 12, 15 0, L_0x1bad510; 1 drivers
v0x1ba1c50_13 .net v0x1ba1c50 13, 15 0, L_0x1badf30; 1 drivers
v0x1ba1c50_14 .net v0x1ba1c50 14, 15 0, L_0x1bae950; 1 drivers
v0x1ba1c50_15 .net v0x1ba1c50 15, 15 0, L_0x1baf370; 1 drivers
v0x1ba1c50_16 .net v0x1ba1c50 16, 15 0, L_0x1bafe30; 1 drivers
v0x1ba2250_0 .net "i_dividend", 15 0, v0x1ba4eb0_0;  1 drivers
v0x1ba22f0_0 .net "i_divisor", 15 0, v0x1ba4fc0_0;  1 drivers
v0x1ba2650_0 .net "o_quotient", 15 0, L_0x1bc0390;  alias, 1 drivers
v0x1ba2730_0 .net "o_remainder", 15 0, L_0x1bc0160;  alias, 1 drivers
L_0x7f0de168e498 .functor BUFT 1, C4<0000000000000000>, C4<0>, C4<0>, C4<0>;
v0x1ba2810 .array "quotients", 0 16;
v0x1ba2810_0 .net v0x1ba2810 0, 15 0, L_0x7f0de168e498; 1 drivers
v0x1ba2810_1 .net v0x1ba2810 1, 15 0, L_0x1ba5be0; 1 drivers
v0x1ba2810_2 .net v0x1ba2810 2, 15 0, L_0x1ba6600; 1 drivers
v0x1ba2810_3 .net v0x1ba2810 3, 15 0, L_0x1ba7060; 1 drivers
v0x1ba2810_4 .net v0x1ba2810 4, 15 0, L_0x1ba7ac0; 1 drivers
v0x1ba2810_5 .net v0x1ba2810 5, 15 0, L_0x1ba8520; 1 drivers
v0x1ba2810_6 .net v0x1ba2810 6, 15 0, L_0x1ba8fd0; 1 drivers
v0x1ba2810_7 .net v0x1ba2810 7, 15 0, L_0x1ba9a30; 1 drivers
v0x1ba2810_8 .net v0x1ba2810 8, 15 0, L_0x1baa8a0; 1 drivers
v0x1ba2810_9 .net v0x1ba2810 9, 15 0, L_0x1bab2c0; 1 drivers
v0x1ba2810_10 .net v0x1ba2810 10, 15 0, L_0x1babd20; 1 drivers
v0x1ba2810_11 .net v0x1ba2810 11, 15 0, L_0x1bac740; 1 drivers
v0x1ba2810_12 .net v0x1ba2810 12, 15 0, L_0x1bad160; 1 drivers
v0x1ba2810_13 .net v0x1ba2810 13, 15 0, L_0x1badb80; 1 drivers
v0x1ba2810_14 .net v0x1ba2810 14, 15 0, L_0x1bae5a0; 1 drivers
v0x1ba2810_15 .net v0x1ba2810 15, 15 0, L_0x1baefc0; 1 drivers
v0x1ba2810_16 .net v0x1ba2810 16, 15 0, L_0x1baf9e0; 1 drivers
L_0x7f0de168e4e0 .functor BUFT 1, C4<0000000000000000>, C4<0>, C4<0>, C4<0>;
v0x1ba2dc0 .array "remainders", 0 16;
v0x1ba2dc0_0 .net v0x1ba2dc0 0, 15 0, L_0x7f0de168e4e0; 1 drivers
v0x1ba2dc0_1 .net v0x1ba2dc0 1, 15 0, L_0x1ba5e00; 1 drivers
v0x1ba2dc0_2 .net v0x1ba2dc0 2, 15 0, L_0x1ba67d0; 1 drivers
v0x1ba2dc0_3 .net v0x1ba2dc0 3, 15 0, L_0x1ba7230; 1 drivers
v0x1ba2dc0_4 .net v0x1ba2dc0 4, 15 0, L_0x1ba7c90; 1 drivers
v0x1ba2dc0_5 .net v0x1ba2dc0 5, 15 0, L_0x1ba86f0; 1 drivers
v0x1ba2dc0_6 .net v0x1ba2dc0 6, 15 0, L_0x1ba91a0; 1 drivers
v0x1ba2dc0_7 .net v0x1ba2dc0 7, 15 0, L_0x1baa010; 1 drivers
v0x1ba2dc0_8 .net v0x1ba2dc0 8, 15 0, L_0x1baaa30; 1 drivers
v0x1ba2dc0_9 .net v0x1ba2dc0 9, 15 0, L_0x1bab450; 1 drivers
v0x1ba2dc0_10 .net v0x1ba2dc0 10, 15 0, L_0x1babeb0; 1 drivers
v0x1ba2dc0_11 .net v0x1ba2dc0 11, 15 0, L_0x1bac8d0; 1 drivers
v0x1ba2dc0_12 .net v0x1ba2dc0 12, 15 0, L_0x1bad2f0; 1 drivers
v0x1ba2dc0_13 .net v0x1ba2dc0 13, 15 0, L_0x1badd10; 1 drivers
v0x1ba2dc0_14 .net v0x1ba2dc0 14, 15 0, L_0x1bae730; 1 drivers
v0x1ba2dc0_15 .net v0x1ba2dc0 15, 15 0, L_0x1baf150; 1 drivers
v0x1ba2dc0_16 .net v0x1ba2dc0 16, 15 0, L_0x1bafbc0; 1 drivers
L_0x1bc00c0 .cmp/ne 16, v0x1ba4fc0_0, L_0x7f0de168e528;
L_0x1bc0160 .functor MUXZ 16, L_0x7f0de168e570, L_0x1bafbc0, L_0x1bc00c0, C4<>;
L_0x1bc02a0 .cmp/ne 16, v0x1ba4fc0_0, L_0x7f0de168e5b8;
L_0x1bc0390 .functor MUXZ 16, L_0x7f0de168e600, L_0x1baf9e0, L_0x1bc02a0, C4<>;
S_0x1b67eb0 .scope generate, "genblk1[0]" "genblk1[0]" 3 20, 3 20 0, S_0x1b782a0;
 .timescale -9 -12;
P_0x1b5f610 .param/l "i" 0 3 20, +C4<00>;
S_0x1b66ec0 .scope module, "iter" "lc4_divider_one_iter" 3 21, 3 38 0, S_0x1b67eb0;
 .timescale -9 -12;
    .port_info 0 /INPUT 16 "i_dividend";
    .port_info 1 /INPUT 16 "i_divisor";
    .port_info 2 /INPUT 16 "i_remainder";
    .port_info 3 /INPUT 16 "i_quotient";
    .port_info 4 /OUTPUT 16 "o_dividend";
    .port_info 5 /OUTPUT 16 "o_remainder";
    .port_info 6 /OUTPUT 16 "o_quotient";
v0x1b6eda0_0 .net *"_ivl_1", 14 0, L_0x1ba5730;  1 drivers
v0x1b6ee40_0 .net *"_ivl_12", 15 0, L_0x1ba5d60;  1 drivers
v0x1b8e3c0_0 .net *"_ivl_18", 14 0, L_0x1ba5ef0;  1 drivers
L_0x7f0de168e018 .functor BUFT 1, C4<0>, C4<0>, C4<0>, C4<0>;
v0x1b8e480_0 .net *"_ivl_20", 0 0, L_0x7f0de168e018;  1 drivers
v0x1b8e560_0 .net *"_ivl_3", 0 0, L_0x1ba57d0;  1 drivers
v0x1b8e690_0 .net *"_ivl_9", 14 0, L_0x1ba5af0;  1 drivers
v0x1b8e770_0 .net "i_dividend", 15 0, L_0x1b53610;  alias, 1 drivers
v0x1b8e850_0 .net "i_divisor", 15 0, v0x1ba4fc0_0;  alias, 1 drivers
v0x1b8e930_0 .net "i_quotient", 15 0, L_0x7f0de168e498;  alias, 1 drivers
v0x1b8ea10_0 .net "i_remainder", 15 0, L_0x7f0de168e4e0;  alias, 1 drivers
v0x1b8eaf0_0 .net "o_dividend", 15 0, L_0x1ba5f90;  alias, 1 drivers
v0x1b8ebd0_0 .net "o_quotient", 15 0, L_0x1ba5be0;  alias, 1 drivers
v0x1b8ecb0_0 .net "o_remainder", 15 0, L_0x1ba5e00;  alias, 1 drivers
v0x1b8ed90_0 .net "sub", 0 0, L_0x1ba5a00;  1 drivers
v0x1b8ee50_0 .net "tmp_remainder", 15 0, L_0x1ba58c0;  1 drivers
L_0x1ba5730 .part L_0x7f0de168e4e0, 0, 15;
L_0x1ba57d0 .part L_0x1b53610, 15, 1;
L_0x1ba58c0 .concat [ 1 15 0 0], L_0x1ba57d0, L_0x1ba5730;
L_0x1ba5a00 .cmp/ge 16, L_0x1ba58c0, v0x1ba4fc0_0;
L_0x1ba5af0 .part L_0x7f0de168e498, 0, 15;
L_0x1ba5be0 .concat [ 1 15 0 0], L_0x1ba5a00, L_0x1ba5af0;
L_0x1ba5d60 .arith/sub 16, L_0x1ba58c0, v0x1ba4fc0_0;
L_0x1ba5e00 .functor MUXZ 16, L_0x1ba58c0, L_0x1ba5d60, L_0x1ba5a00, C4<>;
L_0x1ba5ef0 .part L_0x1b53610, 0, 15;
L_0x1ba5f90 .concat [ 1 15 0 0], L_0x7f0de168e018, L_0x1ba5ef0;
S_0x1b8f010 .scope generate, "genblk1[1]" "genblk1[1]" 3 20, 3 20 0, S_0x1b782a0;
 .timescale -9 -12;
P_0x1b8f1e0 .param/l "i" 0 3 20, +C4<01>;
S_0x1b8f2a0 .scope module, "iter" "lc4_divider_one_iter" 3 21, 3 38 0, S_0x1b8f010;
 .timescale -9 -12;
    .port_info 0 /INPUT 16 "i_dividend";
    .port_info 1 /INPUT 16 "i_divisor";
    .port_info 2 /INPUT 16 "i_remainder";
    .port_info 3 /INPUT 16 "i_quotient";
    .port_info 4 /OUTPUT 16 "o_dividend";
    .port_info 5 /OUTPUT 16 "o_remainder";
    .port_info 6 /OUTPUT 16 "o_quotient";
v0x1b8f480_0 .net *"_ivl_1", 14 0, L_0x1ba6130;  1 drivers
v0x1b8f580_0 .net *"_ivl_12", 15 0, L_0x1ba6730;  1 drivers
v0x1b8f660_0 .net *"_ivl_18", 14 0, L_0x1ba6950;  1 drivers
L_0x7f0de168e060 .functor BUFT 1, C4<0>, C4<0>, C4<0>, C4<0>;
v0x1b8f720_0 .net *"_ivl_20", 0 0, L_0x7f0de168e060;  1 drivers
v0x1b8f800_0 .net *"_ivl_3", 0 0, L_0x1ba6260;  1 drivers
v0x1b8f930_0 .net *"_ivl_9", 14 0, L_0x1ba64d0;  1 drivers
v0x1b8fa10_0 .net "i_dividend", 15 0, L_0x1ba5f90;  alias, 1 drivers
v0x1b8fad0_0 .net "i_divisor", 15 0, v0x1ba4fc0_0;  alias, 1 drivers
v0x1b8fb70_0 .net "i_quotient", 15 0, L_0x1ba5be0;  alias, 1 drivers
v0x1b8fca0_0 .net "i_remainder", 15 0, L_0x1ba5e00;  alias, 1 drivers
v0x1b8fd40_0 .net "o_dividend", 15 0, L_0x1ba69f0;  alias, 1 drivers
v0x1b8fe00_0 .net "o_quotient", 15 0, L_0x1ba6600;  alias, 1 drivers
v0x1b8fee0_0 .net "o_remainder", 15 0, L_0x1ba67d0;  alias, 1 drivers
v0x1b8ffc0_0 .net "sub", 0 0, L_0x1ba6430;  1 drivers
v0x1b90080_0 .net "tmp_remainder", 15 0, L_0x1ba6390;  1 drivers
L_0x1ba6130 .part L_0x1ba5e00, 0, 15;
L_0x1ba6260 .part L_0x1ba5f90, 15, 1;
L_0x1ba6390 .concat [ 1 15 0 0], L_0x1ba6260, L_0x1ba6130;
L_0x1ba6430 .cmp/ge 16, L_0x1ba6390, v0x1ba4fc0_0;
L_0x1ba64d0 .part L_0x1ba5be0, 0, 15;
L_0x1ba6600 .concat [ 1 15 0 0], L_0x1ba6430, L_0x1ba64d0;
L_0x1ba6730 .arith/sub 16, L_0x1ba6390, v0x1ba4fc0_0;
L_0x1ba67d0 .functor MUXZ 16, L_0x1ba6390, L_0x1ba6730, L_0x1ba6430, C4<>;
L_0x1ba6950 .part L_0x1ba5f90, 0, 15;
L_0x1ba69f0 .concat [ 1 15 0 0], L_0x7f0de168e060, L_0x1ba6950;
S_0x1b90240 .scope generate, "genblk1[2]" "genblk1[2]" 3 20, 3 20 0, S_0x1b782a0;
 .timescale -9 -12;
P_0x1b90420 .param/l "i" 0 3 20, +C4<010>;
S_0x1b904e0 .scope module, "iter" "lc4_divider_one_iter" 3 21, 3 38 0, S_0x1b90240;
 .timescale -9 -12;
    .port_info 0 /INPUT 16 "i_dividend";
    .port_info 1 /INPUT 16 "i_divisor";
    .port_info 2 /INPUT 16 "i_remainder";
    .port_info 3 /INPUT 16 "i_quotient";
    .port_info 4 /OUTPUT 16 "o_dividend";
    .port_info 5 /OUTPUT 16 "o_remainder";
    .port_info 6 /OUTPUT 16 "o_quotient";
v0x1b90770_0 .net *"_ivl_1", 14 0, L_0x1ba6b90;  1 drivers
v0x1b90870_0 .net *"_ivl_12", 15 0, L_0x1ba7190;  1 drivers
v0x1b90950_0 .net *"_ivl_18", 14 0, L_0x1ba73b0;  1 drivers
L_0x7f0de168e0a8 .functor BUFT 1, C4<0>, C4<0>, C4<0>, C4<0>;
v0x1b90a40_0 .net *"_ivl_20", 0 0, L_0x7f0de168e0a8;  1 drivers
v0x1b90b20_0 .net *"_ivl_3", 0 0, L_0x1ba6cc0;  1 drivers
v0x1b90c50_0 .net *"_ivl_9", 14 0, L_0x1ba6f30;  1 drivers
v0x1b90d30_0 .net "i_dividend", 15 0, L_0x1ba69f0;  alias, 1 drivers
v0x1b90df0_0 .net "i_divisor", 15 0, v0x1ba4fc0_0;  alias, 1 drivers
v0x1b90ee0_0 .net "i_quotient", 15 0, L_0x1ba6600;  alias, 1 drivers
v0x1b91030_0 .net "i_remainder", 15 0, L_0x1ba67d0;  alias, 1 drivers
v0x1b91100_0 .net "o_dividend", 15 0, L_0x1ba7450;  alias, 1 drivers
v0x1b911c0_0 .net "o_quotient", 15 0, L_0x1ba7060;  alias, 1 drivers
v0x1b912a0_0 .net "o_remainder", 15 0, L_0x1ba7230;  alias, 1 drivers
v0x1b91380_0 .net "sub", 0 0, L_0x1ba6e90;  1 drivers
v0x1b91440_0 .net "tmp_remainder", 15 0, L_0x1ba6df0;  1 drivers
L_0x1ba6b90 .part L_0x1ba67d0, 0, 15;
L_0x1ba6cc0 .part L_0x1ba69f0, 15, 1;
L_0x1ba6df0 .concat [ 1 15 0 0], L_0x1ba6cc0, L_0x1ba6b90;
L_0x1ba6e90 .cmp/ge 16, L_0x1ba6df0, v0x1ba4fc0_0;
L_0x1ba6f30 .part L_0x1ba6600, 0, 15;
L_0x1ba7060 .concat [ 1 15 0 0], L_0x1ba6e90, L_0x1ba6f30;
L_0x1ba7190 .arith/sub 16, L_0x1ba6df0, v0x1ba4fc0_0;
L_0x1ba7230 .functor MUXZ 16, L_0x1ba6df0, L_0x1ba7190, L_0x1ba6e90, C4<>;
L_0x1ba73b0 .part L_0x1ba69f0, 0, 15;
L_0x1ba7450 .concat [ 1 15 0 0], L_0x7f0de168e0a8, L_0x1ba73b0;
S_0x1b91600 .scope generate, "genblk1[3]" "genblk1[3]" 3 20, 3 20 0, S_0x1b782a0;
 .timescale -9 -12;
P_0x1b917b0 .param/l "i" 0 3 20, +C4<011>;
S_0x1b91890 .scope module, "iter" "lc4_divider_one_iter" 3 21, 3 38 0, S_0x1b91600;
 .timescale -9 -12;
    .port_info 0 /INPUT 16 "i_dividend";
    .port_info 1 /INPUT 16 "i_divisor";
    .port_info 2 /INPUT 16 "i_remainder";
    .port_info 3 /INPUT 16 "i_quotient";
    .port_info 4 /OUTPUT 16 "o_dividend";
    .port_info 5 /OUTPUT 16 "o_remainder";
    .port_info 6 /OUTPUT 16 "o_quotient";
v0x1b91b20_0 .net *"_ivl_1", 14 0, L_0x1ba75f0;  1 drivers
v0x1b91c20_0 .net *"_ivl_12", 15 0, L_0x1ba7bf0;  1 drivers
v0x1b91d00_0 .net *"_ivl_18", 14 0, L_0x1ba7e10;  1 drivers
L_0x7f0de168e0f0 .functor BUFT 1, C4<0>, C4<0>, C4<0>, C4<0>;
v0x1b91df0_0 .net *"_ivl_20", 0 0, L_0x7f0de168e0f0;  1 drivers
v0x1b91ed0_0 .net *"_ivl_3", 0 0, L_0x1ba7720;  1 drivers
v0x1b92000_0 .net *"_ivl_9", 14 0, L_0x1ba7990;  1 drivers
v0x1b920e0_0 .net "i_dividend", 15 0, L_0x1ba7450;  alias, 1 drivers
v0x1b921a0_0 .net "i_divisor", 15 0, v0x1ba4fc0_0;  alias, 1 drivers
v0x1b92240_0 .net "i_quotient", 15 0, L_0x1ba7060;  alias, 1 drivers
v0x1b923c0_0 .net "i_remainder", 15 0, L_0x1ba7230;  alias, 1 drivers
v0x1b92490_0 .net "o_dividend", 15 0, L_0x1ba7eb0;  alias, 1 drivers
v0x1b92550_0 .net "o_quotient", 15 0, L_0x1ba7ac0;  alias, 1 drivers
v0x1b92630_0 .net "o_remainder", 15 0, L_0x1ba7c90;  alias, 1 drivers
v0x1b92710_0 .net "sub", 0 0, L_0x1ba78f0;  1 drivers
v0x1b927d0_0 .net "tmp_remainder", 15 0, L_0x1ba7850;  1 drivers
L_0x1ba75f0 .part L_0x1ba7230, 0, 15;
L_0x1ba7720 .part L_0x1ba7450, 15, 1;
L_0x1ba7850 .concat [ 1 15 0 0], L_0x1ba7720, L_0x1ba75f0;
L_0x1ba78f0 .cmp/ge 16, L_0x1ba7850, v0x1ba4fc0_0;
L_0x1ba7990 .part L_0x1ba7060, 0, 15;
L_0x1ba7ac0 .concat [ 1 15 0 0], L_0x1ba78f0, L_0x1ba7990;
L_0x1ba7bf0 .arith/sub 16, L_0x1ba7850, v0x1ba4fc0_0;
L_0x1ba7c90 .functor MUXZ 16, L_0x1ba7850, L_0x1ba7bf0, L_0x1ba78f0, C4<>;
L_0x1ba7e10 .part L_0x1ba7450, 0, 15;
L_0x1ba7eb0 .concat [ 1 15 0 0], L_0x7f0de168e0f0, L_0x1ba7e10;
S_0x1b92990 .scope generate, "genblk1[4]" "genblk1[4]" 3 20, 3 20 0, S_0x1b782a0;
 .timescale -9 -12;
P_0x1b92b90 .param/l "i" 0 3 20, +C4<0100>;
S_0x1b92c70 .scope module, "iter" "lc4_divider_one_iter" 3 21, 3 38 0, S_0x1b92990;
 .timescale -9 -12;
    .port_info 0 /INPUT 16 "i_dividend";
    .port_info 1 /INPUT 16 "i_divisor";
    .port_info 2 /INPUT 16 "i_remainder";
    .port_info 3 /INPUT 16 "i_quotient";
    .port_info 4 /OUTPUT 16 "o_dividend";
    .port_info 5 /OUTPUT 16 "o_remainder";
    .port_info 6 /OUTPUT 16 "o_quotient";
v0x1b92f00_0 .net *"_ivl_1", 14 0, L_0x1ba8050;  1 drivers
v0x1b93000_0 .net *"_ivl_12", 15 0, L_0x1ba8650;  1 drivers
v0x1b930e0_0 .net *"_ivl_18", 14 0, L_0x1ba8870;  1 drivers
L_0x7f0de168e138 .functor BUFT 1, C4<0>, C4<0>, C4<0>, C4<0>;
v0x1b931a0_0 .net *"_ivl_20", 0 0, L_0x7f0de168e138;  1 drivers
v0x1b93280_0 .net *"_ivl_3", 0 0, L_0x1ba8180;  1 drivers
v0x1b933b0_0 .net *"_ivl_9", 14 0, L_0x1ba83f0;  1 drivers
v0x1b93490_0 .net "i_dividend", 15 0, L_0x1ba7eb0;  alias, 1 drivers
v0x1b93550_0 .net "i_divisor", 15 0, v0x1ba4fc0_0;  alias, 1 drivers
v0x1b93680_0 .net "i_quotient", 15 0, L_0x1ba7ac0;  alias, 1 drivers
v0x1b93800_0 .net "i_remainder", 15 0, L_0x1ba7c90;  alias, 1 drivers
v0x1b938d0_0 .net "o_dividend", 15 0, L_0x1ba8960;  alias, 1 drivers
v0x1b93990_0 .net "o_quotient", 15 0, L_0x1ba8520;  alias, 1 drivers
v0x1b93a70_0 .net "o_remainder", 15 0, L_0x1ba86f0;  alias, 1 drivers
v0x1b93b50_0 .net "sub", 0 0, L_0x1ba8350;  1 drivers
v0x1b93c10_0 .net "tmp_remainder", 15 0, L_0x1ba82b0;  1 drivers
L_0x1ba8050 .part L_0x1ba7c90, 0, 15;
L_0x1ba8180 .part L_0x1ba7eb0, 15, 1;
L_0x1ba82b0 .concat [ 1 15 0 0], L_0x1ba8180, L_0x1ba8050;
L_0x1ba8350 .cmp/ge 16, L_0x1ba82b0, v0x1ba4fc0_0;
L_0x1ba83f0 .part L_0x1ba7ac0, 0, 15;
L_0x1ba8520 .concat [ 1 15 0 0], L_0x1ba8350, L_0x1ba83f0;
L_0x1ba8650 .arith/sub 16, L_0x1ba82b0, v0x1ba4fc0_0;
L_0x1ba86f0 .functor MUXZ 16, L_0x1ba82b0, L_0x1ba8650, L_0x1ba8350, C4<>;
L_0x1ba8870 .part L_0x1ba7eb0, 0, 15;
L_0x1ba8960 .concat [ 1 15 0 0], L_0x7f0de168e138, L_0x1ba8870;
S_0x1b93dd0 .scope generate, "genblk1[5]" "genblk1[5]" 3 20, 3 20 0, S_0x1b782a0;
 .timescale -9 -12;
P_0x1b90e90 .param/l "i" 0 3 20, +C4<0101>;
S_0x1b94010 .scope module, "iter" "lc4_divider_one_iter" 3 21, 3 38 0, S_0x1b93dd0;
 .timescale -9 -12;
    .port_info 0 /INPUT 16 "i_dividend";
    .port_info 1 /INPUT 16 "i_divisor";
    .port_info 2 /INPUT 16 "i_remainder";
    .port_info 3 /INPUT 16 "i_quotient";
    .port_info 4 /OUTPUT 16 "o_dividend";
    .port_info 5 /OUTPUT 16 "o_remainder";
    .port_info 6 /OUTPUT 16 "o_quotient";
v0x1b942a0_0 .net *"_ivl_1", 14 0, L_0x1ba8b00;  1 drivers
v0x1b943a0_0 .net *"_ivl_12", 15 0, L_0x1ba9100;  1 drivers
v0x1b94480_0 .net *"_ivl_18", 14 0, L_0x1ba9320;  1 drivers
L_0x7f0de168e180 .functor BUFT 1, C4<0>, C4<0>, C4<0>, C4<0>;
v0x1b94570_0 .net *"_ivl_20", 0 0, L_0x7f0de168e180;  1 drivers
v0x1b94650_0 .net *"_ivl_3", 0 0, L_0x1ba8c30;  1 drivers
v0x1b94780_0 .net *"_ivl_9", 14 0, L_0x1ba8ea0;  1 drivers
v0x1b94860_0 .net "i_dividend", 15 0, L_0x1ba8960;  alias, 1 drivers
v0x1b94920_0 .net "i_divisor", 15 0, v0x1ba4fc0_0;  alias, 1 drivers
v0x1b949c0_0 .net "i_quotient", 15 0, L_0x1ba8520;  alias, 1 drivers
v0x1b94b40_0 .net "i_remainder", 15 0, L_0x1ba86f0;  alias, 1 drivers
v0x1b94c10_0 .net "o_dividend", 15 0, L_0x1ba93c0;  alias, 1 drivers
v0x1b94cd0_0 .net "o_quotient", 15 0, L_0x1ba8fd0;  alias, 1 drivers
v0x1b94db0_0 .net "o_remainder", 15 0, L_0x1ba91a0;  alias, 1 drivers
v0x1b94e90_0 .net "sub", 0 0, L_0x1ba8e00;  1 drivers
v0x1b94f50_0 .net "tmp_remainder", 15 0, L_0x1ba8d60;  1 drivers
L_0x1ba8b00 .part L_0x1ba86f0, 0, 15;
L_0x1ba8c30 .part L_0x1ba8960, 15, 1;
L_0x1ba8d60 .concat [ 1 15 0 0], L_0x1ba8c30, L_0x1ba8b00;
L_0x1ba8e00 .cmp/ge 16, L_0x1ba8d60, v0x1ba4fc0_0;
L_0x1ba8ea0 .part L_0x1ba8520, 0, 15;
L_0x1ba8fd0 .concat [ 1 15 0 0], L_0x1ba8e00, L_0x1ba8ea0;
L_0x1ba9100 .arith/sub 16, L_0x1ba8d60, v0x1ba4fc0_0;
L_0x1ba91a0 .functor MUXZ 16, L_0x1ba8d60, L_0x1ba9100, L_0x1ba8e00, C4<>;
L_0x1ba9320 .part L_0x1ba8960, 0, 15;
L_0x1ba93c0 .concat [ 1 15 0 0], L_0x7f0de168e180, L_0x1ba9320;
S_0x1b95150 .scope generate, "genblk1[6]" "genblk1[6]" 3 20, 3 20 0, S_0x1b782a0;
 .timescale -9 -12;
P_0x1b95300 .param/l "i" 0 3 20, +C4<0110>;
S_0x1b953e0 .scope module, "iter" "lc4_divider_one_iter" 3 21, 3 38 0, S_0x1b95150;
 .timescale -9 -12;
    .port_info 0 /INPUT 16 "i_dividend";
    .port_info 1 /INPUT 16 "i_divisor";
    .port_info 2 /INPUT 16 "i_remainder";
    .port_info 3 /INPUT 16 "i_quotient";
    .port_info 4 /OUTPUT 16 "o_dividend";
    .port_info 5 /OUTPUT 16 "o_remainder";
    .port_info 6 /OUTPUT 16 "o_quotient";
v0x1b95670_0 .net *"_ivl_1", 14 0, L_0x1ba9560;  1 drivers
v0x1b95770_0 .net *"_ivl_12", 15 0, L_0x1ba9b60;  1 drivers
v0x1b95850_0 .net *"_ivl_18", 14 0, L_0x1baa190;  1 drivers
L_0x7f0de168e1c8 .functor BUFT 1, C4<0>, C4<0>, C4<0>, C4<0>;
v0x1b95940_0 .net *"_ivl_20", 0 0, L_0x7f0de168e1c8;  1 drivers
v0x1b95a20_0 .net *"_ivl_3", 0 0, L_0x1ba9690;  1 drivers
v0x1b95b50_0 .net *"_ivl_9", 14 0, L_0x1ba9900;  1 drivers
v0x1b95c30_0 .net "i_dividend", 15 0, L_0x1ba93c0;  alias, 1 drivers
v0x1b95cf0_0 .net "i_divisor", 15 0, v0x1ba4fc0_0;  alias, 1 drivers
v0x1b95d90_0 .net "i_quotient", 15 0, L_0x1ba8fd0;  alias, 1 drivers
v0x1b95f10_0 .net "i_remainder", 15 0, L_0x1ba91a0;  alias, 1 drivers
v0x1b95fe0_0 .net "o_dividend", 15 0, L_0x1baa230;  alias, 1 drivers
v0x1b960a0_0 .net "o_quotient", 15 0, L_0x1ba9a30;  alias, 1 drivers
v0x1b96180_0 .net "o_remainder", 15 0, L_0x1baa010;  alias, 1 drivers
v0x1b96260_0 .net "sub", 0 0, L_0x1ba9860;  1 drivers
v0x1b96320_0 .net "tmp_remainder", 15 0, L_0x1ba97c0;  1 drivers
L_0x1ba9560 .part L_0x1ba91a0, 0, 15;
L_0x1ba9690 .part L_0x1ba93c0, 15, 1;
L_0x1ba97c0 .concat [ 1 15 0 0], L_0x1ba9690, L_0x1ba9560;
L_0x1ba9860 .cmp/ge 16, L_0x1ba97c0, v0x1ba4fc0_0;
L_0x1ba9900 .part L_0x1ba8fd0, 0, 15;
L_0x1ba9a30 .concat [ 1 15 0 0], L_0x1ba9860, L_0x1ba9900;
L_0x1ba9b60 .arith/sub 16, L_0x1ba97c0, v0x1ba4fc0_0;
L_0x1baa010 .functor MUXZ 16, L_0x1ba97c0, L_0x1ba9b60, L_0x1ba9860, C4<>;
L_0x1baa190 .part L_0x1ba93c0, 0, 15;
L_0x1baa230 .concat [ 1 15 0 0], L_0x7f0de168e1c8, L_0x1baa190;
S_0x1b96520 .scope generate, "genblk1[7]" "genblk1[7]" 3 20, 3 20 0, S_0x1b782a0;
 .timescale -9 -12;
P_0x1b966d0 .param/l "i" 0 3 20, +C4<0111>;
S_0x1b967b0 .scope module, "iter" "lc4_divider_one_iter" 3 21, 3 38 0, S_0x1b96520;
 .timescale -9 -12;
    .port_info 0 /INPUT 16 "i_dividend";
    .port_info 1 /INPUT 16 "i_divisor";
    .port_info 2 /INPUT 16 "i_remainder";
    .port_info 3 /INPUT 16 "i_quotient";
    .port_info 4 /OUTPUT 16 "o_dividend";
    .port_info 5 /OUTPUT 16 "o_remainder";
    .port_info 6 /OUTPUT 16 "o_quotient";
v0x1b96a40_0 .net *"_ivl_1", 14 0, L_0x1baa3d0;  1 drivers
v0x1b96b40_0 .net *"_ivl_12", 15 0, L_0x1baa990;  1 drivers
v0x1b96c20_0 .net *"_ivl_18", 14 0, L_0x1baabb0;  1 drivers
L_0x7f0de168e210 .functor BUFT 1, C4<0>, C4<0>, C4<0>, C4<0>;
v0x1b96d10_0 .net *"_ivl_20", 0 0, L_0x7f0de168e210;  1 drivers
v0x1b96df0_0 .net *"_ivl_3", 0 0, L_0x1baa500;  1 drivers
v0x1b96f20_0 .net *"_ivl_9", 14 0, L_0x1baa770;  1 drivers
v0x1b97000_0 .net "i_dividend", 15 0, L_0x1baa230;  alias, 1 drivers
v0x1b970c0_0 .net "i_divisor", 15 0, v0x1ba4fc0_0;  alias, 1 drivers
v0x1b97160_0 .net "i_quotient", 15 0, L_0x1ba9a30;  alias, 1 drivers
v0x1b972e0_0 .net "i_remainder", 15 0, L_0x1baa010;  alias, 1 drivers
v0x1b973b0_0 .net "o_dividend", 15 0, L_0x1baac50;  alias, 1 drivers
v0x1b97470_0 .net "o_quotient", 15 0, L_0x1baa8a0;  alias, 1 drivers
v0x1b97550_0 .net "o_remainder", 15 0, L_0x1baaa30;  alias, 1 drivers
v0x1b97630_0 .net "sub", 0 0, L_0x1baa6d0;  1 drivers
v0x1b976f0_0 .net "tmp_remainder", 15 0, L_0x1baa630;  1 drivers
L_0x1baa3d0 .part L_0x1baa010, 0, 15;
L_0x1baa500 .part L_0x1baa230, 15, 1;
L_0x1baa630 .concat [ 1 15 0 0], L_0x1baa500, L_0x1baa3d0;
L_0x1baa6d0 .cmp/ge 16, L_0x1baa630, v0x1ba4fc0_0;
L_0x1baa770 .part L_0x1ba9a30, 0, 15;
L_0x1baa8a0 .concat [ 1 15 0 0], L_0x1baa6d0, L_0x1baa770;
L_0x1baa990 .arith/sub 16, L_0x1baa630, v0x1ba4fc0_0;
L_0x1baaa30 .functor MUXZ 16, L_0x1baa630, L_0x1baa990, L_0x1baa6d0, C4<>;
L_0x1baabb0 .part L_0x1baa230, 0, 15;
L_0x1baac50 .concat [ 1 15 0 0], L_0x7f0de168e210, L_0x1baabb0;
S_0x1b978f0 .scope generate, "genblk1[8]" "genblk1[8]" 3 20, 3 20 0, S_0x1b782a0;
 .timescale -9 -12;
P_0x1b92b40 .param/l "i" 0 3 20, +C4<01000>;
S_0x1b97bc0 .scope module, "iter" "lc4_divider_one_iter" 3 21, 3 38 0, S_0x1b978f0;
 .timescale -9 -12;
    .port_info 0 /INPUT 16 "i_dividend";
    .port_info 1 /INPUT 16 "i_divisor";
    .port_info 2 /INPUT 16 "i_remainder";
    .port_info 3 /INPUT 16 "i_quotient";
    .port_info 4 /OUTPUT 16 "o_dividend";
    .port_info 5 /OUTPUT 16 "o_remainder";
    .port_info 6 /OUTPUT 16 "o_quotient";
v0x1b97e50_0 .net *"_ivl_1", 14 0, L_0x1baadf0;  1 drivers
v0x1b97f50_0 .net *"_ivl_12", 15 0, L_0x1bab3b0;  1 drivers
v0x1b98030_0 .net *"_ivl_18", 14 0, L_0x1bab5d0;  1 drivers
L_0x7f0de168e258 .functor BUFT 1, C4<0>, C4<0>, C4<0>, C4<0>;
v0x1b98120_0 .net *"_ivl_20", 0 0, L_0x7f0de168e258;  1 drivers
v0x1b98200_0 .net *"_ivl_3", 0 0, L_0x1baaf20;  1 drivers
v0x1b98330_0 .net *"_ivl_9", 14 0, L_0x1bab190;  1 drivers
v0x1b98410_0 .net "i_dividend", 15 0, L_0x1baac50;  alias, 1 drivers
v0x1b984d0_0 .net "i_divisor", 15 0, v0x1ba4fc0_0;  alias, 1 drivers
v0x1b98570_0 .net "i_quotient", 15 0, L_0x1baa8a0;  alias, 1 drivers
v0x1b98660_0 .net "i_remainder", 15 0, L_0x1baaa30;  alias, 1 drivers
v0x1b98730_0 .net "o_dividend", 15 0, L_0x1bab700;  alias, 1 drivers
v0x1b987f0_0 .net "o_quotient", 15 0, L_0x1bab2c0;  alias, 1 drivers
v0x1b988d0_0 .net "o_remainder", 15 0, L_0x1bab450;  alias, 1 drivers
v0x1b989b0_0 .net "sub", 0 0, L_0x1bab0f0;  1 drivers
v0x1b98a70_0 .net "tmp_remainder", 15 0, L_0x1bab050;  1 drivers
L_0x1baadf0 .part L_0x1baaa30, 0, 15;
L_0x1baaf20 .part L_0x1baac50, 15, 1;
L_0x1bab050 .concat [ 1 15 0 0], L_0x1baaf20, L_0x1baadf0;
L_0x1bab0f0 .cmp/ge 16, L_0x1bab050, v0x1ba4fc0_0;
L_0x1bab190 .part L_0x1baa8a0, 0, 15;
L_0x1bab2c0 .concat [ 1 15 0 0], L_0x1bab0f0, L_0x1bab190;
L_0x1bab3b0 .arith/sub 16, L_0x1bab050, v0x1ba4fc0_0;
L_0x1bab450 .functor MUXZ 16, L_0x1bab050, L_0x1bab3b0, L_0x1bab0f0, C4<>;
L_0x1bab5d0 .part L_0x1baac50, 0, 15;
L_0x1bab700 .concat [ 1 15 0 0], L_0x7f0de168e258, L_0x1bab5d0;
S_0x1b98c70 .scope generate, "genblk1[9]" "genblk1[9]" 3 20, 3 20 0, S_0x1b782a0;
 .timescale -9 -12;
P_0x1b98e20 .param/l "i" 0 3 20, +C4<01001>;
S_0x1b98f00 .scope module, "iter" "lc4_divider_one_iter" 3 21, 3 38 0, S_0x1b98c70;
 .timescale -9 -12;
    .port_info 0 /INPUT 16 "i_dividend";
    .port_info 1 /INPUT 16 "i_divisor";
    .port_info 2 /INPUT 16 "i_remainder";
    .port_info 3 /INPUT 16 "i_quotient";
    .port_info 4 /OUTPUT 16 "o_dividend";
    .port_info 5 /OUTPUT 16 "o_remainder";
    .port_info 6 /OUTPUT 16 "o_quotient";
v0x1b99190_0 .net *"_ivl_1", 14 0, L_0x1bab850;  1 drivers
v0x1b99290_0 .net *"_ivl_12", 15 0, L_0x1babe10;  1 drivers
v0x1b99370_0 .net *"_ivl_18", 14 0, L_0x1bac030;  1 drivers
L_0x7f0de168e2a0 .functor BUFT 1, C4<0>, C4<0>, C4<0>, C4<0>;
v0x1b99460_0 .net *"_ivl_20", 0 0, L_0x7f0de168e2a0;  1 drivers
v0x1b99540_0 .net *"_ivl_3", 0 0, L_0x1bab980;  1 drivers
v0x1b99670_0 .net *"_ivl_9", 14 0, L_0x1babbf0;  1 drivers
v0x1b99750_0 .net "i_dividend", 15 0, L_0x1bab700;  alias, 1 drivers
v0x1b99810_0 .net "i_divisor", 15 0, v0x1ba4fc0_0;  alias, 1 drivers
v0x1b998b0_0 .net "i_quotient", 15 0, L_0x1bab2c0;  alias, 1 drivers
v0x1b99a30_0 .net "i_remainder", 15 0, L_0x1bab450;  alias, 1 drivers
v0x1b99b00_0 .net "o_dividend", 15 0, L_0x1bac0d0;  alias, 1 drivers
v0x1b99bc0_0 .net "o_quotient", 15 0, L_0x1babd20;  alias, 1 drivers
v0x1b99ca0_0 .net "o_remainder", 15 0, L_0x1babeb0;  alias, 1 drivers
v0x1b99d80_0 .net "sub", 0 0, L_0x1babb50;  1 drivers
v0x1b99e40_0 .net "tmp_remainder", 15 0, L_0x1babab0;  1 drivers
L_0x1bab850 .part L_0x1bab450, 0, 15;
L_0x1bab980 .part L_0x1bab700, 15, 1;
L_0x1babab0 .concat [ 1 15 0 0], L_0x1bab980, L_0x1bab850;
L_0x1babb50 .cmp/ge 16, L_0x1babab0, v0x1ba4fc0_0;
L_0x1babbf0 .part L_0x1bab2c0, 0, 15;
L_0x1babd20 .concat [ 1 15 0 0], L_0x1babb50, L_0x1babbf0;
L_0x1babe10 .arith/sub 16, L_0x1babab0, v0x1ba4fc0_0;
L_0x1babeb0 .functor MUXZ 16, L_0x1babab0, L_0x1babe10, L_0x1babb50, C4<>;
L_0x1bac030 .part L_0x1bab700, 0, 15;
L_0x1bac0d0 .concat [ 1 15 0 0], L_0x7f0de168e2a0, L_0x1bac030;
S_0x1b9a040 .scope generate, "genblk1[10]" "genblk1[10]" 3 20, 3 20 0, S_0x1b782a0;
 .timescale -9 -12;
P_0x1b9a1f0 .param/l "i" 0 3 20, +C4<01010>;
S_0x1b9a2d0 .scope module, "iter" "lc4_divider_one_iter" 3 21, 3 38 0, S_0x1b9a040;
 .timescale -9 -12;
    .port_info 0 /INPUT 16 "i_dividend";
    .port_info 1 /INPUT 16 "i_divisor";
    .port_info 2 /INPUT 16 "i_remainder";
    .port_info 3 /INPUT 16 "i_quotient";
    .port_info 4 /OUTPUT 16 "o_dividend";
    .port_info 5 /OUTPUT 16 "o_remainder";
    .port_info 6 /OUTPUT 16 "o_quotient";
v0x1b9a560_0 .net *"_ivl_1", 14 0, L_0x1bac270;  1 drivers
v0x1b9a660_0 .net *"_ivl_12", 15 0, L_0x1bac830;  1 drivers
v0x1b9a740_0 .net *"_ivl_18", 14 0, L_0x1baca50;  1 drivers
L_0x7f0de168e2e8 .functor BUFT 1, C4<0>, C4<0>, C4<0>, C4<0>;
v0x1b9a830_0 .net *"_ivl_20", 0 0, L_0x7f0de168e2e8;  1 drivers
v0x1b9a910_0 .net *"_ivl_3", 0 0, L_0x1bac3a0;  1 drivers
v0x1b9aa40_0 .net *"_ivl_9", 14 0, L_0x1bac610;  1 drivers
v0x1b9ab20_0 .net "i_dividend", 15 0, L_0x1bac0d0;  alias, 1 drivers
v0x1b9abe0_0 .net "i_divisor", 15 0, v0x1ba4fc0_0;  alias, 1 drivers
v0x1b9ac80_0 .net "i_quotient", 15 0, L_0x1babd20;  alias, 1 drivers
v0x1b9ae00_0 .net "i_remainder", 15 0, L_0x1babeb0;  alias, 1 drivers
v0x1b9aed0_0 .net "o_dividend", 15 0, L_0x1bacaf0;  alias, 1 drivers
v0x1b9af90_0 .net "o_quotient", 15 0, L_0x1bac740;  alias, 1 drivers
v0x1b9b070_0 .net "o_remainder", 15 0, L_0x1bac8d0;  alias, 1 drivers
v0x1b9b150_0 .net "sub", 0 0, L_0x1bac570;  1 drivers
v0x1b9b210_0 .net "tmp_remainder", 15 0, L_0x1bac4d0;  1 drivers
L_0x1bac270 .part L_0x1babeb0, 0, 15;
L_0x1bac3a0 .part L_0x1bac0d0, 15, 1;
L_0x1bac4d0 .concat [ 1 15 0 0], L_0x1bac3a0, L_0x1bac270;
L_0x1bac570 .cmp/ge 16, L_0x1bac4d0, v0x1ba4fc0_0;
L_0x1bac610 .part L_0x1babd20, 0, 15;
L_0x1bac740 .concat [ 1 15 0 0], L_0x1bac570, L_0x1bac610;
L_0x1bac830 .arith/sub 16, L_0x1bac4d0, v0x1ba4fc0_0;
L_0x1bac8d0 .functor MUXZ 16, L_0x1bac4d0, L_0x1bac830, L_0x1bac570, C4<>;
L_0x1baca50 .part L_0x1bac0d0, 0, 15;
L_0x1bacaf0 .concat [ 1 15 0 0], L_0x7f0de168e2e8, L_0x1baca50;
S_0x1b9b410 .scope generate, "genblk1[11]" "genblk1[11]" 3 20, 3 20 0, S_0x1b782a0;
 .timescale -9 -12;
P_0x1b9b5c0 .param/l "i" 0 3 20, +C4<01011>;
S_0x1b9b6a0 .scope module, "iter" "lc4_divider_one_iter" 3 21, 3 38 0, S_0x1b9b410;
 .timescale -9 -12;
    .port_info 0 /INPUT 16 "i_dividend";
    .port_info 1 /INPUT 16 "i_divisor";
    .port_info 2 /INPUT 16 "i_remainder";
    .port_info 3 /INPUT 16 "i_quotient";
    .port_info 4 /OUTPUT 16 "o_dividend";
    .port_info 5 /OUTPUT 16 "o_remainder";
    .port_info 6 /OUTPUT 16 "o_quotient";
v0x1b9b930_0 .net *"_ivl_1", 14 0, L_0x1bacc90;  1 drivers
v0x1b9ba30_0 .net *"_ivl_12", 15 0, L_0x1bad250;  1 drivers
v0x1b9bb10_0 .net *"_ivl_18", 14 0, L_0x1bad470;  1 drivers
L_0x7f0de168e330 .functor BUFT 1, C4<0>, C4<0>, C4<0>, C4<0>;
v0x1b9bc00_0 .net *"_ivl_20", 0 0, L_0x7f0de168e330;  1 drivers
v0x1b9bce0_0 .net *"_ivl_3", 0 0, L_0x1bacdc0;  1 drivers
v0x1b9be10_0 .net *"_ivl_9", 14 0, L_0x1bad030;  1 drivers
v0x1b9bef0_0 .net "i_dividend", 15 0, L_0x1bacaf0;  alias, 1 drivers
v0x1b9bfb0_0 .net "i_divisor", 15 0, v0x1ba4fc0_0;  alias, 1 drivers
v0x1b9c050_0 .net "i_quotient", 15 0, L_0x1bac740;  alias, 1 drivers
v0x1b9c1d0_0 .net "i_remainder", 15 0, L_0x1bac8d0;  alias, 1 drivers
v0x1b9c2a0_0 .net "o_dividend", 15 0, L_0x1bad510;  alias, 1 drivers
v0x1b9c360_0 .net "o_quotient", 15 0, L_0x1bad160;  alias, 1 drivers
v0x1b9c440_0 .net "o_remainder", 15 0, L_0x1bad2f0;  alias, 1 drivers
v0x1b9c520_0 .net "sub", 0 0, L_0x1bacf90;  1 drivers
v0x1b9c5e0_0 .net "tmp_remainder", 15 0, L_0x1bacef0;  1 drivers
L_0x1bacc90 .part L_0x1bac8d0, 0, 15;
L_0x1bacdc0 .part L_0x1bacaf0, 15, 1;
L_0x1bacef0 .concat [ 1 15 0 0], L_0x1bacdc0, L_0x1bacc90;
L_0x1bacf90 .cmp/ge 16, L_0x1bacef0, v0x1ba4fc0_0;
L_0x1bad030 .part L_0x1bac740, 0, 15;
L_0x1bad160 .concat [ 1 15 0 0], L_0x1bacf90, L_0x1bad030;
L_0x1bad250 .arith/sub 16, L_0x1bacef0, v0x1ba4fc0_0;
L_0x1bad2f0 .functor MUXZ 16, L_0x1bacef0, L_0x1bad250, L_0x1bacf90, C4<>;
L_0x1bad470 .part L_0x1bacaf0, 0, 15;
L_0x1bad510 .concat [ 1 15 0 0], L_0x7f0de168e330, L_0x1bad470;
S_0x1b9c7e0 .scope generate, "genblk1[12]" "genblk1[12]" 3 20, 3 20 0, S_0x1b782a0;
 .timescale -9 -12;
P_0x1b9c990 .param/l "i" 0 3 20, +C4<01100>;
S_0x1b9ca70 .scope module, "iter" "lc4_divider_one_iter" 3 21, 3 38 0, S_0x1b9c7e0;
 .timescale -9 -12;
    .port_info 0 /INPUT 16 "i_dividend";
    .port_info 1 /INPUT 16 "i_divisor";
    .port_info 2 /INPUT 16 "i_remainder";
    .port_info 3 /INPUT 16 "i_quotient";
    .port_info 4 /OUTPUT 16 "o_dividend";
    .port_info 5 /OUTPUT 16 "o_remainder";
    .port_info 6 /OUTPUT 16 "o_quotient";
v0x1b9cd00_0 .net *"_ivl_1", 14 0, L_0x1bad6b0;  1 drivers
v0x1b9ce00_0 .net *"_ivl_12", 15 0, L_0x1badc70;  1 drivers
v0x1b9cee0_0 .net *"_ivl_18", 14 0, L_0x1bade90;  1 drivers
L_0x7f0de168e378 .functor BUFT 1, C4<0>, C4<0>, C4<0>, C4<0>;
v0x1b9cfd0_0 .net *"_ivl_20", 0 0, L_0x7f0de168e378;  1 drivers
v0x1b9d0b0_0 .net *"_ivl_3", 0 0, L_0x1bad7e0;  1 drivers
v0x1b9d1e0_0 .net *"_ivl_9", 14 0, L_0x1bada50;  1 drivers
v0x1b9d2c0_0 .net "i_dividend", 15 0, L_0x1bad510;  alias, 1 drivers
v0x1b9d380_0 .net "i_divisor", 15 0, v0x1ba4fc0_0;  alias, 1 drivers
v0x1b9d420_0 .net "i_quotient", 15 0, L_0x1bad160;  alias, 1 drivers
v0x1b9d5a0_0 .net "i_remainder", 15 0, L_0x1bad2f0;  alias, 1 drivers
v0x1b9d670_0 .net "o_dividend", 15 0, L_0x1badf30;  alias, 1 drivers
v0x1b9d730_0 .net "o_quotient", 15 0, L_0x1badb80;  alias, 1 drivers
v0x1b9d810_0 .net "o_remainder", 15 0, L_0x1badd10;  alias, 1 drivers
v0x1b9d8f0_0 .net "sub", 0 0, L_0x1bad9b0;  1 drivers
v0x1b9d9b0_0 .net "tmp_remainder", 15 0, L_0x1bad910;  1 drivers
L_0x1bad6b0 .part L_0x1bad2f0, 0, 15;
L_0x1bad7e0 .part L_0x1bad510, 15, 1;
L_0x1bad910 .concat [ 1 15 0 0], L_0x1bad7e0, L_0x1bad6b0;
L_0x1bad9b0 .cmp/ge 16, L_0x1bad910, v0x1ba4fc0_0;
L_0x1bada50 .part L_0x1bad160, 0, 15;
L_0x1badb80 .concat [ 1 15 0 0], L_0x1bad9b0, L_0x1bada50;
L_0x1badc70 .arith/sub 16, L_0x1bad910, v0x1ba4fc0_0;
L_0x1badd10 .functor MUXZ 16, L_0x1bad910, L_0x1badc70, L_0x1bad9b0, C4<>;
L_0x1bade90 .part L_0x1bad510, 0, 15;
L_0x1badf30 .concat [ 1 15 0 0], L_0x7f0de168e378, L_0x1bade90;
S_0x1b9dbb0 .scope generate, "genblk1[13]" "genblk1[13]" 3 20, 3 20 0, S_0x1b782a0;
 .timescale -9 -12;
P_0x1b9dd60 .param/l "i" 0 3 20, +C4<01101>;
S_0x1b9de40 .scope module, "iter" "lc4_divider_one_iter" 3 21, 3 38 0, S_0x1b9dbb0;
 .timescale -9 -12;
    .port_info 0 /INPUT 16 "i_dividend";
    .port_info 1 /INPUT 16 "i_divisor";
    .port_info 2 /INPUT 16 "i_remainder";
    .port_info 3 /INPUT 16 "i_quotient";
    .port_info 4 /OUTPUT 16 "o_dividend";
    .port_info 5 /OUTPUT 16 "o_remainder";
    .port_info 6 /OUTPUT 16 "o_quotient";
v0x1b9e0d0_0 .net *"_ivl_1", 14 0, L_0x1bae0d0;  1 drivers
v0x1b9e1d0_0 .net *"_ivl_12", 15 0, L_0x1bae690;  1 drivers
v0x1b9e2b0_0 .net *"_ivl_18", 14 0, L_0x1bae8b0;  1 drivers
L_0x7f0de168e3c0 .functor BUFT 1, C4<0>, C4<0>, C4<0>, C4<0>;
v0x1b9e3a0_0 .net *"_ivl_20", 0 0, L_0x7f0de168e3c0;  1 drivers
v0x1b9e480_0 .net *"_ivl_3", 0 0, L_0x1bae200;  1 drivers
v0x1b9e5b0_0 .net *"_ivl_9", 14 0, L_0x1bae470;  1 drivers
v0x1b9e690_0 .net "i_dividend", 15 0, L_0x1badf30;  alias, 1 drivers
v0x1b9e750_0 .net "i_divisor", 15 0, v0x1ba4fc0_0;  alias, 1 drivers
v0x1b9e7f0_0 .net "i_quotient", 15 0, L_0x1badb80;  alias, 1 drivers
v0x1b9e970_0 .net "i_remainder", 15 0, L_0x1badd10;  alias, 1 drivers
v0x1b9ea40_0 .net "o_dividend", 15 0, L_0x1bae950;  alias, 1 drivers
v0x1b9eb00_0 .net "o_quotient", 15 0, L_0x1bae5a0;  alias, 1 drivers
v0x1b9ebe0_0 .net "o_remainder", 15 0, L_0x1bae730;  alias, 1 drivers
v0x1b9ecc0_0 .net "sub", 0 0, L_0x1bae3d0;  1 drivers
v0x1b9ed80_0 .net "tmp_remainder", 15 0, L_0x1bae330;  1 drivers
L_0x1bae0d0 .part L_0x1badd10, 0, 15;
L_0x1bae200 .part L_0x1badf30, 15, 1;
L_0x1bae330 .concat [ 1 15 0 0], L_0x1bae200, L_0x1bae0d0;
L_0x1bae3d0 .cmp/ge 16, L_0x1bae330, v0x1ba4fc0_0;
L_0x1bae470 .part L_0x1badb80, 0, 15;
L_0x1bae5a0 .concat [ 1 15 0 0], L_0x1bae3d0, L_0x1bae470;
L_0x1bae690 .arith/sub 16, L_0x1bae330, v0x1ba4fc0_0;
L_0x1bae730 .functor MUXZ 16, L_0x1bae330, L_0x1bae690, L_0x1bae3d0, C4<>;
L_0x1bae8b0 .part L_0x1badf30, 0, 15;
L_0x1bae950 .concat [ 1 15 0 0], L_0x7f0de168e3c0, L_0x1bae8b0;
S_0x1b9ef80 .scope generate, "genblk1[14]" "genblk1[14]" 3 20, 3 20 0, S_0x1b782a0;
 .timescale -9 -12;
P_0x1b9f130 .param/l "i" 0 3 20, +C4<01110>;
S_0x1b9f210 .scope module, "iter" "lc4_divider_one_iter" 3 21, 3 38 0, S_0x1b9ef80;
 .timescale -9 -12;
    .port_info 0 /INPUT 16 "i_dividend";
    .port_info 1 /INPUT 16 "i_divisor";
    .port_info 2 /INPUT 16 "i_remainder";
    .port_info 3 /INPUT 16 "i_quotient";
    .port_info 4 /OUTPUT 16 "o_dividend";
    .port_info 5 /OUTPUT 16 "o_remainder";
    .port_info 6 /OUTPUT 16 "o_quotient";
v0x1b9f4a0_0 .net *"_ivl_1", 14 0, L_0x1baeaf0;  1 drivers
v0x1b9f5a0_0 .net *"_ivl_12", 15 0, L_0x1baf0b0;  1 drivers
v0x1b9f680_0 .net *"_ivl_18", 14 0, L_0x1baf2d0;  1 drivers
L_0x7f0de168e408 .functor BUFT 1, C4<0>, C4<0>, C4<0>, C4<0>;
v0x1b9f770_0 .net *"_ivl_20", 0 0, L_0x7f0de168e408;  1 drivers
v0x1b9f850_0 .net *"_ivl_3", 0 0, L_0x1baec20;  1 drivers
v0x1b9f980_0 .net *"_ivl_9", 14 0, L_0x1baee90;  1 drivers
v0x1b9fa60_0 .net "i_dividend", 15 0, L_0x1bae950;  alias, 1 drivers
v0x1b9fb20_0 .net "i_divisor", 15 0, v0x1ba4fc0_0;  alias, 1 drivers
v0x1b9fbc0_0 .net "i_quotient", 15 0, L_0x1bae5a0;  alias, 1 drivers
v0x1b9fd40_0 .net "i_remainder", 15 0, L_0x1bae730;  alias, 1 drivers
v0x1b9fe10_0 .net "o_dividend", 15 0, L_0x1baf370;  alias, 1 drivers
v0x1b9fed0_0 .net "o_quotient", 15 0, L_0x1baefc0;  alias, 1 drivers
v0x1b9ffb0_0 .net "o_remainder", 15 0, L_0x1baf150;  alias, 1 drivers
v0x1ba0090_0 .net "sub", 0 0, L_0x1baedf0;  1 drivers
v0x1ba0150_0 .net "tmp_remainder", 15 0, L_0x1baed50;  1 drivers
L_0x1baeaf0 .part L_0x1bae730, 0, 15;
L_0x1baec20 .part L_0x1bae950, 15, 1;
L_0x1baed50 .concat [ 1 15 0 0], L_0x1baec20, L_0x1baeaf0;
L_0x1baedf0 .cmp/ge 16, L_0x1baed50, v0x1ba4fc0_0;
L_0x1baee90 .part L_0x1bae5a0, 0, 15;
L_0x1baefc0 .concat [ 1 15 0 0], L_0x1baedf0, L_0x1baee90;
L_0x1baf0b0 .arith/sub 16, L_0x1baed50, v0x1ba4fc0_0;
L_0x1baf150 .functor MUXZ 16, L_0x1baed50, L_0x1baf0b0, L_0x1baedf0, C4<>;
L_0x1baf2d0 .part L_0x1bae950, 0, 15;
L_0x1baf370 .concat [ 1 15 0 0], L_0x7f0de168e408, L_0x1baf2d0;
S_0x1ba0350 .scope generate, "genblk1[15]" "genblk1[15]" 3 20, 3 20 0, S_0x1b782a0;
 .timescale -9 -12;
P_0x1ba0500 .param/l "i" 0 3 20, +C4<01111>;
S_0x1ba05e0 .scope module, "iter" "lc4_divider_one_iter" 3 21, 3 38 0, S_0x1ba0350;
 .timescale -9 -12;
    .port_info 0 /INPUT 16 "i_dividend";
    .port_info 1 /INPUT 16 "i_divisor";
    .port_info 2 /INPUT 16 "i_remainder";
    .port_info 3 /INPUT 16 "i_quotient";
    .port_info 4 /OUTPUT 16 "o_dividend";
    .port_info 5 /OUTPUT 16 "o_remainder";
    .port_info 6 /OUTPUT 16 "o_quotient";
v0x1ba0870_0 .net *"_ivl_1", 14 0, L_0x1baf510;  1 drivers
v0x1ba0970_0 .net *"_ivl_12", 15 0, L_0x1bafb20;  1 drivers
v0x1ba0a50_0 .net *"_ivl_18", 14 0, L_0x1bafd90;  1 drivers
L_0x7f0de168e450 .functor BUFT 1, C4<0>, C4<0>, C4<0>, C4<0>;
v0x1ba0b40_0 .net *"_ivl_20", 0 0, L_0x7f0de168e450;  1 drivers
v0x1ba0c20_0 .net *"_ivl_3", 0 0, L_0x1baf640;  1 drivers
v0x1ba0d50_0 .net *"_ivl_9", 14 0, L_0x1baf8b0;  1 drivers
v0x1ba0e30_0 .net "i_dividend", 15 0, L_0x1baf370;  alias, 1 drivers
v0x1ba0ef0_0 .net "i_divisor", 15 0, v0x1ba4fc0_0;  alias, 1 drivers
v0x1ba0f90_0 .net "i_quotient", 15 0, L_0x1baefc0;  alias, 1 drivers
v0x1ba1110_0 .net "i_remainder", 15 0, L_0x1baf150;  alias, 1 drivers
v0x1ba11e0_0 .net "o_dividend", 15 0, L_0x1bafe30;  alias, 1 drivers
v0x1ba12a0_0 .net "o_quotient", 15 0, L_0x1baf9e0;  alias, 1 drivers
v0x1ba1380_0 .net "o_remainder", 15 0, L_0x1bafbc0;  alias, 1 drivers
v0x1ba1460_0 .net "sub", 0 0, L_0x1baf810;  1 drivers
v0x1ba1520_0 .net "tmp_remainder", 15 0, L_0x1baf770;  1 drivers
L_0x1baf510 .part L_0x1baf150, 0, 15;
L_0x1baf640 .part L_0x1baf370, 15, 1;
L_0x1baf770 .concat [ 1 15 0 0], L_0x1baf640, L_0x1baf510;
L_0x1baf810 .cmp/ge 16, L_0x1baf770, v0x1ba4fc0_0;
L_0x1baf8b0 .part L_0x1baefc0, 0, 15;
L_0x1baf9e0 .concat [ 1 15 0 0], L_0x1baf810, L_0x1baf8b0;
L_0x1bafb20 .arith/sub 16, L_0x1baf770, v0x1ba4fc0_0;
L_0x1bafbc0 .functor MUXZ 16, L_0x1baf770, L_0x1bafb20, L_0x1baf810, C4<>;
L_0x1bafd90 .part L_0x1baf370, 0, 15;
L_0x1bafe30 .concat [ 1 15 0 0], L_0x7f0de168e450, L_0x1bafd90;
S_0x1ba33c0 .scope module, "divider_iter" "lc4_divider_one_iter" 2 65, 3 38 0, S_0x1b78110;
 .timescale -9 -12;
    .port_info 0 /INPUT 16 "i_dividend";
    .port_info 1 /INPUT 16 "i_divisor";
    .port_info 2 /INPUT 16 "i_remainder";
    .port_info 3 /INPUT 16 "i_quotient";
    .port_info 4 /OUTPUT 16 "o_dividend";
    .port_info 5 /OUTPUT 16 "o_remainder";
    .port_info 6 /OUTPUT 16 "o_quotient";
v0x1ba3670_0 .net *"_ivl_1", 14 0, L_0x1bc0520;  1 drivers
v0x1ba3750_0 .net *"_ivl_12", 15 0, L_0x1bc0b10;  1 drivers
v0x1ba3830_0 .net *"_ivl_18", 14 0, L_0x1bc0d80;  1 drivers
L_0x7f0de168e648 .functor BUFT 1, C4<0>, C4<0>, C4<0>, C4<0>;
v0x1ba38f0_0 .net *"_ivl_20", 0 0, L_0x7f0de168e648;  1 drivers
v0x1ba39d0_0 .net *"_ivl_3", 0 0, L_0x1bc0610;  1 drivers
v0x1ba3b00_0 .net *"_ivl_9", 14 0, L_0x1bc0890;  1 drivers
v0x1ba3be0_0 .net "i_dividend", 15 0, v0x1ba4eb0_0;  alias, 1 drivers
v0x1ba3ca0_0 .net "i_divisor", 15 0, v0x1ba4fc0_0;  alias, 1 drivers
v0x1ba3d40_0 .net "i_quotient", 15 0, v0x1ba5110_0;  1 drivers
v0x1ba3eb0_0 .net "i_remainder", 15 0, v0x1ba51d0_0;  1 drivers
v0x1ba3f90_0 .net "o_dividend", 15 0, L_0x1bc0e20;  alias, 1 drivers
v0x1ba4070_0 .net "o_quotient", 15 0, L_0x1bc0980;  alias, 1 drivers
v0x1ba4150_0 .net "o_remainder", 15 0, L_0x1bc0bb0;  alias, 1 drivers
v0x1ba4230_0 .net "sub", 0 0, L_0x1bc07a0;  1 drivers
v0x1ba42f0_0 .net "tmp_remainder", 15 0, L_0x1bc06b0;  1 drivers
L_0x1bc0520 .part v0x1ba51d0_0, 0, 15;
L_0x1bc0610 .part v0x1ba4eb0_0, 15, 1;
L_0x1bc06b0 .concat [ 1 15 0 0], L_0x1bc0610, L_0x1bc0520;
L_0x1bc07a0 .cmp/ge 16, L_0x1bc06b0, v0x1ba4fc0_0;
L_0x1bc0890 .part v0x1ba5110_0, 0, 15;
L_0x1bc0980 .concat [ 1 15 0 0], L_0x1bc07a0, L_0x1bc0890;
L_0x1bc0b10 .arith/sub 16, L_0x1bc06b0, v0x1ba4fc0_0;
L_0x1bc0bb0 .functor MUXZ 16, L_0x1bc06b0, L_0x1bc0b10, L_0x1bc07a0, C4<>;
L_0x1bc0d80 .part v0x1ba4eb0_0, 0, 15;
L_0x1bc0e20 .concat [ 1 15 0 0], L_0x7f0de168e648, L_0x1bc0d80;
S_0x1ba44f0 .scope task, "printPoints" "printPoints" 4 1, 4 1 0, S_0x1b78110;
 .timescale -9 -12;
v0x1ba4680_0 .var "actual", 31 0;
v0x1ba4760_0 .var "possible", 31 0;
TD_test_divider.printPoints ;
    %vpi_call 4 4 "$display", "<scorePossible>%d</scorePossible>", v0x1ba4760_0 {0 0 0};
    %vpi_call 4 5 "$display", "<scoreActual>%d</scoreActual>", v0x1ba4680_0 {0 0 0};
    %end;
    .scope S_0x1b78110;
T_1 ;
    %vpi_call 2 74 "$dumpfile", "divider.vcd" {0 0 0};
    %vpi_call 2 75 "$dumpvars" {0 0 0};
    %pushi/vec4 42, 0, 32;
    %store/vec4 v0x1ba5670_0, 0, 32;
    %vpi_func 2 81 "$random" 32, v0x1ba5670_0 {0 0 0};
    %store/vec4 v0x1ba5670_0, 0, 32;
    %pushi/vec4 0, 0, 16;
    %store/vec4 v0x1ba4eb0_0, 0, 16;
    %pushi/vec4 0, 0, 16;
    %store/vec4 v0x1ba4fc0_0, 0, 16;
    %pushi/vec4 0, 0, 16;
    %store/vec4 v0x1ba51d0_0, 0, 16;
    %pushi/vec4 0, 0, 16;
    %store/vec4 v0x1ba5110_0, 0, 16;
    %pushi/vec4 0, 0, 32;
    %store/vec4 v0x1ba4ae0_0, 0, 32;
    %pushi/vec4 0, 0, 32;
    %store/vec4 v0x1ba4940_0, 0, 32;
    %vpi_func 2 96 "$fopen" 32, "test_lc4_divider_one_iter.input", "r" {0 0 0};
    %store/vec4 v0x1ba5270_0, 0, 32;
    %load/vec4 v0x1ba5270_0;
    %cmpi/e 0, 0, 32;
    %jmp/0xz  T_1.0, 4;
    %vpi_call 2 98 "$display", "Error opening file: ", "test_lc4_divider_one_iter.input" {0 0 0};
    %vpi_call 2 99 "$finish" {0 0 0};
T_1.0 ;
    %delay 100000, 0;
    %delay 2000, 0;
T_1.2 ;
    %vpi_func 2 108 "$fscanf" 32, v0x1ba5270_0, "%d:%b %b %b %b %b %b %b", v0x1ba4840_0, v0x1ba4eb0_0, v0x1ba4fc0_0, v0x1ba51d0_0, v0x1ba5110_0, v0x1ba4bc0_0, v0x1ba4dd0_0, v0x1ba4cf0_0 {0 0 0};
    %cmpi/e 8, 0, 32;
    %jmp/0xz T_1.3, 4;
    %delay 8000, 0;
    %load/vec4 v0x1ba4940_0;
    %addi 1, 0, 32;
    %store/vec4 v0x1ba4940_0, 0, 32;
    %load/vec4 v0x1ba5330_0;
    %load/vec4 v0x1ba4bc0_0;
    %cmp/ne;
    %flag_mov 8, 6;
    %load/vec4 v0x1ba5490_0;
    %load/vec4 v0x1ba4dd0_0;
    %cmp/ne;
    %flag_or 6, 8;
    %flag_mov 8, 6;
    %load/vec4 v0x1ba53f0_0;
    %load/vec4 v0x1ba4cf0_0;
    %cmp/ne;
    %flag_or 6, 8;
    %jmp/0xz  T_1.4, 6;
    %load/vec4 v0x1ba4ae0_0;
    %addi 1, 0, 32;
    %store/vec4 v0x1ba4ae0_0, 0, 32;
    %load/vec4 v0x1ba4ae0_0;
    %cmpi/s 15, 0, 32;
    %jmp/0xz  T_1.6, 5;
    %vpi_call 2 119 "$display", "[lc4_divider_one_iter] Error at test %04d: i_dividend = %b %b %b %b (0x%H), i_divisor = %b %b %b %b (0x%H), i_remainder = %b %b %b %b (0x%H), i_quotient = %b %b %b %b (0x%H)", v0x1ba4940_0, &PV<v0x1ba4eb0_0, 12, 4>, &PV<v0x1ba4eb0_0, 8, 4>, &PV<v0x1ba4eb0_0, 4, 4>, &PV<v0x1ba4eb0_0, 0, 4>, v0x1ba4eb0_0, &PV<v0x1ba4fc0_0, 12, 4>, &PV<v0x1ba4fc0_0, 8, 4>, &PV<v0x1ba4fc0_0, 4, 4>, &PV<v0x1ba4fc0_0, 0, 4>, v0x1ba4fc0_0, &PV<v0x1ba51d0_0, 12, 4>, &PV<v0x1ba51d0_0, 8, 4>, &PV<v0x1ba51d0_0, 4, 4>, &PV<v0x1ba51d0_0, 0, 4>, v0x1ba51d0_0, &PV<v0x1ba5110_0, 12, 4>, &PV<v0x1ba5110_0, 8, 4>, &PV<v0x1ba5110_0, 4, 4>, &PV<v0x1ba5110_0, 0, 4>, v0x1ba5110_0 {0 0 0};
    %load/vec4 v0x1ba5330_0;
    %load/vec4 v0x1ba4bc0_0;
    %cmp/ne;
    %jmp/0xz  T_1.8, 6;
    %vpi_call 2 126 "$display", "   o_dividend should have been %b %b %b %b (0x%H), but was %b %b %b %b (0x%H) instead", &PV<v0x1ba4bc0_0, 12, 4>, &PV<v0x1ba4bc0_0, 8, 4>, &PV<v0x1ba4bc0_0, 4, 4>, &PV<v0x1ba4bc0_0, 0, 4>, v0x1ba4bc0_0, &PV<v0x1ba5330_0, 12, 4>, &PV<v0x1ba5330_0, 8, 4>, &PV<v0x1ba5330_0, 4, 4>, &PV<v0x1ba5330_0, 0, 4>, v0x1ba5330_0 {0 0 0};
T_1.8 ;
    %load/vec4 v0x1ba5490_0;
    %load/vec4 v0x1ba4dd0_0;
    %cmp/ne;
    %jmp/0xz  T_1.10, 6;
    %vpi_call 2 131 "$display", "   o_remainder should have been %b %b %b %b (0x%H), but was %b %b %b %b (0x%H) instead", &PV<v0x1ba4dd0_0, 12, 4>, &PV<v0x1ba4dd0_0, 8, 4>, &PV<v0x1ba4dd0_0, 4, 4>, &PV<v0x1ba4dd0_0, 0, 4>, v0x1ba4dd0_0, &PV<v0x1ba5490_0, 12, 4>, &PV<v0x1ba5490_0, 8, 4>, &PV<v0x1ba5490_0, 4, 4>, &PV<v0x1ba5490_0, 0, 4>, v0x1ba5490_0 {0 0 0};
T_1.10 ;
    %load/vec4 v0x1ba53f0_0;
    %load/vec4 v0x1ba4cf0_0;
    %cmp/ne;
    %jmp/0xz  T_1.12, 6;
    %vpi_call 2 136 "$display", "   o_quotient should have been %b %b %b %b (0x%H), but was %b %b %b %b (0x%H) instead", &PV<v0x1ba4cf0_0, 12, 4>, &PV<v0x1ba4cf0_0, 8, 4>, &PV<v0x1ba4cf0_0, 4, 4>, &PV<v0x1ba4cf0_0, 0, 4>, v0x1ba4cf0_0, &PV<v0x1ba53f0_0, 12, 4>, &PV<v0x1ba53f0_0, 8, 4>, &PV<v0x1ba53f0_0, 4, 4>, &PV<v0x1ba53f0_0, 0, 4>, v0x1ba53f0_0 {0 0 0};
T_1.12 ;
T_1.6 ;
T_1.4 ;
    %delay 2000, 0;
    %jmp T_1.2;
T_1.3 ;
    %load/vec4 v0x1ba5270_0;
    %cmpi/ne 0, 0, 32;
    %jmp/0xz  T_1.14, 4;
    %vpi_call 2 153 "$fclose", v0x1ba5270_0 {0 0 0};
T_1.14 ;
    %vpi_func 2 158 "$random" 32 {0 0 0};
    %pad/s 16;
    %store/vec4 v0x1ba4eb0_0, 0, 16;
    %pushi/vec4 0, 0, 16;
    %store/vec4 v0x1ba4fc0_0, 0, 16;
    %delay 8000, 0;
    %load/vec4 v0x1ba5530_0;
    %pad/u 32;
    %cmpi/ne 0, 0, 32;
    %flag_mov 8, 6;
    %load/vec4 v0x1ba55d0_0;
    %pad/u 32;
    %cmpi/ne 0, 0, 32;
    %flag_or 6, 8;
    %jmp/0xz  T_1.16, 6;
    %load/vec4 v0x1ba4ae0_0;
    %cmpi/s 15, 0, 32;
    %jmp/0xz  T_1.18, 5;
    %vpi_call 2 163 "$display", "[lc4_divider] Error at test %d: i_dividend = 0x%H, i_divisor = 0x%H, o_quotient and o_remainder should both be 0, but o_quotient was %b %b %b %b (0x%H) and o_remainder was %b %b %b %b (0x%H) instead", v0x1ba4a20_0, v0x1ba4eb0_0, v0x1ba4fc0_0, &PV<v0x1ba5530_0, 12, 4>, &PV<v0x1ba5530_0, 8, 4>, &PV<v0x1ba5530_0, 4, 4>, &PV<v0x1ba5530_0, 0, 4>, v0x1ba5530_0, &PV<v0x1ba55d0_0, 12, 4>, &PV<v0x1ba55d0_0, 8, 4>, &PV<v0x1ba55d0_0, 4, 4>, &PV<v0x1ba55d0_0, 0, 4>, v0x1ba55d0_0 {0 0 0};
T_1.18 ;
    %load/vec4 v0x1ba4ae0_0;
    %addi 1, 0, 32;
    %store/vec4 v0x1ba4ae0_0, 0, 32;
T_1.16 ;
    %load/vec4 v0x1ba4a20_0;
    %addi 1, 0, 32;
    %store/vec4 v0x1ba4a20_0, 0, 32;
    %load/vec4 v0x1ba4940_0;
    %addi 1, 0, 32;
    %store/vec4 v0x1ba4940_0, 0, 32;
    %pushi/vec4 0, 0, 32;
    %store/vec4 v0x1ba4a20_0, 0, 32;
T_1.20 ;
    %load/vec4 v0x1ba4a20_0;
    %cmpi/s 4000, 0, 32;
    %jmp/0xz T_1.21, 5;
    %vpi_func 2 184 "$random" 32 {0 0 0};
    %pad/s 16;
    %store/vec4 v0x1ba4eb0_0, 0, 16;
    %vpi_func 2 185 "$random" 32 {0 0 0};
    %pad/s 16;
    %store/vec4 v0x1ba4fc0_0, 0, 16;
    %delay 8000, 0;
    %pushi/vec4 0, 0, 16;
    %store/vec4 v0x1ba4cf0_0, 0, 16;
    %pushi/vec4 0, 0, 16;
    %store/vec4 v0x1ba4dd0_0, 0, 16;
    %load/vec4 v0x1ba4fc0_0;
    %cmpi/ne 0, 0, 16;
    %jmp/0xz  T_1.22, 6;
    %load/vec4 v0x1ba4eb0_0;
    %load/vec4 v0x1ba4fc0_0;
    %div;
    %store/vec4 v0x1ba4cf0_0, 0, 16;
    %load/vec4 v0x1ba4eb0_0;
    %load/vec4 v0x1ba4fc0_0;
    %mod;
    %store/vec4 v0x1ba4dd0_0, 0, 16;
T_1.22 ;
    %load/vec4 v0x1ba4cf0_0;
    %load/vec4 v0x1ba5530_0;
    %cmp/ne;
    %jmp/0xz  T_1.24, 6;
    %load/vec4 v0x1ba4ae0_0;
    %cmpi/s 15, 0, 32;
    %jmp/0xz  T_1.26, 5;
    %vpi_call 2 205 "$display", "[lc4_divider] Error at test %d: i_dividend = %b %b %b %b (0x%H), i_divisor = %b %b %b %b (0x%H), o_quotient should have been %b %b %b %b (0x%H), but was %b %b %b %b (0x%H) instead", v0x1ba4a20_0, &PV<v0x1ba4eb0_0, 12, 4>, &PV<v0x1ba4eb0_0, 8, 4>, &PV<v0x1ba4eb0_0, 4, 4>, &PV<v0x1ba4eb0_0, 0, 4>, v0x1ba4eb0_0, &PV<v0x1ba4fc0_0, 12, 4>, &PV<v0x1ba4fc0_0, 8, 4>, &PV<v0x1ba4fc0_0, 4, 4>, &PV<v0x1ba4fc0_0, 0, 4>, v0x1ba4fc0_0, &PV<v0x1ba4cf0_0, 12, 4>, &PV<v0x1ba4cf0_0, 8, 4>, &PV<v0x1ba4cf0_0, 4, 4>, &PV<v0x1ba4cf0_0, 0, 4>, v0x1ba4cf0_0, &PV<v0x1ba5530_0, 12, 4>, &PV<v0x1ba5530_0, 8, 4>, &PV<v0x1ba5530_0, 4, 4>, &PV<v0x1ba5530_0, 0, 4>, v0x1ba5530_0 {0 0 0};
T_1.26 ;
    %load/vec4 v0x1ba4ae0_0;
    %addi 1, 0, 32;
    %store/vec4 v0x1ba4ae0_0, 0, 32;
T_1.24 ;
    %load/vec4 v0x1ba4a20_0;
    %addi 1, 0, 32;
    %store/vec4 v0x1ba4a20_0, 0, 32;
    %load/vec4 v0x1ba4940_0;
    %addi 1, 0, 32;
    %store/vec4 v0x1ba4940_0, 0, 32;
    %load/vec4 v0x1ba4dd0_0;
    %load/vec4 v0x1ba55d0_0;
    %cmp/ne;
    %jmp/0xz  T_1.28, 6;
    %load/vec4 v0x1ba4ae0_0;
    %cmpi/s 15, 0, 32;
    %jmp/0xz  T_1.30, 5;
    %vpi_call 2 224 "$display", "[lc4_divider] Error at test %d: i_dividend = %b %b %b %b (0x%H), i_divisor = %b %b %b %b (0x%H), o_remainder should have been %b %b %b %b (0x%H), but was %b %b %b %b (0x%H) instead", v0x1ba4a20_0, &PV<v0x1ba4eb0_0, 12, 4>, &PV<v0x1ba4eb0_0, 8, 4>, &PV<v0x1ba4eb0_0, 4, 4>, &PV<v0x1ba4eb0_0, 0, 4>, v0x1ba4eb0_0, &PV<v0x1ba4fc0_0, 12, 4>, &PV<v0x1ba4fc0_0, 8, 4>, &PV<v0x1ba4fc0_0, 4, 4>, &PV<v0x1ba4fc0_0, 0, 4>, v0x1ba4fc0_0, &PV<v0x1ba4dd0_0, 12, 4>, &PV<v0x1ba4dd0_0, 8, 4>, &PV<v0x1ba4dd0_0, 4, 4>, &PV<v0x1ba4dd0_0, 0, 4>, v0x1ba4dd0_0, &PV<v0x1ba55d0_0, 12, 4>, &PV<v0x1ba55d0_0, 8, 4>, &PV<v0x1ba55d0_0, 4, 4>, &PV<v0x1ba55d0_0, 0, 4>, v0x1ba55d0_0 {0 0 0};
T_1.30 ;
    %load/vec4 v0x1ba4ae0_0;
    %addi 1, 0, 32;
    %store/vec4 v0x1ba4ae0_0, 0, 32;
T_1.28 ;
    %load/vec4 v0x1ba4a20_0;
    %addi 1, 0, 32;
    %store/vec4 v0x1ba4a20_0, 0, 32;
    %load/vec4 v0x1ba4940_0;
    %addi 1, 0, 32;
    %store/vec4 v0x1ba4940_0, 0, 32;
    %delay 2000, 0;
    %load/vec4 v0x1ba4840_0;
    %addi 1, 0, 32;
    %store/vec4 v0x1ba4840_0, 0, 32;
    %jmp T_1.20;
T_1.21 ;
    %load/vec4 v0x1ba4ae0_0;
    %cmpi/s 15, 0, 32;
    %flag_or 5, 4; GT is !LE
    %flag_inv 5;
    %jmp/0xz  T_1.32, 5;
    %load/vec4 v0x1ba4ae0_0;
    %subi 15, 0, 32;
    %vpi_call 2 244 "$display", "Additional %d errors NOT printed.", S<0,vec4,s32> {1 0 0};
T_1.32 ;
    %vpi_call 2 246 "$display", "Simulation finished: %d test cases %d errors", v0x1ba4940_0, v0x1ba4ae0_0 {0 0 0};
    %load/vec4 v0x1ba4940_0;
    %store/vec4 v0x1ba4760_0, 0, 32;
    %load/vec4 v0x1ba4940_0;
    %load/vec4 v0x1ba4ae0_0;
    %sub;
    %store/vec4 v0x1ba4680_0, 0, 32;
    %fork TD_test_divider.printPoints, S_0x1ba44f0;
    %join;
    %vpi_call 2 248 "$finish" {0 0 0};
    %end;
    .thread T_1;
# The file index is used to find the file name in the following table.
:file_names 5;
    "N/A";
    "<interactive>";
    "testbench_lc4_divider.v";
    "lc4_divider.v";
    "./print_points.v";
