#! /home1/c/cis5710/tools/bin/vvp
:ivl_version "11.0 (stable)" "(v11_0)";
:ivl_delay_selection "TYPICAL";
:vpi_time_precision - 12;
:vpi_module "/home1/c/cis5710/tools/lib/ivl/system.vpi";
:vpi_module "/home1/c/cis5710/tools/lib/ivl/vhdl_sys.vpi";
:vpi_module "/home1/c/cis5710/tools/lib/ivl/vhdl_textio.vpi";
:vpi_module "/home1/c/cis5710/tools/lib/ivl/v2005_math.vpi";
:vpi_module "/home1/c/cis5710/tools/lib/ivl/va_math.vpi";
S_0x252a7e0 .scope module, "test_adders" "test_adders" 2 14;
 .timescale -9 -12;
L_0x7f3965e27060 .functor BUFT 1, C4<0>, C4<0>, C4<0>, C4<0>;
v0x2560030_0 .net *"_ivl_10", 0 0, L_0x7f3965e27060;  1 drivers
v0x2560110_0 .net *"_ivl_11", 1 0, L_0x2562c70;  1 drivers
v0x25601f0_0 .net *"_ivl_13", 1 0, L_0x2562e20;  1 drivers
L_0x7f3965e270a8 .functor BUFT 1, C4<0>, C4<0>, C4<0>, C4<0>;
v0x25602e0_0 .net *"_ivl_16", 0 0, L_0x7f3965e270a8;  1 drivers
v0x25603c0_0 .net *"_ivl_17", 1 0, L_0x2562f50;  1 drivers
v0x25604f0_0 .net *"_ivl_22", 2 0, L_0x2563ee0;  1 drivers
L_0x7f3965e270f0 .functor BUFT 1, C4<0>, C4<0>, C4<0>, C4<0>;
v0x25605d0_0 .net *"_ivl_25", 0 0, L_0x7f3965e270f0;  1 drivers
v0x25606b0_0 .net *"_ivl_26", 2 0, L_0x2564070;  1 drivers
L_0x7f3965e27138 .functor BUFT 1, C4<0>, C4<0>, C4<0>, C4<0>;
v0x2560790_0 .net *"_ivl_29", 0 0, L_0x7f3965e27138;  1 drivers
v0x2560900_0 .net *"_ivl_3", 1 0, L_0x2562a60;  1 drivers
v0x25609e0_0 .net *"_ivl_30", 2 0, L_0x25641a0;  1 drivers
v0x2560ac0_0 .net *"_ivl_32", 2 0, L_0x25643c0;  1 drivers
L_0x7f3965e27180 .functor BUFT 1, C4<00>, C4<0>, C4<0>, C4<0>;
v0x2560ba0_0 .net *"_ivl_35", 1 0, L_0x7f3965e27180;  1 drivers
v0x2560c80_0 .net *"_ivl_36", 2 0, L_0x25644b0;  1 drivers
v0x2560d60_0 .net *"_ivl_42", 3 0, L_0x2566a20;  1 drivers
L_0x7f3965e27018 .functor BUFT 1, C4<0>, C4<0>, C4<0>, C4<0>;
v0x2560e40_0 .net *"_ivl_6", 0 0, L_0x7f3965e27018;  1 drivers
v0x2560f20_0 .net *"_ivl_7", 1 0, L_0x2562b50;  1 drivers
v0x2561000_0 .var "a", 0 0;
v0x25610a0_0 .var "a2", 1 0;
v0x2561160_0 .var "a4", 3 0;
v0x2561220_0 .net "actual_fa2_cout", 0 0, L_0x25639a0;  1 drivers
v0x25612c0_0 .net "actual_fa2_sum", 1 0, L_0x2563cb0;  1 drivers
v0x2561380_0 .net "actual_fa_cout", 0 0, L_0x25627d0;  1 drivers
v0x2561450_0 .net "actual_fa_sum", 0 0, L_0x2562600;  1 drivers
v0x2561540_0 .net "actual_ha_cout", 0 0, L_0x2562430;  1 drivers
v0x25615e0_0 .net "actual_ha_sum", 0 0, L_0x25622a0;  1 drivers
v0x25616b0_0 .net "actual_rca4_sum", 7 0, L_0x25666c0;  1 drivers
v0x2561780_0 .var "b", 0 0;
v0x2561820_0 .var "b2", 1 0;
v0x25618f0_0 .var "b4", 3 0;
v0x2561990_0 .var "cin", 0 0;
v0x2561a30_0 .var/i "errors", 31 0;
v0x2561ad0_0 .net "exp_fa2_cout", 0 0, L_0x2563d50;  1 drivers
v0x2561da0_0 .net "exp_fa2_sum", 1 0, L_0x2563e40;  1 drivers
v0x2561e80_0 .net "exp_fa_cout", 0 0, L_0x25628d0;  1 drivers
v0x2561f40_0 .net "exp_fa_sum", 0 0, L_0x2562970;  1 drivers
v0x2562000_0 .net "exp_rca4_sum", 3 0, L_0x25668f0;  1 drivers
v0x25620e0_0 .var/i "i", 31 0;
v0x25621c0_0 .var/i "tests", 31 0;
L_0x25628d0 .part L_0x2562f50, 1, 1;
L_0x2562970 .part L_0x2562f50, 0, 1;
L_0x2562a60 .concat [ 1 1 0 0], v0x2561000_0, L_0x7f3965e27018;
L_0x2562b50 .concat [ 1 1 0 0], v0x2561780_0, L_0x7f3965e27060;
L_0x2562c70 .arith/sum 2, L_0x2562a60, L_0x2562b50;
L_0x2562e20 .concat [ 1 1 0 0], v0x2561990_0, L_0x7f3965e270a8;
L_0x2562f50 .arith/sum 2, L_0x2562c70, L_0x2562e20;
L_0x2563d50 .part L_0x25644b0, 2, 1;
L_0x2563e40 .part L_0x25644b0, 0, 2;
L_0x2563ee0 .concat [ 2 1 0 0], v0x25610a0_0, L_0x7f3965e270f0;
L_0x2564070 .concat [ 2 1 0 0], v0x2561820_0, L_0x7f3965e27138;
L_0x25641a0 .arith/sum 3, L_0x2563ee0, L_0x2564070;
L_0x25643c0 .concat [ 1 2 0 0], v0x2561990_0, L_0x7f3965e27180;
L_0x25644b0 .arith/sum 3, L_0x25641a0, L_0x25643c0;
L_0x2566850 .concat [ 4 4 0 0], v0x2561160_0, v0x25618f0_0;
L_0x25668f0 .part L_0x2566a20, 0, 4;
L_0x2566a20 .arith/sum 4, v0x2561160_0, v0x25618f0_0;
S_0x2525590 .scope module, "fa" "fulladder" 2 31, 3 20 0, S_0x252a7e0;
 .timescale -9 -12;
    .port_info 0 /INPUT 1 "cin";
    .port_info 1 /INPUT 1 "a";
    .port_info 2 /INPUT 1 "b";
    .port_info 3 /OUTPUT 1 "s";
    .port_info 4 /OUTPUT 1 "cout";
L_0x25627d0 .functor OR 1, L_0x2562570, L_0x2562740, C4<0>, C4<0>;
v0x2555290_0 .net "a", 0 0, v0x2561000_0;  1 drivers
v0x2555350_0 .net "b", 0 0, v0x2561780_0;  1 drivers
v0x2555420_0 .net "cin", 0 0, v0x2561990_0;  1 drivers
v0x2555520_0 .net "cout", 0 0, L_0x25627d0;  alias, 1 drivers
v0x25555c0_0 .net "cout_tmp1", 0 0, L_0x2562570;  1 drivers
v0x25556b0_0 .net "cout_tmp2", 0 0, L_0x2562740;  1 drivers
v0x2555780_0 .net "s", 0 0, L_0x2562600;  alias, 1 drivers
v0x2555850_0 .net "s_tmp", 0 0, L_0x25624c0;  1 drivers
S_0x252b1c0 .scope module, "h0" "halfadder" 3 27, 3 10 0, S_0x2525590;
 .timescale -9 -12;
    .port_info 0 /INPUT 1 "a";
    .port_info 1 /INPUT 1 "b";
    .port_info 2 /OUTPUT 1 "s";
    .port_info 3 /OUTPUT 1 "cout";
L_0x25624c0 .functor XOR 1, v0x2561000_0, v0x2561780_0, C4<0>, C4<0>;
L_0x2562570 .functor AND 1, v0x2561000_0, v0x2561780_0, C4<1>, C4<1>;
v0x25265b0_0 .net "a", 0 0, v0x2561000_0;  alias, 1 drivers
v0x2554a70_0 .net "b", 0 0, v0x2561780_0;  alias, 1 drivers
v0x2554b30_0 .net "cout", 0 0, L_0x2562570;  alias, 1 drivers
v0x2554bd0_0 .net "s", 0 0, L_0x25624c0;  alias, 1 drivers
S_0x2554d10 .scope module, "h1" "halfadder" 3 28, 3 10 0, S_0x2525590;
 .timescale -9 -12;
    .port_info 0 /INPUT 1 "a";
    .port_info 1 /INPUT 1 "b";
    .port_info 2 /OUTPUT 1 "s";
    .port_info 3 /OUTPUT 1 "cout";
L_0x2562600 .functor XOR 1, L_0x25624c0, v0x2561990_0, C4<0>, C4<0>;
L_0x2562740 .functor AND 1, L_0x25624c0, v0x2561990_0, C4<1>, C4<1>;
v0x2554f10_0 .net "a", 0 0, L_0x25624c0;  alias, 1 drivers
v0x2554fb0_0 .net "b", 0 0, v0x2561990_0;  alias, 1 drivers
v0x2555050_0 .net "cout", 0 0, L_0x2562740;  alias, 1 drivers
v0x2555120_0 .net "s", 0 0, L_0x2562600;  alias, 1 drivers
S_0x2555940 .scope module, "fa2" "fulladder2" 2 39, 3 33 0, S_0x252a7e0;
 .timescale -9 -12;
    .port_info 0 /INPUT 1 "cin";
    .port_info 1 /INPUT 2 "a";
    .port_info 2 /INPUT 2 "b";
    .port_info 3 /OUTPUT 2 "s";
    .port_info 4 /OUTPUT 1 "cout";
v0x25584a0_0 .net "a", 1 0, v0x25610a0_0;  1 drivers
v0x25585a0_0 .net "b", 1 0, v0x2561820_0;  1 drivers
v0x2558680_0 .net "cin", 0 0, v0x2561990_0;  alias, 1 drivers
v0x2558720_0 .net "cout", 0 0, L_0x25639a0;  alias, 1 drivers
v0x25587f0_0 .net "cout_tmp", 0 0, L_0x2563320;  1 drivers
v0x2558890_0 .net "s", 1 0, L_0x2563cb0;  alias, 1 drivers
L_0x25633b0 .part v0x25610a0_0, 0, 1;
L_0x2563470 .part v0x2561820_0, 0, 1;
L_0x2563a50 .part v0x25610a0_0, 1, 1;
L_0x2563b80 .part v0x2561820_0, 1, 1;
L_0x2563cb0 .concat8 [ 1 1 0 0], L_0x25631f0, L_0x2563780;
S_0x2555b20 .scope module, "a0" "fulladder" 3 40, 3 20 0, S_0x2555940;
 .timescale -9 -12;
    .port_info 0 /INPUT 1 "cin";
    .port_info 1 /INPUT 1 "a";
    .port_info 2 /INPUT 1 "b";
    .port_info 3 /OUTPUT 1 "s";
    .port_info 4 /OUTPUT 1 "cout";
L_0x2563320 .functor OR 1, L_0x2563130, L_0x25632b0, C4<0>, C4<0>;
v0x2556970_0 .net "a", 0 0, L_0x25633b0;  1 drivers
v0x2556a30_0 .net "b", 0 0, L_0x2563470;  1 drivers
v0x2556b00_0 .net "cin", 0 0, v0x2561990_0;  alias, 1 drivers
v0x2556bd0_0 .net "cout", 0 0, L_0x2563320;  alias, 1 drivers
v0x2556c70_0 .net "cout_tmp1", 0 0, L_0x2563130;  1 drivers
v0x2556d60_0 .net "cout_tmp2", 0 0, L_0x25632b0;  1 drivers
v0x2556e30_0 .net "s", 0 0, L_0x25631f0;  1 drivers
v0x2556f00_0 .net "s_tmp", 0 0, L_0x2562d10;  1 drivers
S_0x2555db0 .scope module, "h0" "halfadder" 3 27, 3 10 0, S_0x2555b20;
 .timescale -9 -12;
    .port_info 0 /INPUT 1 "a";
    .port_info 1 /INPUT 1 "b";
    .port_info 2 /OUTPUT 1 "s";
    .port_info 3 /OUTPUT 1 "cout";
L_0x2562d10 .functor XOR 1, L_0x25633b0, L_0x2563470, C4<0>, C4<0>;
L_0x2563130 .functor AND 1, L_0x25633b0, L_0x2563470, C4<1>, C4<1>;
v0x2555fe0_0 .net "a", 0 0, L_0x25633b0;  alias, 1 drivers
v0x25560c0_0 .net "b", 0 0, L_0x2563470;  alias, 1 drivers
v0x2556180_0 .net "cout", 0 0, L_0x2563130;  alias, 1 drivers
v0x2556250_0 .net "s", 0 0, L_0x2562d10;  alias, 1 drivers
S_0x25563c0 .scope module, "h1" "halfadder" 3 28, 3 10 0, S_0x2555b20;
 .timescale -9 -12;
    .port_info 0 /INPUT 1 "a";
    .port_info 1 /INPUT 1 "b";
    .port_info 2 /OUTPUT 1 "s";
    .port_info 3 /OUTPUT 1 "cout";
L_0x25631f0 .functor XOR 1, L_0x2562d10, v0x2561990_0, C4<0>, C4<0>;
L_0x25632b0 .functor AND 1, L_0x2562d10, v0x2561990_0, C4<1>, C4<1>;
v0x25565c0_0 .net "a", 0 0, L_0x2562d10;  alias, 1 drivers
v0x2556690_0 .net "b", 0 0, v0x2561990_0;  alias, 1 drivers
v0x2556780_0 .net "cout", 0 0, L_0x25632b0;  alias, 1 drivers
v0x2556820_0 .net "s", 0 0, L_0x25631f0;  alias, 1 drivers
S_0x2556ff0 .scope module, "a1" "fulladder" 3 41, 3 20 0, S_0x2555940;
 .timescale -9 -12;
    .port_info 0 /INPUT 1 "cin";
    .port_info 1 /INPUT 1 "a";
    .port_info 2 /INPUT 1 "b";
    .port_info 3 /OUTPUT 1 "s";
    .port_info 4 /OUTPUT 1 "cout";
L_0x25639a0 .functor OR 1, L_0x25636a0, L_0x2563910, C4<0>, C4<0>;
v0x2557e00_0 .net "a", 0 0, L_0x2563a50;  1 drivers
v0x2557ec0_0 .net "b", 0 0, L_0x2563b80;  1 drivers
v0x2557f90_0 .net "cin", 0 0, L_0x2563320;  alias, 1 drivers
v0x25580b0_0 .net "cout", 0 0, L_0x25639a0;  alias, 1 drivers
v0x2558150_0 .net "cout_tmp1", 0 0, L_0x25636a0;  1 drivers
v0x2558240_0 .net "cout_tmp2", 0 0, L_0x2563910;  1 drivers
v0x25582e0_0 .net "s", 0 0, L_0x2563780;  1 drivers
v0x25583b0_0 .net "s_tmp", 0 0, L_0x25635a0;  1 drivers
S_0x2557270 .scope module, "h0" "halfadder" 3 27, 3 10 0, S_0x2556ff0;
 .timescale -9 -12;
    .port_info 0 /INPUT 1 "a";
    .port_info 1 /INPUT 1 "b";
    .port_info 2 /OUTPUT 1 "s";
    .port_info 3 /OUTPUT 1 "cout";
L_0x25635a0 .functor XOR 1, L_0x2563a50, L_0x2563b80, C4<0>, C4<0>;
L_0x25636a0 .functor AND 1, L_0x2563a50, L_0x2563b80, C4<1>, C4<1>;
v0x2557480_0 .net "a", 0 0, L_0x2563a50;  alias, 1 drivers
v0x2557560_0 .net "b", 0 0, L_0x2563b80;  alias, 1 drivers
v0x2557620_0 .net "cout", 0 0, L_0x25636a0;  alias, 1 drivers
v0x25576f0_0 .net "s", 0 0, L_0x25635a0;  alias, 1 drivers
S_0x2557860 .scope module, "h1" "halfadder" 3 28, 3 10 0, S_0x2556ff0;
 .timescale -9 -12;
    .port_info 0 /INPUT 1 "a";
    .port_info 1 /INPUT 1 "b";
    .port_info 2 /OUTPUT 1 "s";
    .port_info 3 /OUTPUT 1 "cout";
L_0x2563780 .functor XOR 1, L_0x25635a0, L_0x2563320, C4<0>, C4<0>;
L_0x2563910 .functor AND 1, L_0x25635a0, L_0x2563320, C4<1>, C4<1>;
v0x2557a60_0 .net "a", 0 0, L_0x25635a0;  alias, 1 drivers
v0x2557b30_0 .net "b", 0 0, L_0x2563320;  alias, 1 drivers
v0x2557c00_0 .net "cout", 0 0, L_0x2563910;  alias, 1 drivers
v0x2557cd0_0 .net "s", 0 0, L_0x2563780;  alias, 1 drivers
S_0x25589d0 .scope module, "ha" "halfadder" 2 26, 3 10 0, S_0x252a7e0;
 .timescale -9 -12;
    .port_info 0 /INPUT 1 "a";
    .port_info 1 /INPUT 1 "b";
    .port_info 2 /OUTPUT 1 "s";
    .port_info 3 /OUTPUT 1 "cout";
L_0x25622a0 .functor XOR 1, v0x2561000_0, v0x2561780_0, C4<0>, C4<0>;
L_0x2562430 .functor AND 1, v0x2561000_0, v0x2561780_0, C4<1>, C4<1>;
v0x2558be0_0 .net "a", 0 0, v0x2561000_0;  alias, 1 drivers
v0x2558cd0_0 .net "b", 0 0, v0x2561780_0;  alias, 1 drivers
v0x2558de0_0 .net "cout", 0 0, L_0x2562430;  alias, 1 drivers
v0x2558e80_0 .net "s", 0 0, L_0x25622a0;  alias, 1 drivers
S_0x2558fa0 .scope task, "printPoints" "printPoints" 4 1, 4 1 0, S_0x252a7e0;
 .timescale -9 -12;
v0x2559180_0 .var "actual", 31 0;
v0x2559280_0 .var "possible", 31 0;
TD_test_adders.printPoints ;
    %vpi_call 4 4 "$display", "<scorePossible>%d</scorePossible>", v0x2559280_0 {0 0 0};
    %vpi_call 4 5 "$display", "<scoreActual>%d</scoreActual>", v0x2559180_0 {0 0 0};
    %end;
S_0x2559360 .scope module, "r0" "rca4" 2 45, 3 47 0, S_0x252a7e0;
 .timescale -9 -12;
    .port_info 0 /INPUT 8 "SWITCH";
    .port_info 1 /OUTPUT 8 "LED";
v0x255fc90_0 .net "LED", 7 0, L_0x25666c0;  alias, 1 drivers
v0x255fd90_0 .net "SWITCH", 7 0, L_0x2566850;  1 drivers
L_0x7f3965e27210 .functor BUFT 1, C4<0000>, C4<0>, C4<0>, C4<0>;
v0x255fe70_0 .net/2u *"_ivl_17", 3 0, L_0x7f3965e27210;  1 drivers
v0x255ff30_0 .net "cout0", 0 0, L_0x2565020;  1 drivers
L_0x25653d0 .part L_0x2566850, 0, 2;
L_0x2565470 .part L_0x2566850, 4, 2;
L_0x25664f0 .part L_0x2566850, 2, 2;
L_0x2566590 .part L_0x2566850, 6, 2;
L_0x25666c0 .concat8 [ 2 2 4 0], L_0x2565330, L_0x2566450, L_0x7f3965e27210;
S_0x25595b0 .scope module, "a0" "fulladder2" 3 50, 3 33 0, S_0x2559360;
 .timescale -9 -12;
    .port_info 0 /INPUT 1 "cin";
    .port_info 1 /INPUT 2 "a";
    .port_info 2 /INPUT 2 "b";
    .port_info 3 /OUTPUT 2 "s";
    .port_info 4 /OUTPUT 1 "cout";
v0x255c370_0 .net "a", 1 0, L_0x25653d0;  1 drivers
v0x255c470_0 .net "b", 1 0, L_0x2565470;  1 drivers
L_0x7f3965e271c8 .functor BUFT 1, C4<0>, C4<0>, C4<0>, C4<0>;
v0x255c550_0 .net "cin", 0 0, L_0x7f3965e271c8;  1 drivers
v0x255c640_0 .net "cout", 0 0, L_0x2565020;  alias, 1 drivers
v0x255c6e0_0 .net "cout_tmp", 0 0, L_0x25649b0;  1 drivers
v0x255c7d0_0 .net "s", 1 0, L_0x2565330;  1 drivers
L_0x2564ad0 .part L_0x25653d0, 0, 1;
L_0x2564c00 .part L_0x2565470, 0, 1;
L_0x25650d0 .part L_0x25653d0, 1, 1;
L_0x2565200 .part L_0x2565470, 1, 1;
L_0x2565330 .concat8 [ 1 1 0 0], L_0x2564760, L_0x2564e50;
S_0x2559830 .scope module, "a0" "fulladder" 3 40, 3 20 0, S_0x25595b0;
 .timescale -9 -12;
    .port_info 0 /INPUT 1 "cin";
    .port_info 1 /INPUT 1 "a";
    .port_info 2 /INPUT 1 "b";
    .port_info 3 /OUTPUT 1 "s";
    .port_info 4 /OUTPUT 1 "cout";
L_0x25649b0 .functor OR 1, L_0x2564240, L_0x25648b0, C4<0>, C4<0>;
v0x255a750_0 .net "a", 0 0, L_0x2564ad0;  1 drivers
v0x255a810_0 .net "b", 0 0, L_0x2564c00;  1 drivers
v0x255a8e0_0 .net "cin", 0 0, L_0x7f3965e271c8;  alias, 1 drivers
v0x255a9e0_0 .net "cout", 0 0, L_0x25649b0;  alias, 1 drivers
v0x255aa80_0 .net "cout_tmp1", 0 0, L_0x2564240;  1 drivers
v0x255ab70_0 .net "cout_tmp2", 0 0, L_0x25648b0;  1 drivers
v0x255ac40_0 .net "s", 0 0, L_0x2564760;  1 drivers
v0x255ad10_0 .net "s_tmp", 0 0, L_0x2564350;  1 drivers
S_0x2559ab0 .scope module, "h0" "halfadder" 3 27, 3 10 0, S_0x2559830;
 .timescale -9 -12;
    .port_info 0 /INPUT 1 "a";
    .port_info 1 /INPUT 1 "b";
    .port_info 2 /OUTPUT 1 "s";
    .port_info 3 /OUTPUT 1 "cout";
L_0x2564350 .functor XOR 1, L_0x2564ad0, L_0x2564c00, C4<0>, C4<0>;
L_0x2564240 .functor AND 1, L_0x2564ad0, L_0x2564c00, C4<1>, C4<1>;
v0x2559d50_0 .net "a", 0 0, L_0x2564ad0;  alias, 1 drivers
v0x2559e30_0 .net "b", 0 0, L_0x2564c00;  alias, 1 drivers
v0x2559ef0_0 .net "cout", 0 0, L_0x2564240;  alias, 1 drivers
v0x2559fc0_0 .net "s", 0 0, L_0x2564350;  alias, 1 drivers
S_0x255a130 .scope module, "h1" "halfadder" 3 28, 3 10 0, S_0x2559830;
 .timescale -9 -12;
    .port_info 0 /INPUT 1 "a";
    .port_info 1 /INPUT 1 "b";
    .port_info 2 /OUTPUT 1 "s";
    .port_info 3 /OUTPUT 1 "cout";
L_0x2564760 .functor XOR 1, L_0x2564350, L_0x7f3965e271c8, C4<0>, C4<0>;
L_0x25648b0 .functor AND 1, L_0x2564350, L_0x7f3965e271c8, C4<1>, C4<1>;
v0x255a3a0_0 .net "a", 0 0, L_0x2564350;  alias, 1 drivers
v0x255a470_0 .net "b", 0 0, L_0x7f3965e271c8;  alias, 1 drivers
v0x255a510_0 .net "cout", 0 0, L_0x25648b0;  alias, 1 drivers
v0x255a5e0_0 .net "s", 0 0, L_0x2564760;  alias, 1 drivers
S_0x255ae00 .scope module, "a1" "fulladder" 3 41, 3 20 0, S_0x25595b0;
 .timescale -9 -12;
    .port_info 0 /INPUT 1 "cin";
    .port_info 1 /INPUT 1 "a";
    .port_info 2 /INPUT 1 "b";
    .port_info 3 /OUTPUT 1 "s";
    .port_info 4 /OUTPUT 1 "cout";
L_0x2565020 .functor OR 1, L_0x2564dc0, L_0x2564f90, C4<0>, C4<0>;
v0x255bcd0_0 .net "a", 0 0, L_0x25650d0;  1 drivers
v0x255bd90_0 .net "b", 0 0, L_0x2565200;  1 drivers
v0x255be60_0 .net "cin", 0 0, L_0x25649b0;  alias, 1 drivers
v0x255bf80_0 .net "cout", 0 0, L_0x2565020;  alias, 1 drivers
v0x255c020_0 .net "cout_tmp1", 0 0, L_0x2564dc0;  1 drivers
v0x255c110_0 .net "cout_tmp2", 0 0, L_0x2564f90;  1 drivers
v0x255c1b0_0 .net "s", 0 0, L_0x2564e50;  1 drivers
v0x255c280_0 .net "s_tmp", 0 0, L_0x2564d30;  1 drivers
S_0x255b060 .scope module, "h0" "halfadder" 3 27, 3 10 0, S_0x255ae00;
 .timescale -9 -12;
    .port_info 0 /INPUT 1 "a";
    .port_info 1 /INPUT 1 "b";
    .port_info 2 /OUTPUT 1 "s";
    .port_info 3 /OUTPUT 1 "cout";
L_0x2564d30 .functor XOR 1, L_0x25650d0, L_0x2565200, C4<0>, C4<0>;
L_0x2564dc0 .functor AND 1, L_0x25650d0, L_0x2565200, C4<1>, C4<1>;
v0x255b2e0_0 .net "a", 0 0, L_0x25650d0;  alias, 1 drivers
v0x255b3c0_0 .net "b", 0 0, L_0x2565200;  alias, 1 drivers
v0x255b480_0 .net "cout", 0 0, L_0x2564dc0;  alias, 1 drivers
v0x255b550_0 .net "s", 0 0, L_0x2564d30;  alias, 1 drivers
S_0x255b6c0 .scope module, "h1" "halfadder" 3 28, 3 10 0, S_0x255ae00;
 .timescale -9 -12;
    .port_info 0 /INPUT 1 "a";
    .port_info 1 /INPUT 1 "b";
    .port_info 2 /OUTPUT 1 "s";
    .port_info 3 /OUTPUT 1 "cout";
L_0x2564e50 .functor XOR 1, L_0x2564d30, L_0x25649b0, C4<0>, C4<0>;
L_0x2564f90 .functor AND 1, L_0x2564d30, L_0x25649b0, C4<1>, C4<1>;
v0x255b930_0 .net "a", 0 0, L_0x2564d30;  alias, 1 drivers
v0x255ba00_0 .net "b", 0 0, L_0x25649b0;  alias, 1 drivers
v0x255bad0_0 .net "cout", 0 0, L_0x2564f90;  alias, 1 drivers
v0x255bba0_0 .net "s", 0 0, L_0x2564e50;  alias, 1 drivers
S_0x255c910 .scope module, "a3" "fulladder2" 3 51, 3 33 0, S_0x2559360;
 .timescale -9 -12;
    .port_info 0 /INPUT 1 "cin";
    .port_info 1 /INPUT 2 "a";
    .port_info 2 /INPUT 2 "b";
    .port_info 3 /OUTPUT 2 "s";
    .port_info 4 /OUTPUT 1 "cout";
v0x255f6d0_0 .net "a", 1 0, L_0x25664f0;  1 drivers
v0x255f7d0_0 .net "b", 1 0, L_0x2566590;  1 drivers
v0x255f8b0_0 .net "cin", 0 0, L_0x2565020;  alias, 1 drivers
v0x255f9e0_0 .net "cout", 0 0, L_0x25660f0;  1 drivers
v0x255fab0_0 .net "cout_tmp", 0 0, L_0x2565aa0;  1 drivers
v0x255fb50_0 .net "s", 1 0, L_0x2566450;  1 drivers
L_0x2565b50 .part L_0x25664f0, 0, 1;
L_0x2565c80 .part L_0x2566590, 0, 1;
L_0x25661f0 .part L_0x25664f0, 1, 1;
L_0x2566320 .part L_0x2566590, 1, 1;
L_0x2566450 .concat8 [ 1 1 0 0], L_0x2565770, L_0x2565ed0;
S_0x255cb90 .scope module, "a0" "fulladder" 3 40, 3 20 0, S_0x255c910;
 .timescale -9 -12;
    .port_info 0 /INPUT 1 "cin";
    .port_info 1 /INPUT 1 "a";
    .port_info 2 /INPUT 1 "b";
    .port_info 3 /OUTPUT 1 "s";
    .port_info 4 /OUTPUT 1 "cout";
L_0x2565aa0 .functor OR 1, L_0x2565690, L_0x2565900, C4<0>, C4<0>;
v0x255dac0_0 .net "a", 0 0, L_0x2565b50;  1 drivers
v0x255db80_0 .net "b", 0 0, L_0x2565c80;  1 drivers
v0x255dc50_0 .net "cin", 0 0, L_0x2565020;  alias, 1 drivers
v0x255dd20_0 .net "cout", 0 0, L_0x2565aa0;  alias, 1 drivers
v0x255ddc0_0 .net "cout_tmp1", 0 0, L_0x2565690;  1 drivers
v0x255deb0_0 .net "cout_tmp2", 0 0, L_0x2565900;  1 drivers
v0x255df80_0 .net "s", 0 0, L_0x2565770;  1 drivers
v0x255e050_0 .net "s_tmp", 0 0, L_0x2565560;  1 drivers
S_0x255ce20 .scope module, "h0" "halfadder" 3 27, 3 10 0, S_0x255cb90;
 .timescale -9 -12;
    .port_info 0 /INPUT 1 "a";
    .port_info 1 /INPUT 1 "b";
    .port_info 2 /OUTPUT 1 "s";
    .port_info 3 /OUTPUT 1 "cout";
L_0x2565560 .functor XOR 1, L_0x2565b50, L_0x2565c80, C4<0>, C4<0>;
L_0x2565690 .functor AND 1, L_0x2565b50, L_0x2565c80, C4<1>, C4<1>;
v0x255d0c0_0 .net "a", 0 0, L_0x2565b50;  alias, 1 drivers
v0x255d1a0_0 .net "b", 0 0, L_0x2565c80;  alias, 1 drivers
v0x255d260_0 .net "cout", 0 0, L_0x2565690;  alias, 1 drivers
v0x255d330_0 .net "s", 0 0, L_0x2565560;  alias, 1 drivers
S_0x255d4a0 .scope module, "h1" "halfadder" 3 28, 3 10 0, S_0x255cb90;
 .timescale -9 -12;
    .port_info 0 /INPUT 1 "a";
    .port_info 1 /INPUT 1 "b";
    .port_info 2 /OUTPUT 1 "s";
    .port_info 3 /OUTPUT 1 "cout";
L_0x2565770 .functor XOR 1, L_0x2565560, L_0x2565020, C4<0>, C4<0>;
L_0x2565900 .functor AND 1, L_0x2565560, L_0x2565020, C4<1>, C4<1>;
v0x255d710_0 .net "a", 0 0, L_0x2565560;  alias, 1 drivers
v0x255d7e0_0 .net "b", 0 0, L_0x2565020;  alias, 1 drivers
v0x255d8d0_0 .net "cout", 0 0, L_0x2565900;  alias, 1 drivers
v0x255d970_0 .net "s", 0 0, L_0x2565770;  alias, 1 drivers
S_0x255e140 .scope module, "a1" "fulladder" 3 41, 3 20 0, S_0x255c910;
 .timescale -9 -12;
    .port_info 0 /INPUT 1 "cin";
    .port_info 1 /INPUT 1 "a";
    .port_info 2 /INPUT 1 "b";
    .port_info 3 /OUTPUT 1 "s";
    .port_info 4 /OUTPUT 1 "cout";
L_0x25660f0 .functor OR 1, L_0x2565e40, L_0x2566060, C4<0>, C4<0>;
v0x255f030_0 .net "a", 0 0, L_0x25661f0;  1 drivers
v0x255f0f0_0 .net "b", 0 0, L_0x2566320;  1 drivers
v0x255f1c0_0 .net "cin", 0 0, L_0x2565aa0;  alias, 1 drivers
v0x255f2e0_0 .net "cout", 0 0, L_0x25660f0;  alias, 1 drivers
v0x255f380_0 .net "cout_tmp1", 0 0, L_0x2565e40;  1 drivers
v0x255f470_0 .net "cout_tmp2", 0 0, L_0x2566060;  1 drivers
v0x255f510_0 .net "s", 0 0, L_0x2565ed0;  1 drivers
v0x255f5e0_0 .net "s_tmp", 0 0, L_0x2565db0;  1 drivers
S_0x255e3c0 .scope module, "h0" "halfadder" 3 27, 3 10 0, S_0x255e140;
 .timescale -9 -12;
    .port_info 0 /INPUT 1 "a";
    .port_info 1 /INPUT 1 "b";
    .port_info 2 /OUTPUT 1 "s";
    .port_info 3 /OUTPUT 1 "cout";
L_0x2565db0 .functor XOR 1, L_0x25661f0, L_0x2566320, C4<0>, C4<0>;
L_0x2565e40 .functor AND 1, L_0x25661f0, L_0x2566320, C4<1>, C4<1>;
v0x255e640_0 .net "a", 0 0, L_0x25661f0;  alias, 1 drivers
v0x255e720_0 .net "b", 0 0, L_0x2566320;  alias, 1 drivers
v0x255e7e0_0 .net "cout", 0 0, L_0x2565e40;  alias, 1 drivers
v0x255e8b0_0 .net "s", 0 0, L_0x2565db0;  alias, 1 drivers
S_0x255ea20 .scope module, "h1" "halfadder" 3 28, 3 10 0, S_0x255e140;
 .timescale -9 -12;
    .port_info 0 /INPUT 1 "a";
    .port_info 1 /INPUT 1 "b";
    .port_info 2 /OUTPUT 1 "s";
    .port_info 3 /OUTPUT 1 "cout";
L_0x2565ed0 .functor XOR 1, L_0x2565db0, L_0x2565aa0, C4<0>, C4<0>;
L_0x2566060 .functor AND 1, L_0x2565db0, L_0x2565aa0, C4<1>, C4<1>;
v0x255ec90_0 .net "a", 0 0, L_0x2565db0;  alias, 1 drivers
v0x255ed60_0 .net "b", 0 0, L_0x2565aa0;  alias, 1 drivers
v0x255ee30_0 .net "cout", 0 0, L_0x2566060;  alias, 1 drivers
v0x255ef00_0 .net "s", 0 0, L_0x2565ed0;  alias, 1 drivers
    .scope S_0x252a7e0;
T_1 ;
    %vpi_call 2 52 "$dumpfile", "rca.vcd" {0 0 0};
    %vpi_call 2 53 "$dumpvars" {0 0 0};
    %pushi/vec4 0, 0, 1;
    %store/vec4 v0x2561000_0, 0, 1;
    %pushi/vec4 0, 0, 1;
    %store/vec4 v0x2561780_0, 0, 1;
    %pushi/vec4 0, 0, 32;
    %store/vec4 v0x2561a30_0, 0, 32;
    %pushi/vec4 0, 0, 32;
    %store/vec4 v0x25621c0_0, 0, 32;
    %delay 100000, 0;
    %pushi/vec4 0, 0, 32;
    %store/vec4 v0x25620e0_0, 0, 32;
T_1.0 ;
    %load/vec4 v0x25620e0_0;
    %cmpi/s 3, 0, 32;
    %flag_or 5, 4;
    %jmp/0xz T_1.1, 5;
    %load/vec4 v0x25620e0_0;
    %parti/s 1, 0, 2;
    %store/vec4 v0x2561000_0, 0, 1;
    %load/vec4 v0x25620e0_0;
    %parti/s 1, 1, 2;
    %store/vec4 v0x2561780_0, 0, 1;
    %delay 6000, 0;
    %load/vec4 v0x25621c0_0;
    %addi 2, 0, 32;
    %store/vec4 v0x25621c0_0, 0, 32;
    %load/vec4 v0x25620e0_0;
    %dup/vec4;
    %pushi/vec4 0, 0, 32;
    %cmp/u;
    %jmp/1 T_1.2, 6;
    %dup/vec4;
    %pushi/vec4 3, 0, 32;
    %cmp/u;
    %jmp/1 T_1.3, 6;
    %dup/vec4;
    %pushi/vec4 1, 0, 32;
    %cmp/u;
    %jmp/1 T_1.4, 6;
    %dup/vec4;
    %pushi/vec4 2, 0, 32;
    %cmp/u;
    %jmp/1 T_1.5, 6;
    %jmp T_1.6;
T_1.2 ;
    %load/vec4 v0x25615e0_0;
    %pad/u 32;
    %cmpi/ne 0, 0, 32;
    %jmp/0xz  T_1.7, 6;
    %load/vec4 v0x2561a30_0;
    %cmpi/s 15, 0, 32;
    %jmp/0xz  T_1.9, 5;
    %vpi_call 2 78 "$display", "[halfadder] ERROR: %b + %b should produce sum=0 but was %b instead", v0x2561000_0, v0x2561780_0, v0x25615e0_0 {0 0 0};
T_1.9 ;
    %load/vec4 v0x2561a30_0;
    %addi 1, 0, 32;
    %store/vec4 v0x2561a30_0, 0, 32;
T_1.7 ;
    %jmp T_1.6;
T_1.3 ;
    %load/vec4 v0x25615e0_0;
    %pad/u 32;
    %cmpi/ne 0, 0, 32;
    %jmp/0xz  T_1.11, 6;
    %load/vec4 v0x2561a30_0;
    %cmpi/s 15, 0, 32;
    %jmp/0xz  T_1.13, 5;
    %vpi_call 2 78 "$display", "[halfadder] ERROR: %b + %b should produce sum=0 but was %b instead", v0x2561000_0, v0x2561780_0, v0x25615e0_0 {0 0 0};
T_1.13 ;
    %load/vec4 v0x2561a30_0;
    %addi 1, 0, 32;
    %store/vec4 v0x2561a30_0, 0, 32;
T_1.11 ;
    %jmp T_1.6;
T_1.4 ;
    %load/vec4 v0x25615e0_0;
    %pad/u 32;
    %cmpi/ne 1, 0, 32;
    %jmp/0xz  T_1.15, 6;
    %load/vec4 v0x2561a30_0;
    %cmpi/s 15, 0, 32;
    %jmp/0xz  T_1.17, 5;
    %vpi_call 2 85 "$display", "[halfadder] ERROR: %b + %b should produce sum=1 but was %b instead", v0x2561000_0, v0x2561780_0, v0x25615e0_0 {0 0 0};
T_1.17 ;
    %load/vec4 v0x2561a30_0;
    %addi 1, 0, 32;
    %store/vec4 v0x2561a30_0, 0, 32;
T_1.15 ;
    %jmp T_1.6;
T_1.5 ;
    %load/vec4 v0x25615e0_0;
    %pad/u 32;
    %cmpi/ne 1, 0, 32;
    %jmp/0xz  T_1.19, 6;
    %load/vec4 v0x2561a30_0;
    %cmpi/s 15, 0, 32;
    %jmp/0xz  T_1.21, 5;
    %vpi_call 2 85 "$display", "[halfadder] ERROR: %b + %b should produce sum=1 but was %b instead", v0x2561000_0, v0x2561780_0, v0x25615e0_0 {0 0 0};
T_1.21 ;
    %load/vec4 v0x2561a30_0;
    %addi 1, 0, 32;
    %store/vec4 v0x2561a30_0, 0, 32;
T_1.19 ;
    %jmp T_1.6;
T_1.6 ;
    %pop/vec4 1;
    %load/vec4 v0x25620e0_0;
    %cmpi/s 3, 0, 32;
    %flag_get/vec4 5;
    %pushi/vec4 0, 0, 32;
    %load/vec4 v0x2561540_0;
    %pad/u 32;
    %cmp/ne;
    %flag_get/vec4 6;
    %and;
    %flag_set/vec4 8;
    %jmp/0xz  T_1.23, 8;
    %load/vec4 v0x2561a30_0;
    %cmpi/s 15, 0, 32;
    %jmp/0xz  T_1.25, 5;
    %vpi_call 2 94 "$display", "[halfadder] ERROR: %b + %b should produce cout=0 but was %b instead", v0x2561000_0, v0x2561780_0, v0x2561540_0 {0 0 0};
T_1.25 ;
    %load/vec4 v0x2561a30_0;
    %addi 1, 0, 32;
    %store/vec4 v0x2561a30_0, 0, 32;
T_1.23 ;
    %load/vec4 v0x25620e0_0;
    %pushi/vec4 3, 0, 32;
    %cmp/e;
    %flag_get/vec4 4;
    %pushi/vec4 1, 0, 32;
    %load/vec4 v0x2561540_0;
    %pad/u 32;
    %cmp/ne;
    %flag_get/vec4 6;
    %and;
    %flag_set/vec4 8;
    %jmp/0xz  T_1.27, 8;
    %load/vec4 v0x2561a30_0;
    %cmpi/s 15, 0, 32;
    %jmp/0xz  T_1.29, 5;
    %vpi_call 2 100 "$display", "[halfadder] ERROR: %b + %b should produce cout=1 but was %b instead", v0x2561000_0, v0x2561780_0, v0x2561540_0 {0 0 0};
T_1.29 ;
    %load/vec4 v0x2561a30_0;
    %addi 1, 0, 32;
    %store/vec4 v0x2561a30_0, 0, 32;
T_1.27 ;
    %load/vec4 v0x25620e0_0;
    %addi 1, 0, 32;
    %store/vec4 v0x25620e0_0, 0, 32;
    %jmp T_1.0;
T_1.1 ;
    %pushi/vec4 0, 0, 32;
    %store/vec4 v0x25620e0_0, 0, 32;
T_1.31 ;
    %load/vec4 v0x25620e0_0;
    %cmpi/s 7, 0, 32;
    %flag_or 5, 4;
    %jmp/0xz T_1.32, 5;
    %load/vec4 v0x25620e0_0;
    %parti/s 1, 0, 2;
    %store/vec4 v0x2561000_0, 0, 1;
    %load/vec4 v0x25620e0_0;
    %parti/s 1, 1, 2;
    %store/vec4 v0x2561780_0, 0, 1;
    %load/vec4 v0x25620e0_0;
    %parti/s 1, 2, 3;
    %store/vec4 v0x2561990_0, 0, 1;
    %delay 6000, 0;
    %load/vec4 v0x25621c0_0;
    %addi 2, 0, 32;
    %store/vec4 v0x25621c0_0, 0, 32;
    %load/vec4 v0x2561e80_0;
    %load/vec4 v0x2561380_0;
    %cmp/ne;
    %jmp/0xz  T_1.33, 6;
    %load/vec4 v0x2561a30_0;
    %cmpi/s 15, 0, 32;
    %jmp/0xz  T_1.35, 5;
    %vpi_call 2 120 "$display", "[fulladder] ERROR: %b + %b should produce cout=%b but was %b instead", v0x2561000_0, v0x2561780_0, v0x2561e80_0, v0x2561380_0 {0 0 0};
T_1.35 ;
    %load/vec4 v0x2561a30_0;
    %addi 1, 0, 32;
    %store/vec4 v0x2561a30_0, 0, 32;
T_1.33 ;
    %load/vec4 v0x2561f40_0;
    %load/vec4 v0x2561450_0;
    %cmp/ne;
    %jmp/0xz  T_1.37, 6;
    %load/vec4 v0x2561a30_0;
    %cmpi/s 15, 0, 32;
    %jmp/0xz  T_1.39, 5;
    %vpi_call 2 126 "$display", "[fulladder] ERROR: %b + %b should produce sum=%b but was %b instead", v0x2561000_0, v0x2561780_0, v0x2561f40_0, v0x2561450_0 {0 0 0};
T_1.39 ;
    %load/vec4 v0x2561a30_0;
    %addi 1, 0, 32;
    %store/vec4 v0x2561a30_0, 0, 32;
T_1.37 ;
    %load/vec4 v0x25620e0_0;
    %addi 1, 0, 32;
    %store/vec4 v0x25620e0_0, 0, 32;
    %jmp T_1.31;
T_1.32 ;
    %pushi/vec4 0, 0, 32;
    %store/vec4 v0x25620e0_0, 0, 32;
T_1.41 ;
    %load/vec4 v0x25620e0_0;
    %cmpi/s 31, 0, 32;
    %flag_or 5, 4;
    %jmp/0xz T_1.42, 5;
    %load/vec4 v0x25620e0_0;
    %parti/s 2, 0, 2;
    %store/vec4 v0x25610a0_0, 0, 2;
    %load/vec4 v0x25620e0_0;
    %parti/s 2, 2, 3;
    %store/vec4 v0x2561820_0, 0, 2;
    %load/vec4 v0x25620e0_0;
    %parti/s 1, 4, 4;
    %store/vec4 v0x2561990_0, 0, 1;
    %delay 6000, 0;
    %load/vec4 v0x25621c0_0;
    %addi 2, 0, 32;
    %store/vec4 v0x25621c0_0, 0, 32;
    %load/vec4 v0x2561ad0_0;
    %load/vec4 v0x2561220_0;
    %cmp/ne;
    %jmp/0xz  T_1.43, 6;
    %load/vec4 v0x2561a30_0;
    %cmpi/s 15, 0, 32;
    %jmp/0xz  T_1.45, 5;
    %vpi_call 2 145 "$display", "[fulladder2] ERROR: %b + %b should produce cout=%b but was %b instead", v0x25610a0_0, v0x2561820_0, v0x2561ad0_0, v0x2561220_0 {0 0 0};
T_1.45 ;
    %load/vec4 v0x2561a30_0;
    %addi 1, 0, 32;
    %store/vec4 v0x2561a30_0, 0, 32;
T_1.43 ;
    %load/vec4 v0x2561da0_0;
    %load/vec4 v0x25612c0_0;
    %cmp/ne;
    %jmp/0xz  T_1.47, 6;
    %load/vec4 v0x2561a30_0;
    %cmpi/s 15, 0, 32;
    %jmp/0xz  T_1.49, 5;
    %vpi_call 2 151 "$display", "[fulladder2] ERROR: %b + %b should produce sum=%b but was %b instead", v0x25610a0_0, v0x2561820_0, v0x2561da0_0, v0x25612c0_0 {0 0 0};
T_1.49 ;
    %load/vec4 v0x2561a30_0;
    %addi 1, 0, 32;
    %store/vec4 v0x2561a30_0, 0, 32;
T_1.47 ;
    %load/vec4 v0x25620e0_0;
    %addi 1, 0, 32;
    %store/vec4 v0x25620e0_0, 0, 32;
    %jmp T_1.41;
T_1.42 ;
    %pushi/vec4 0, 0, 32;
    %store/vec4 v0x25620e0_0, 0, 32;
T_1.51 ;
    %load/vec4 v0x25620e0_0;
    %cmpi/s 255, 0, 32;
    %flag_or 5, 4;
    %jmp/0xz T_1.52, 5;
    %load/vec4 v0x25620e0_0;
    %parti/s 4, 0, 2;
    %store/vec4 v0x2561160_0, 0, 4;
    %load/vec4 v0x25620e0_0;
    %parti/s 4, 4, 4;
    %store/vec4 v0x25618f0_0, 0, 4;
    %delay 6000, 0;
    %load/vec4 v0x25621c0_0;
    %addi 1, 0, 32;
    %store/vec4 v0x25621c0_0, 0, 32;
    %load/vec4 v0x2562000_0;
    %pad/u 8;
    %load/vec4 v0x25616b0_0;
    %cmp/ne;
    %jmp/0xz  T_1.53, 6;
    %load/vec4 v0x2561a30_0;
    %cmpi/s 15, 0, 32;
    %jmp/0xz  T_1.55, 5;
    %vpi_call 2 170 "$display", "[rca4] ERROR: %b + %b should produce sum=%b but was %b instead", v0x2561160_0, v0x25618f0_0, v0x2562000_0, v0x25616b0_0 {0 0 0};
T_1.55 ;
    %load/vec4 v0x2561a30_0;
    %addi 1, 0, 32;
    %store/vec4 v0x2561a30_0, 0, 32;
T_1.53 ;
    %load/vec4 v0x25620e0_0;
    %addi 1, 0, 32;
    %store/vec4 v0x25620e0_0, 0, 32;
    %jmp T_1.51;
T_1.52 ;
    %load/vec4 v0x2561a30_0;
    %cmpi/s 15, 0, 32;
    %flag_or 5, 4; GT is !LE
    %flag_inv 5;
    %jmp/0xz  T_1.57, 5;
    %load/vec4 v0x2561a30_0;
    %subi 15, 0, 32;
    %vpi_call 2 177 "$display", "Additional %d errors NOT printed.", S<0,vec4,s32> {1 0 0};
T_1.57 ;
    %vpi_call 2 179 "$display", "Simulation finished: %d test cases %d errors", v0x25621c0_0, v0x2561a30_0 {0 0 0};
    %load/vec4 v0x25621c0_0;
    %store/vec4 v0x2559280_0, 0, 32;
    %load/vec4 v0x25621c0_0;
    %load/vec4 v0x2561a30_0;
    %sub;
    %store/vec4 v0x2559180_0, 0, 32;
    %fork TD_test_adders.printPoints, S_0x2558fa0;
    %join;
    %vpi_call 2 181 "$finish" {0 0 0};
    %end;
    .thread T_1;
# The file index is used to find the file name in the following table.
:file_names 5;
    "N/A";
    "<interactive>";
    "rca_testbench.v";
    "rca.v";
    "./print_points.v";
